{
  error: Error: Function not implemented.
      at diContainerPlugin (/Users/renato/Desktop/Dev/nexus/src/api/index.ts:205:9)
      at Plugin.exec (/Users/renato/Desktop/Dev/nexus/node_modules/avvio/lib/plugin.js:125:28)
      at Boot._loadPlugin (/Users/renato/Desktop/Dev/nexus/node_modules/avvio/boot.js:432:10)
      at processTicksAndRejections (node:internal/process/task_queues:90:21),
  level: 'error',
  message: 'uncaughtException: Function not implemented.\n' +
    'Error: Function not implemented.\n' +
    '    at diContainerPlugin (/Users/renato/Desktop/Dev/nexus/src/api/index.ts:205:9)\n' +
    '    at Plugin.exec (/Users/renato/Desktop/Dev/nexus/node_modules/avvio/lib/plugin.js:125:28)\n' +
    '    at Boot._loadPlugin (/Users/renato/Desktop/Dev/nexus/node_modules/avvio/boot.js:432:10)\n' +
    '    at processTicksAndRejections (node:internal/process/task_queues:90:21)',
  stack: 'Error: Function not implemented.\n' +
    '    at diContainerPlugin (/Users/renato/Desktop/Dev/nexus/src/api/index.ts:205:9)\n' +
    '    at Plugin.exec (/Users/renato/Desktop/Dev/nexus/node_modules/avvio/lib/plugin.js:125:28)\n' +
    '    at Boot._loadPlugin (/Users/renato/Desktop/Dev/nexus/node_modules/avvio/boot.js:432:10)\n' +
    '    at processTicksAndRejections (node:internal/process/task_queues:90:21)',
  exception: true,
  date: 'Sat Nov 15 2025 06:52:24 GMT-0300 (Brasilia Standard Time)',
  process: {
    pid: 3813,
    uid: 501,
    gid: 20,
    cwd: '/Users/renato/Desktop/Dev/nexus',
    execPath: '/opt/homebrew/Cellar/node/24.8.0/bin/node',
    version: 'v24.8.0',
    argv: [ '/opt/homebrew/Cellar/node/24.8.0/bin/node', 'src/server.ts' ],
    memoryUsage: {
      rss: 113180672,
      heapTotal: 58753024,
      heapUsed: 32729344,
      external: 2816786,
      arrayBuffers: 4321543
    }
  },
  os: {
    loadavg: [ 1.904296875, 2.05126953125, 2.380859375 ],
    uptime: 4409
  },
  trace: [
    {
      column: 9,
      file: '/Users/renato/Desktop/Dev/nexus/src/api/index.ts',
      function: 'diContainerPlugin',
      line: 205,
      method: null,
      native: false
    },
    {
      column: 28,
      file: '/Users/renato/Desktop/Dev/nexus/node_modules/avvio/lib/plugin.js',
      function: 'Plugin.exec',
      line: 125,
      method: 'exec',
      native: false
    },
    {
      column: 10,
      file: '/Users/renato/Desktop/Dev/nexus/node_modules/avvio/boot.js',
      function: 'Boot._loadPlugin',
      line: 432,
      method: '_loadPlugin',
      native: false
    },
    {
      column: 21,
      file: 'node:internal/process/task_queues',
      function: 'processTicksAndRejections',
      line: 90,
      method: null,
      native: false
    }
  ],
  timestamp: '2025-11-15T09:52:24.748Z'
}
{
  error: ReferenceError: diContainerPlugin is not defined
      at buildServer (/Users/renato/Desktop/Dev/nexus/src/api/index.ts:53:17)
      at start (/Users/renato/Desktop/Dev/nexus/src/api/index.ts:186:21)
      at Object.<anonymous> (/Users/renato/Desktop/Dev/nexus/src/server.ts:5:8)
      at Module.<anonymous> (node:internal/modules/cjs/loader:1760:14)
      at Module._compile (/Users/renato/Desktop/Dev/nexus/node_modules/source-map-support/source-map-support.js:568:25)
      at Module.m._compile (/private/var/folders/06/twv7wyp55cscq85k5p9tlvym0000gn/T/ts-node-dev-hook-7580432009870126.js:69:33)
      at node:internal/modules/cjs/loader:1893:10
      at require.extensions..jsx.require.extensions..js (/private/var/folders/06/twv7wyp55cscq85k5p9tlvym0000gn/T/ts-node-dev-hook-7580432009870126.js:114:20)
      at require.extensions.<computed> (/private/var/folders/06/twv7wyp55cscq85k5p9tlvym0000gn/T/ts-node-dev-hook-7580432009870126.js:71:20)
      at Object.nodeDevHook [as .ts] (/Users/renato/Desktop/Dev/nexus/node_modules/ts-node-dev/lib/hook.js:63:13),
  level: 'error',
  message: 'uncaughtException: diContainerPlugin is not defined\n' +
    'ReferenceError: diContainerPlugin is not defined\n' +
    '    at buildServer (/Users/renato/Desktop/Dev/nexus/src/api/index.ts:53:17)\n' +
    '    at start (/Users/renato/Desktop/Dev/nexus/src/api/index.ts:186:21)\n' +
    '    at Object.<anonymous> (/Users/renato/Desktop/Dev/nexus/src/server.ts:5:8)\n' +
    '    at Module.<anonymous> (node:internal/modules/cjs/loader:1760:14)\n' +
    '    at Module._compile (/Users/renato/Desktop/Dev/nexus/node_modules/source-map-support/source-map-support.js:568:25)\n' +
    '    at Module.m._compile (/private/var/folders/06/twv7wyp55cscq85k5p9tlvym0000gn/T/ts-node-dev-hook-7580432009870126.js:69:33)\n' +
    '    at node:internal/modules/cjs/loader:1893:10\n' +
    '    at require.extensions..jsx.require.extensions..js (/private/var/folders/06/twv7wyp55cscq85k5p9tlvym0000gn/T/ts-node-dev-hook-7580432009870126.js:114:20)\n' +
    '    at require.extensions.<computed> (/private/var/folders/06/twv7wyp55cscq85k5p9tlvym0000gn/T/ts-node-dev-hook-7580432009870126.js:71:20)\n' +
    '    at Object.nodeDevHook [as .ts] (/Users/renato/Desktop/Dev/nexus/node_modules/ts-node-dev/lib/hook.js:63:13)',
  stack: 'ReferenceError: diContainerPlugin is not defined\n' +
    '    at buildServer (/Users/renato/Desktop/Dev/nexus/src/api/index.ts:53:17)\n' +
    '    at start (/Users/renato/Desktop/Dev/nexus/src/api/index.ts:186:21)\n' +
    '    at Object.<anonymous> (/Users/renato/Desktop/Dev/nexus/src/server.ts:5:8)\n' +
    '    at Module.<anonymous> (node:internal/modules/cjs/loader:1760:14)\n' +
    '    at Module._compile (/Users/renato/Desktop/Dev/nexus/node_modules/source-map-support/source-map-support.js:568:25)\n' +
    '    at Module.m._compile (/private/var/folders/06/twv7wyp55cscq85k5p9tlvym0000gn/T/ts-node-dev-hook-7580432009870126.js:69:33)\n' +
    '    at node:internal/modules/cjs/loader:1893:10\n' +
    '    at require.extensions..jsx.require.extensions..js (/private/var/folders/06/twv7wyp55cscq85k5p9tlvym0000gn/T/ts-node-dev-hook-7580432009870126.js:114:20)\n' +
    '    at require.extensions.<computed> (/private/var/folders/06/twv7wyp55cscq85k5p9tlvym0000gn/T/ts-node-dev-hook-7580432009870126.js:71:20)\n' +
    '    at Object.nodeDevHook [as .ts] (/Users/renato/Desktop/Dev/nexus/node_modules/ts-node-dev/lib/hook.js:63:13)',
  exception: true,
  date: 'Sat Nov 15 2025 06:52:38 GMT-0300 (Brasilia Standard Time)',
  process: {
    pid: 3826,
    uid: 501,
    gid: 20,
    cwd: '/Users/renato/Desktop/Dev/nexus',
    execPath: '/opt/homebrew/Cellar/node/24.8.0/bin/node',
    version: 'v24.8.0',
    argv: [ '/opt/homebrew/Cellar/node/24.8.0/bin/node', 'src/server.ts' ],
    memoryUsage: {
      rss: 115343360,
      heapTotal: 58490880,
      heapUsed: 32024248,
      external: 2816388,
      arrayBuffers: 4321145
    }
  },
  os: {
    loadavg: [ 1.93115234375, 2.04833984375, 2.37353515625 ],
    uptime: 4423
  },
  trace: [
    {
      column: 17,
      file: '/Users/renato/Desktop/Dev/nexus/src/api/index.ts',
      function: 'buildServer',
      line: 53,
      method: null,
      native: false
    },
    {
      column: 21,
      file: '/Users/renato/Desktop/Dev/nexus/src/api/index.ts',
      function: 'start',
      line: 186,
      method: null,
      native: false
    },
    {
      column: 8,
      file: '/Users/renato/Desktop/Dev/nexus/src/server.ts',
      function: null,
      line: 5,
      method: null,
      native: false
    },
    {
      column: 14,
      file: 'node:internal/modules/cjs/loader',
      function: null,
      line: 1760,
      method: null,
      native: false
    },
    {
      column: 25,
      file: '/Users/renato/Desktop/Dev/nexus/node_modules/source-map-support/source-map-support.js',
      function: 'Module._compile',
      line: 568,
      method: '_compile',
      native: false
    },
    {
      column: 33,
      file: '/private/var/folders/06/twv7wyp55cscq85k5p9tlvym0000gn/T/ts-node-dev-hook-7580432009870126.js',
      function: 'Module.m._compile',
      line: 69,
      method: '_compile',
      native: false
    },
    {
      column: 10,
      file: 'node:internal/modules/cjs/loader',
      function: null,
      line: 1893,
      method: null,
      native: false
    },
    {
      column: 20,
      file: '/private/var/folders/06/twv7wyp55cscq85k5p9tlvym0000gn/T/ts-node-dev-hook-7580432009870126.js',
      function: 'require.extensions..jsx.require.extensions..js',
      line: 114,
      method: '.js',
      native: false
    },
    {
      column: 20,
      file: '/private/var/folders/06/twv7wyp55cscq85k5p9tlvym0000gn/T/ts-node-dev-hook-7580432009870126.js',
      function: 'require.extensions.<computed>',
      line: 71,
      method: '<computed>',
      native: false
    },
    {
      column: 13,
      file: '/Users/renato/Desktop/Dev/nexus/node_modules/ts-node-dev/lib/hook.js',
      function: 'Object.nodeDevHook [as .ts]',
      line: 63,
      method: 'ts]',
      native: false
    }
  ],
  timestamp: '2025-11-15T09:52:38.891Z'
}
{
  error: PrismaClientInitializationError: Can't reach database server at `localhost:6432`
  
  Please make sure your database server is running at `localhost:6432`.
      at r (/Users/renato/Desktop/Dev/nexus/node_modules/@prisma/client/src/runtime/core/engines/library/LibraryEngine.ts:440:17)
      at /Users/renato/Desktop/Dev/nexus/src/api/index.ts:65:5 {
    clientVersion: '6.19.0',
    errorCode: 'P1001',
    retryable: undefined
  },
  level: 'error',
  message: "uncaughtException: Can't reach database server at `localhost:6432`\n" +
    '\n' +
    'Please make sure your database server is running at `localhost:6432`.\n' +
    "PrismaClientInitializationError: Can't reach database server at `localhost:6432`\n" +
    '\n' +
    'Please make sure your database server is running at `localhost:6432`.\n' +
    '    at r (/Users/renato/Desktop/Dev/nexus/node_modules/@prisma/client/src/runtime/core/engines/library/LibraryEngine.ts:440:17)\n' +
    '    at /Users/renato/Desktop/Dev/nexus/src/api/index.ts:65:5',
  stack: "PrismaClientInitializationError: Can't reach database server at `localhost:6432`\n" +
    '\n' +
    'Please make sure your database server is running at `localhost:6432`.\n' +
    '    at r (/Users/renato/Desktop/Dev/nexus/node_modules/@prisma/client/src/runtime/core/engines/library/LibraryEngine.ts:440:17)\n' +
    '    at /Users/renato/Desktop/Dev/nexus/src/api/index.ts:65:5',
  exception: true,
  date: 'Sat Nov 15 2025 07:43:09 GMT-0300 (Brasilia Standard Time)',
  process: {
    pid: 4174,
    uid: 501,
    gid: 20,
    cwd: '/Users/renato/Desktop/Dev/nexus',
    execPath: '/opt/homebrew/Cellar/node/24.8.0/bin/node',
    version: 'v24.8.0',
    argv: [ '/opt/homebrew/Cellar/node/24.8.0/bin/node', 'src/server.ts' ],
    memoryUsage: {
      rss: 135905280,
      heapTotal: 62947328,
      heapUsed: 37772032,
      external: 2831947,
      arrayBuffers: 4295979
    }
  },
  os: {
    loadavg: [ 2.044921875, 2.50244140625, 2.3095703125 ],
    uptime: 7454
  },
  trace: [
    {
      column: null,
      file: '`localhost',
      function: null,
      line: 6432,
      method: null,
      native: false
    },
    {
      column: 17,
      file: '/Users/renato/Desktop/Dev/nexus/node_modules/@prisma/client/src/runtime/core/engines/library/LibraryEngine.ts',
      function: 'r',
      line: 440,
      method: null,
      native: false
    },
    {
      column: 5,
      file: '/Users/renato/Desktop/Dev/nexus/src/api/index.ts',
      function: null,
      line: 65,
      method: null,
      native: false
    }
  ],
  timestamp: '2025-11-15T10:43:09.093Z'
}
{
  error: TypeError: whatsapp_controller_1.WppController is not a constructor
      at wppRoutes (/Users/renato/Desktop/Dev/nexus/src/api/routes/wpp.routes.ts:9:25)
      at Plugin.exec (/Users/renato/Desktop/Dev/nexus/node_modules/avvio/lib/plugin.js:125:28)
      at Boot._loadPlugin (/Users/renato/Desktop/Dev/nexus/node_modules/avvio/boot.js:432:10)
      at processTicksAndRejections (node:internal/process/task_queues:90:21),
  level: 'error',
  message: 'uncaughtException: whatsapp_controller_1.WppController is not a constructor\n' +
    'TypeError: whatsapp_controller_1.WppController is not a constructor\n' +
    '    at wppRoutes (/Users/renato/Desktop/Dev/nexus/src/api/routes/wpp.routes.ts:9:25)\n' +
    '    at Plugin.exec (/Users/renato/Desktop/Dev/nexus/node_modules/avvio/lib/plugin.js:125:28)\n' +
    '    at Boot._loadPlugin (/Users/renato/Desktop/Dev/nexus/node_modules/avvio/boot.js:432:10)\n' +
    '    at processTicksAndRejections (node:internal/process/task_queues:90:21)',
  stack: 'TypeError: whatsapp_controller_1.WppController is not a constructor\n' +
    '    at wppRoutes (/Users/renato/Desktop/Dev/nexus/src/api/routes/wpp.routes.ts:9:25)\n' +
    '    at Plugin.exec (/Users/renato/Desktop/Dev/nexus/node_modules/avvio/lib/plugin.js:125:28)\n' +
    '    at Boot._loadPlugin (/Users/renato/Desktop/Dev/nexus/node_modules/avvio/boot.js:432:10)\n' +
    '    at processTicksAndRejections (node:internal/process/task_queues:90:21)',
  exception: true,
  date: 'Sat Nov 15 2025 08:11:06 GMT-0300 (Brasilia Standard Time)',
  process: {
    pid: 5251,
    uid: 501,
    gid: 20,
    cwd: '/Users/renato/Desktop/Dev/nexus',
    execPath: '/opt/homebrew/Cellar/node/24.8.0/bin/node',
    version: 'v24.8.0',
    argv: [ '/opt/homebrew/Cellar/node/24.8.0/bin/node', 'src/server.ts' ],
    memoryUsage: {
      rss: 125435904,
      heapTotal: 57491456,
      heapUsed: 28395088,
      external: 2835199,
      arrayBuffers: 4321418
    }
  },
  os: {
    loadavg: [ 1.42626953125, 2.25537109375, 2.19384765625 ],
    uptime: 9131
  },
  trace: [
    {
      column: 25,
      file: '/Users/renato/Desktop/Dev/nexus/src/api/routes/wpp.routes.ts',
      function: 'wppRoutes',
      line: 9,
      method: null,
      native: false
    },
    {
      column: 28,
      file: '/Users/renato/Desktop/Dev/nexus/node_modules/avvio/lib/plugin.js',
      function: 'Plugin.exec',
      line: 125,
      method: 'exec',
      native: false
    },
    {
      column: 10,
      file: '/Users/renato/Desktop/Dev/nexus/node_modules/avvio/boot.js',
      function: 'Boot._loadPlugin',
      line: 432,
      method: '_loadPlugin',
      native: false
    },
    {
      column: 21,
      file: 'node:internal/process/task_queues',
      function: 'processTicksAndRejections',
      line: 90,
      method: null,
      native: false
    }
  ],
  timestamp: '2025-11-15T11:11:06.435Z'
}
{
  error: Error: ⨯ Unable to compile TypeScript:
  src/core/whatsapp/whatsapp.service.ts(137,39): error TS1003: Identifier expected.
  
      at Object.<anonymous> (/Users/renato/Desktop/Dev/nexus/src/core/whatsapp/whatsapp.service.ts:1:7)
      at Module.<anonymous> (node:internal/modules/cjs/loader:1760:14)
      at Module._compile (/Users/renato/Desktop/Dev/nexus/node_modules/source-map-support/source-map-support.js:568:25)
      at Module.m._compile (/private/var/folders/06/twv7wyp55cscq85k5p9tlvym0000gn/T/ts-node-dev-hook-7228888974081558.js:69:33)
      at node:internal/modules/cjs/loader:1893:10
      at require.extensions..jsx.require.extensions..js (/private/var/folders/06/twv7wyp55cscq85k5p9tlvym0000gn/T/ts-node-dev-hook-7228888974081558.js:114:20)
      at require.extensions.<computed> (/private/var/folders/06/twv7wyp55cscq85k5p9tlvym0000gn/T/ts-node-dev-hook-7228888974081558.js:71:20)
      at Object.nodeDevHook [as .ts] (/Users/renato/Desktop/Dev/nexus/node_modules/ts-node-dev/lib/hook.js:63:13)
      at Module.load (node:internal/modules/cjs/loader:1480:32)
      at Module._load (node:internal/modules/cjs/loader:1299:12),
  level: 'error',
  message: 'uncaughtException: ⨯ Unable to compile TypeScript:\n' +
    'src/core/whatsapp/whatsapp.service.ts(137,39): error TS1003: Identifier expected.\n' +
    '\n' +
    'Error: ⨯ Unable to compile TypeScript:\n' +
    'src/core/whatsapp/whatsapp.service.ts(137,39): error TS1003: Identifier expected.\n' +
    '\n' +
    '    at Object.<anonymous> (/Users/renato/Desktop/Dev/nexus/src/core/whatsapp/whatsapp.service.ts:1:7)\n' +
    '    at Module.<anonymous> (node:internal/modules/cjs/loader:1760:14)\n' +
    '    at Module._compile (/Users/renato/Desktop/Dev/nexus/node_modules/source-map-support/source-map-support.js:568:25)\n' +
    '    at Module.m._compile (/private/var/folders/06/twv7wyp55cscq85k5p9tlvym0000gn/T/ts-node-dev-hook-7228888974081558.js:69:33)\n' +
    '    at node:internal/modules/cjs/loader:1893:10\n' +
    '    at require.extensions..jsx.require.extensions..js (/private/var/folders/06/twv7wyp55cscq85k5p9tlvym0000gn/T/ts-node-dev-hook-7228888974081558.js:114:20)\n' +
    '    at require.extensions.<computed> (/private/var/folders/06/twv7wyp55cscq85k5p9tlvym0000gn/T/ts-node-dev-hook-7228888974081558.js:71:20)\n' +
    '    at Object.nodeDevHook [as .ts] (/Users/renato/Desktop/Dev/nexus/node_modules/ts-node-dev/lib/hook.js:63:13)\n' +
    '    at Module.load (node:internal/modules/cjs/loader:1480:32)\n' +
    '    at Module._load (node:internal/modules/cjs/loader:1299:12)',
  stack: 'Error: ⨯ Unable to compile TypeScript:\n' +
    'src/core/whatsapp/whatsapp.service.ts(137,39): error TS1003: Identifier expected.\n' +
    '\n' +
    '    at Object.<anonymous> (/Users/renato/Desktop/Dev/nexus/src/core/whatsapp/whatsapp.service.ts:1:7)\n' +
    '    at Module.<anonymous> (node:internal/modules/cjs/loader:1760:14)\n' +
    '    at Module._compile (/Users/renato/Desktop/Dev/nexus/node_modules/source-map-support/source-map-support.js:568:25)\n' +
    '    at Module.m._compile (/private/var/folders/06/twv7wyp55cscq85k5p9tlvym0000gn/T/ts-node-dev-hook-7228888974081558.js:69:33)\n' +
    '    at node:internal/modules/cjs/loader:1893:10\n' +
    '    at require.extensions..jsx.require.extensions..js (/private/var/folders/06/twv7wyp55cscq85k5p9tlvym0000gn/T/ts-node-dev-hook-7228888974081558.js:114:20)\n' +
    '    at require.extensions.<computed> (/private/var/folders/06/twv7wyp55cscq85k5p9tlvym0000gn/T/ts-node-dev-hook-7228888974081558.js:71:20)\n' +
    '    at Object.nodeDevHook [as .ts] (/Users/renato/Desktop/Dev/nexus/node_modules/ts-node-dev/lib/hook.js:63:13)\n' +
    '    at Module.load (node:internal/modules/cjs/loader:1480:32)\n' +
    '    at Module._load (node:internal/modules/cjs/loader:1299:12)',
  exception: true,
  date: 'Sat Nov 15 2025 09:52:11 GMT-0300 (Brasilia Standard Time)',
  process: {
    pid: 6680,
    uid: 501,
    gid: 20,
    cwd: '/Users/renato/Desktop/Dev/nexus',
    execPath: '/opt/homebrew/Cellar/node/24.8.0/bin/node',
    version: 'v24.8.0',
    argv: [ '/opt/homebrew/Cellar/node/24.8.0/bin/node', 'src/server.ts' ],
    memoryUsage: {
      rss: 97550336,
      heapTotal: 58490880,
      heapUsed: 31842152,
      external: 2816126,
      arrayBuffers: 123435
    }
  },
  os: {
    loadavg: [ 1.806640625, 1.94384765625, 2.2841796875 ],
    uptime: 15196
  },
  trace: [
    {
      column: 7,
      file: '/Users/renato/Desktop/Dev/nexus/src/core/whatsapp/whatsapp.service.ts',
      function: null,
      line: 1,
      method: null,
      native: false
    },
    {
      column: 14,
      file: 'node:internal/modules/cjs/loader',
      function: null,
      line: 1760,
      method: null,
      native: false
    },
    {
      column: 25,
      file: '/Users/renato/Desktop/Dev/nexus/node_modules/source-map-support/source-map-support.js',
      function: 'Module._compile',
      line: 568,
      method: '_compile',
      native: false
    },
    {
      column: 33,
      file: '/private/var/folders/06/twv7wyp55cscq85k5p9tlvym0000gn/T/ts-node-dev-hook-7228888974081558.js',
      function: 'Module.m._compile',
      line: 69,
      method: '_compile',
      native: false
    },
    {
      column: 10,
      file: 'node:internal/modules/cjs/loader',
      function: null,
      line: 1893,
      method: null,
      native: false
    },
    {
      column: 20,
      file: '/private/var/folders/06/twv7wyp55cscq85k5p9tlvym0000gn/T/ts-node-dev-hook-7228888974081558.js',
      function: 'require.extensions..jsx.require.extensions..js',
      line: 114,
      method: '.js',
      native: false
    },
    {
      column: 20,
      file: '/private/var/folders/06/twv7wyp55cscq85k5p9tlvym0000gn/T/ts-node-dev-hook-7228888974081558.js',
      function: 'require.extensions.<computed>',
      line: 71,
      method: '<computed>',
      native: false
    },
    {
      column: 13,
      file: '/Users/renato/Desktop/Dev/nexus/node_modules/ts-node-dev/lib/hook.js',
      function: 'Object.nodeDevHook [as .ts]',
      line: 63,
      method: 'ts]',
      native: false
    },
    {
      column: 32,
      file: 'node:internal/modules/cjs/loader',
      function: 'Module.load',
      line: 1480,
      method: 'load',
      native: false
    },
    {
      column: 12,
      file: 'node:internal/modules/cjs/loader',
      function: 'Module._load',
      line: 1299,
      method: '_load',
      native: false
    }
  ],
  timestamp: '2025-11-15T12:52:11.781Z'
}
{
  error: Error: ⨯ Unable to compile TypeScript:
  src/core/whatsapp/whatsapp.repository.ts(59,5): error TS1109: Expression expected.
  
      at Object.<anonymous> (/Users/renato/Desktop/Dev/nexus/src/core/whatsapp/whatsapp.repository.ts:1:7)
      at Module.<anonymous> (node:internal/modules/cjs/loader:1760:14)
      at Module._compile (/Users/renato/Desktop/Dev/nexus/node_modules/source-map-support/source-map-support.js:568:25)
      at Module.m._compile (/private/var/folders/06/twv7wyp55cscq85k5p9tlvym0000gn/T/ts-node-dev-hook-7228888974081558.js:69:33)
      at node:internal/modules/cjs/loader:1893:10
      at require.extensions..jsx.require.extensions..js (/private/var/folders/06/twv7wyp55cscq85k5p9tlvym0000gn/T/ts-node-dev-hook-7228888974081558.js:114:20)
      at require.extensions.<computed> (/private/var/folders/06/twv7wyp55cscq85k5p9tlvym0000gn/T/ts-node-dev-hook-7228888974081558.js:71:20)
      at Object.nodeDevHook [as .ts] (/Users/renato/Desktop/Dev/nexus/node_modules/ts-node-dev/lib/hook.js:63:13)
      at Module.load (node:internal/modules/cjs/loader:1480:32)
      at Module._load (node:internal/modules/cjs/loader:1299:12),
  level: 'error',
  message: 'uncaughtException: ⨯ Unable to compile TypeScript:\n' +
    'src/core/whatsapp/whatsapp.repository.ts(59,5): error TS1109: Expression expected.\n' +
    '\n' +
    'Error: ⨯ Unable to compile TypeScript:\n' +
    'src/core/whatsapp/whatsapp.repository.ts(59,5): error TS1109: Expression expected.\n' +
    '\n' +
    '    at Object.<anonymous> (/Users/renato/Desktop/Dev/nexus/src/core/whatsapp/whatsapp.repository.ts:1:7)\n' +
    '    at Module.<anonymous> (node:internal/modules/cjs/loader:1760:14)\n' +
    '    at Module._compile (/Users/renato/Desktop/Dev/nexus/node_modules/source-map-support/source-map-support.js:568:25)\n' +
    '    at Module.m._compile (/private/var/folders/06/twv7wyp55cscq85k5p9tlvym0000gn/T/ts-node-dev-hook-7228888974081558.js:69:33)\n' +
    '    at node:internal/modules/cjs/loader:1893:10\n' +
    '    at require.extensions..jsx.require.extensions..js (/private/var/folders/06/twv7wyp55cscq85k5p9tlvym0000gn/T/ts-node-dev-hook-7228888974081558.js:114:20)\n' +
    '    at require.extensions.<computed> (/private/var/folders/06/twv7wyp55cscq85k5p9tlvym0000gn/T/ts-node-dev-hook-7228888974081558.js:71:20)\n' +
    '    at Object.nodeDevHook [as .ts] (/Users/renato/Desktop/Dev/nexus/node_modules/ts-node-dev/lib/hook.js:63:13)\n' +
    '    at Module.load (node:internal/modules/cjs/loader:1480:32)\n' +
    '    at Module._load (node:internal/modules/cjs/loader:1299:12)',
  stack: 'Error: ⨯ Unable to compile TypeScript:\n' +
    'src/core/whatsapp/whatsapp.repository.ts(59,5): error TS1109: Expression expected.\n' +
    '\n' +
    '    at Object.<anonymous> (/Users/renato/Desktop/Dev/nexus/src/core/whatsapp/whatsapp.repository.ts:1:7)\n' +
    '    at Module.<anonymous> (node:internal/modules/cjs/loader:1760:14)\n' +
    '    at Module._compile (/Users/renato/Desktop/Dev/nexus/node_modules/source-map-support/source-map-support.js:568:25)\n' +
    '    at Module.m._compile (/private/var/folders/06/twv7wyp55cscq85k5p9tlvym0000gn/T/ts-node-dev-hook-7228888974081558.js:69:33)\n' +
    '    at node:internal/modules/cjs/loader:1893:10\n' +
    '    at require.extensions..jsx.require.extensions..js (/private/var/folders/06/twv7wyp55cscq85k5p9tlvym0000gn/T/ts-node-dev-hook-7228888974081558.js:114:20)\n' +
    '    at require.extensions.<computed> (/private/var/folders/06/twv7wyp55cscq85k5p9tlvym0000gn/T/ts-node-dev-hook-7228888974081558.js:71:20)\n' +
    '    at Object.nodeDevHook [as .ts] (/Users/renato/Desktop/Dev/nexus/node_modules/ts-node-dev/lib/hook.js:63:13)\n' +
    '    at Module.load (node:internal/modules/cjs/loader:1480:32)\n' +
    '    at Module._load (node:internal/modules/cjs/loader:1299:12)',
  exception: true,
  date: 'Sat Nov 15 2025 10:04:59 GMT-0300 (Brasilia Standard Time)',
  process: {
    pid: 6837,
    uid: 501,
    gid: 20,
    cwd: '/Users/renato/Desktop/Dev/nexus',
    execPath: '/opt/homebrew/Cellar/node/24.8.0/bin/node',
    version: 'v24.8.0',
    argv: [ '/opt/homebrew/Cellar/node/24.8.0/bin/node', 'src/server.ts' ],
    memoryUsage: {
      rss: 97353728,
      heapTotal: 57704448,
      heapUsed: 32084272,
      external: 2816126,
      arrayBuffers: 123435
    }
  },
  os: {
    loadavg: [ 2.09814453125, 1.93408203125, 2.060546875 ],
    uptime: 15964
  },
  trace: [
    {
      column: 7,
      file: '/Users/renato/Desktop/Dev/nexus/src/core/whatsapp/whatsapp.repository.ts',
      function: null,
      line: 1,
      method: null,
      native: false
    },
    {
      column: 14,
      file: 'node:internal/modules/cjs/loader',
      function: null,
      line: 1760,
      method: null,
      native: false
    },
    {
      column: 25,
      file: '/Users/renato/Desktop/Dev/nexus/node_modules/source-map-support/source-map-support.js',
      function: 'Module._compile',
      line: 568,
      method: '_compile',
      native: false
    },
    {
      column: 33,
      file: '/private/var/folders/06/twv7wyp55cscq85k5p9tlvym0000gn/T/ts-node-dev-hook-7228888974081558.js',
      function: 'Module.m._compile',
      line: 69,
      method: '_compile',
      native: false
    },
    {
      column: 10,
      file: 'node:internal/modules/cjs/loader',
      function: null,
      line: 1893,
      method: null,
      native: false
    },
    {
      column: 20,
      file: '/private/var/folders/06/twv7wyp55cscq85k5p9tlvym0000gn/T/ts-node-dev-hook-7228888974081558.js',
      function: 'require.extensions..jsx.require.extensions..js',
      line: 114,
      method: '.js',
      native: false
    },
    {
      column: 20,
      file: '/private/var/folders/06/twv7wyp55cscq85k5p9tlvym0000gn/T/ts-node-dev-hook-7228888974081558.js',
      function: 'require.extensions.<computed>',
      line: 71,
      method: '<computed>',
      native: false
    },
    {
      column: 13,
      file: '/Users/renato/Desktop/Dev/nexus/node_modules/ts-node-dev/lib/hook.js',
      function: 'Object.nodeDevHook [as .ts]',
      line: 63,
      method: 'ts]',
      native: false
    },
    {
      column: 32,
      file: 'node:internal/modules/cjs/loader',
      function: 'Module.load',
      line: 1480,
      method: 'load',
      native: false
    },
    {
      column: 12,
      file: 'node:internal/modules/cjs/loader',
      function: 'Module._load',
      line: 1299,
      method: '_load',
      native: false
    }
  ],
  timestamp: '2025-11-15T13:04:59.084Z'
}
{
  errno: -54,
  code: 'ECONNRESET',
  syscall: 'read',
  level: 'error',
  message: 'Erro na conexão Redis (redisForWorkers): read ECONNRESET',
  stack: 'Error: read ECONNRESET\n' +
    '    at TCP.onStreamRead (node:internal/stream_base_commons:216:20)',
  timestamp: '2025-11-15T14:08:04.151Z'
}
{
  error: C:\Users\suporte2\Documents\Programacao\Nodejs\nexus\src\core\Auth\auth.services.ts:7
          this.userRepository = await new users_repository_1.UsersRepository();
                                ^^^^^
  
  SyntaxError: await is only valid in async functions and the top level bodies of modules
      at wrapSafe (node:internal/modules/cjs/loader:1692:18)
      at Module.<anonymous> (node:internal/modules/cjs/loader:1735:20)
      at Module._compile (C:\Users\suporte2\Documents\Programacao\Nodejs\nexus\node_modules\source-map-support\source-map-support.js:568:25)
      at Module.m._compile (C:\Users\suporte2\AppData\Local\Temp\ts-node-dev-hook-998971358986919.js:69:33)
      at node:internal/modules/cjs/loader:1893:10
      at require.extensions..jsx.require.extensions..js (C:\Users\suporte2\AppData\Local\Temp\ts-node-dev-hook-998971358986919.js:114:20)
      at require.extensions.<computed> (C:\Users\suporte2\AppData\Local\Temp\ts-node-dev-hook-998971358986919.js:71:20)
      at Object.nodeDevHook [as .ts] (C:\Users\suporte2\Documents\Programacao\Nodejs\nexus\node_modules\ts-node-dev\lib\hook.js:63:13)
      at Module.load (node:internal/modules/cjs/loader:1481:32)
      at Module._load (node:internal/modules/cjs/loader:1300:12),
  level: 'error',
  message: 'uncaughtException: await is only valid in async functions and the top level bodies of modules\n' +
    'C:\\Users\\suporte2\\Documents\\Programacao\\Nodejs\\nexus\\src\\core\\Auth\\auth.services.ts:7\n' +
    '        this.userRepository = await new users_repository_1.UsersRepository();\n' +
    '                              ^^^^^\n' +
    '\n' +
    'SyntaxError: await is only valid in async functions and the top level bodies of modules\n' +
    '    at wrapSafe (node:internal/modules/cjs/loader:1692:18)\n' +
    '    at Module.<anonymous> (node:internal/modules/cjs/loader:1735:20)\n' +
    '    at Module._compile (C:\\Users\\suporte2\\Documents\\Programacao\\Nodejs\\nexus\\node_modules\\source-map-support\\source-map-support.js:568:25)\n' +
    '    at Module.m._compile (C:\\Users\\suporte2\\AppData\\Local\\Temp\\ts-node-dev-hook-998971358986919.js:69:33)\n' +
    '    at node:internal/modules/cjs/loader:1893:10\n' +
    '    at require.extensions..jsx.require.extensions..js (C:\\Users\\suporte2\\AppData\\Local\\Temp\\ts-node-dev-hook-998971358986919.js:114:20)\n' +
    '    at require.extensions.<computed> (C:\\Users\\suporte2\\AppData\\Local\\Temp\\ts-node-dev-hook-998971358986919.js:71:20)\n' +
    '    at Object.nodeDevHook [as .ts] (C:\\Users\\suporte2\\Documents\\Programacao\\Nodejs\\nexus\\node_modules\\ts-node-dev\\lib\\hook.js:63:13)\n' +
    '    at Module.load (node:internal/modules/cjs/loader:1481:32)\n' +
    '    at Module._load (node:internal/modules/cjs/loader:1300:12)',
  stack: 'C:\\Users\\suporte2\\Documents\\Programacao\\Nodejs\\nexus\\src\\core\\Auth\\auth.services.ts:7\n' +
    '        this.userRepository = await new users_repository_1.UsersRepository();\n' +
    '                              ^^^^^\n' +
    '\n' +
    'SyntaxError: await is only valid in async functions and the top level bodies of modules\n' +
    '    at wrapSafe (node:internal/modules/cjs/loader:1692:18)\n' +
    '    at Module.<anonymous> (node:internal/modules/cjs/loader:1735:20)\n' +
    '    at Module._compile (C:\\Users\\suporte2\\Documents\\Programacao\\Nodejs\\nexus\\node_modules\\source-map-support\\source-map-support.js:568:25)\n' +
    '    at Module.m._compile (C:\\Users\\suporte2\\AppData\\Local\\Temp\\ts-node-dev-hook-998971358986919.js:69:33)\n' +
    '    at node:internal/modules/cjs/loader:1893:10\n' +
    '    at require.extensions..jsx.require.extensions..js (C:\\Users\\suporte2\\AppData\\Local\\Temp\\ts-node-dev-hook-998971358986919.js:114:20)\n' +
    '    at require.extensions.<computed> (C:\\Users\\suporte2\\AppData\\Local\\Temp\\ts-node-dev-hook-998971358986919.js:71:20)\n' +
    '    at Object.nodeDevHook [as .ts] (C:\\Users\\suporte2\\Documents\\Programacao\\Nodejs\\nexus\\node_modules\\ts-node-dev\\lib\\hook.js:63:13)\n' +
    '    at Module.load (node:internal/modules/cjs/loader:1481:32)\n' +
    '    at Module._load (node:internal/modules/cjs/loader:1300:12)',
  exception: true,
  date: 'Mon Nov 17 2025 09:26:59 GMT-0300 (Horário Padrão de Brasília)',
  process: {
    pid: 17700,
    uid: null,
    gid: null,
    cwd: 'C:\\Users\\suporte2\\Documents\\Programacao\\Nodejs\\nexus',
    execPath: 'C:\\Users\\suporte2\\Documents\\Programacao\\Nodejs\\nodePortable\\node.exe',
    version: 'v24.11.1',
    argv: [
      'C:\\Users\\suporte2\\Documents\\Programacao\\Nodejs\\nodePortable\\node.exe',
      'src/server.ts'
    ],
    memoryUsage: {
      rss: 119222272,
      heapTotal: 66117632,
      heapUsed: 46190624,
      external: 4384219,
      arrayBuffers: 500930
    }
  },
  os: { loadavg: [ 0, 0, 0 ], uptime: 406311.25 },
  trace: [
    {
      column: 18,
      file: 'node:internal/modules/cjs/loader',
      function: 'wrapSafe',
      line: 1692,
      method: null,
      native: false
    },
    {
      column: 20,
      file: 'node:internal/modules/cjs/loader',
      function: null,
      line: 1735,
      method: null,
      native: false
    },
    {
      column: 25,
      file: 'C:\\Users\\suporte2\\Documents\\Programacao\\Nodejs\\nexus\\node_modules\\source-map-support\\source-map-support.js',
      function: 'Module._compile',
      line: 568,
      method: '_compile',
      native: false
    },
    {
      column: 33,
      file: 'C:\\Users\\suporte2\\AppData\\Local\\Temp\\ts-node-dev-hook-998971358986919.js',
      function: 'Module.m._compile',
      line: 69,
      method: '_compile',
      native: false
    },
    {
      column: 10,
      file: 'node:internal/modules/cjs/loader',
      function: null,
      line: 1893,
      method: null,
      native: false
    },
    {
      column: 20,
      file: 'C:\\Users\\suporte2\\AppData\\Local\\Temp\\ts-node-dev-hook-998971358986919.js',
      function: 'require.extensions..jsx.require.extensions..js',
      line: 114,
      method: '.js',
      native: false
    },
    {
      column: 20,
      file: 'C:\\Users\\suporte2\\AppData\\Local\\Temp\\ts-node-dev-hook-998971358986919.js',
      function: 'require.extensions.<computed>',
      line: 71,
      method: '<computed>',
      native: false
    },
    {
      column: 13,
      file: 'C:\\Users\\suporte2\\Documents\\Programacao\\Nodejs\\nexus\\node_modules\\ts-node-dev\\lib\\hook.js',
      function: 'Object.nodeDevHook [as .ts]',
      line: 63,
      method: 'ts]',
      native: false
    },
    {
      column: 32,
      file: 'node:internal/modules/cjs/loader',
      function: 'Module.load',
      line: 1481,
      method: 'load',
      native: false
    },
    {
      column: 12,
      file: 'node:internal/modules/cjs/loader',
      function: 'Module._load',
      line: 1300,
      method: '_load',
      native: false
    }
  ],
  timestamp: '2025-11-17T12:26:59.819Z'
}
{
  error: Error: ⨯ Unable to compile TypeScript:
  src/core/Auth/auth.services.ts(18,5): error TS1109: Expression expected.
  
      at Object.<anonymous> (C:\Users\suporte2\Documents\Programacao\Nodejs\nexus\src\core\Auth\auth.services.ts:1:7)
      at Module.<anonymous> (node:internal/modules/cjs/loader:1761:14)
      at Module._compile (C:\Users\suporte2\Documents\Programacao\Nodejs\nexus\node_modules\source-map-support\source-map-support.js:568:25)
      at Module.m._compile (C:\Users\suporte2\AppData\Local\Temp\ts-node-dev-hook-998971358986919.js:69:33)
      at node:internal/modules/cjs/loader:1893:10
      at require.extensions..jsx.require.extensions..js (C:\Users\suporte2\AppData\Local\Temp\ts-node-dev-hook-998971358986919.js:114:20)
      at require.extensions.<computed> (C:\Users\suporte2\AppData\Local\Temp\ts-node-dev-hook-998971358986919.js:71:20)
      at Object.nodeDevHook [as .ts] (C:\Users\suporte2\Documents\Programacao\Nodejs\nexus\node_modules\ts-node-dev\lib\hook.js:63:13)
      at Module.load (node:internal/modules/cjs/loader:1481:32)
      at Module._load (node:internal/modules/cjs/loader:1300:12),
  level: 'error',
  message: 'uncaughtException: ⨯ Unable to compile TypeScript:\n' +
    'src/core/Auth/auth.services.ts(18,5): error TS1109: Expression expected.\r\n' +
    '\n' +
    'Error: ⨯ Unable to compile TypeScript:\n' +
    'src/core/Auth/auth.services.ts(18,5): error TS1109: Expression expected.\r\n' +
    '\n' +
    '    at Object.<anonymous> (C:\\Users\\suporte2\\Documents\\Programacao\\Nodejs\\nexus\\src\\core\\Auth\\auth.services.ts:1:7)\n' +
    '    at Module.<anonymous> (node:internal/modules/cjs/loader:1761:14)\n' +
    '    at Module._compile (C:\\Users\\suporte2\\Documents\\Programacao\\Nodejs\\nexus\\node_modules\\source-map-support\\source-map-support.js:568:25)\n' +
    '    at Module.m._compile (C:\\Users\\suporte2\\AppData\\Local\\Temp\\ts-node-dev-hook-998971358986919.js:69:33)\n' +
    '    at node:internal/modules/cjs/loader:1893:10\n' +
    '    at require.extensions..jsx.require.extensions..js (C:\\Users\\suporte2\\AppData\\Local\\Temp\\ts-node-dev-hook-998971358986919.js:114:20)\n' +
    '    at require.extensions.<computed> (C:\\Users\\suporte2\\AppData\\Local\\Temp\\ts-node-dev-hook-998971358986919.js:71:20)\n' +
    '    at Object.nodeDevHook [as .ts] (C:\\Users\\suporte2\\Documents\\Programacao\\Nodejs\\nexus\\node_modules\\ts-node-dev\\lib\\hook.js:63:13)\n' +
    '    at Module.load (node:internal/modules/cjs/loader:1481:32)\n' +
    '    at Module._load (node:internal/modules/cjs/loader:1300:12)',
  stack: 'Error: ⨯ Unable to compile TypeScript:\n' +
    'src/core/Auth/auth.services.ts(18,5): error TS1109: Expression expected.\r\n' +
    '\n' +
    '    at Object.<anonymous> (C:\\Users\\suporte2\\Documents\\Programacao\\Nodejs\\nexus\\src\\core\\Auth\\auth.services.ts:1:7)\n' +
    '    at Module.<anonymous> (node:internal/modules/cjs/loader:1761:14)\n' +
    '    at Module._compile (C:\\Users\\suporte2\\Documents\\Programacao\\Nodejs\\nexus\\node_modules\\source-map-support\\source-map-support.js:568:25)\n' +
    '    at Module.m._compile (C:\\Users\\suporte2\\AppData\\Local\\Temp\\ts-node-dev-hook-998971358986919.js:69:33)\n' +
    '    at node:internal/modules/cjs/loader:1893:10\n' +
    '    at require.extensions..jsx.require.extensions..js (C:\\Users\\suporte2\\AppData\\Local\\Temp\\ts-node-dev-hook-998971358986919.js:114:20)\n' +
    '    at require.extensions.<computed> (C:\\Users\\suporte2\\AppData\\Local\\Temp\\ts-node-dev-hook-998971358986919.js:71:20)\n' +
    '    at Object.nodeDevHook [as .ts] (C:\\Users\\suporte2\\Documents\\Programacao\\Nodejs\\nexus\\node_modules\\ts-node-dev\\lib\\hook.js:63:13)\n' +
    '    at Module.load (node:internal/modules/cjs/loader:1481:32)\n' +
    '    at Module._load (node:internal/modules/cjs/loader:1300:12)',
  exception: true,
  date: 'Mon Nov 17 2025 09:40:23 GMT-0300 (Horário Padrão de Brasília)',
  process: {
    pid: 5040,
    uid: null,
    gid: null,
    cwd: 'C:\\Users\\suporte2\\Documents\\Programacao\\Nodejs\\nexus',
    execPath: 'C:\\Users\\suporte2\\Documents\\Programacao\\Nodejs\\nodePortable\\node.exe',
    version: 'v24.11.1',
    argv: [
      'C:\\Users\\suporte2\\Documents\\Programacao\\Nodejs\\nodePortable\\node.exe',
      'src/server.ts'
    ],
    memoryUsage: {
      rss: 118960128,
      heapTotal: 65855488,
      heapUsed: 46345328,
      external: 4384219,
      arrayBuffers: 500956
    }
  },
  os: { loadavg: [ 0, 0, 0 ], uptime: 407115.203 },
  trace: [
    {
      column: 7,
      file: 'C:\\Users\\suporte2\\Documents\\Programacao\\Nodejs\\nexus\\src\\core\\Auth\\auth.services.ts',
      function: null,
      line: 1,
      method: null,
      native: false
    },
    {
      column: 14,
      file: 'node:internal/modules/cjs/loader',
      function: null,
      line: 1761,
      method: null,
      native: false
    },
    {
      column: 25,
      file: 'C:\\Users\\suporte2\\Documents\\Programacao\\Nodejs\\nexus\\node_modules\\source-map-support\\source-map-support.js',
      function: 'Module._compile',
      line: 568,
      method: '_compile',
      native: false
    },
    {
      column: 33,
      file: 'C:\\Users\\suporte2\\AppData\\Local\\Temp\\ts-node-dev-hook-998971358986919.js',
      function: 'Module.m._compile',
      line: 69,
      method: '_compile',
      native: false
    },
    {
      column: 10,
      file: 'node:internal/modules/cjs/loader',
      function: null,
      line: 1893,
      method: null,
      native: false
    },
    {
      column: 20,
      file: 'C:\\Users\\suporte2\\AppData\\Local\\Temp\\ts-node-dev-hook-998971358986919.js',
      function: 'require.extensions..jsx.require.extensions..js',
      line: 114,
      method: '.js',
      native: false
    },
    {
      column: 20,
      file: 'C:\\Users\\suporte2\\AppData\\Local\\Temp\\ts-node-dev-hook-998971358986919.js',
      function: 'require.extensions.<computed>',
      line: 71,
      method: '<computed>',
      native: false
    },
    {
      column: 13,
      file: 'C:\\Users\\suporte2\\Documents\\Programacao\\Nodejs\\nexus\\node_modules\\ts-node-dev\\lib\\hook.js',
      function: 'Object.nodeDevHook [as .ts]',
      line: 63,
      method: 'ts]',
      native: false
    },
    {
      column: 32,
      file: 'node:internal/modules/cjs/loader',
      function: 'Module.load',
      line: 1481,
      method: 'load',
      native: false
    },
    {
      column: 12,
      file: 'node:internal/modules/cjs/loader',
      function: 'Module._load',
      line: 1300,
      method: '_load',
      native: false
    }
  ],
  timestamp: '2025-11-17T12:40:23.772Z'
}
{
  error: Error: ⨯ Unable to compile TypeScript:
  src/core/Auth/auth.services.ts(18,5): error TS1109: Expression expected.
  
      at Object.<anonymous> (C:\Users\suporte2\Documents\Programacao\Nodejs\nexus\src\core\Auth\auth.services.ts:1:7)
      at Module.<anonymous> (node:internal/modules/cjs/loader:1761:14)
      at Module._compile (C:\Users\suporte2\Documents\Programacao\Nodejs\nexus\node_modules\source-map-support\source-map-support.js:568:25)
      at Module.m._compile (C:\Users\suporte2\AppData\Local\Temp\ts-node-dev-hook-998971358986919.js:69:33)
      at node:internal/modules/cjs/loader:1893:10
      at require.extensions..jsx.require.extensions..js (C:\Users\suporte2\AppData\Local\Temp\ts-node-dev-hook-998971358986919.js:114:20)
      at require.extensions.<computed> (C:\Users\suporte2\AppData\Local\Temp\ts-node-dev-hook-998971358986919.js:71:20)
      at Object.nodeDevHook [as .ts] (C:\Users\suporte2\Documents\Programacao\Nodejs\nexus\node_modules\ts-node-dev\lib\hook.js:63:13)
      at Module.load (node:internal/modules/cjs/loader:1481:32)
      at Module._load (node:internal/modules/cjs/loader:1300:12),
  level: 'error',
  message: 'uncaughtException: ⨯ Unable to compile TypeScript:\n' +
    'src/core/Auth/auth.services.ts(18,5): error TS1109: Expression expected.\r\n' +
    '\n' +
    'Error: ⨯ Unable to compile TypeScript:\n' +
    'src/core/Auth/auth.services.ts(18,5): error TS1109: Expression expected.\r\n' +
    '\n' +
    '    at Object.<anonymous> (C:\\Users\\suporte2\\Documents\\Programacao\\Nodejs\\nexus\\src\\core\\Auth\\auth.services.ts:1:7)\n' +
    '    at Module.<anonymous> (node:internal/modules/cjs/loader:1761:14)\n' +
    '    at Module._compile (C:\\Users\\suporte2\\Documents\\Programacao\\Nodejs\\nexus\\node_modules\\source-map-support\\source-map-support.js:568:25)\n' +
    '    at Module.m._compile (C:\\Users\\suporte2\\AppData\\Local\\Temp\\ts-node-dev-hook-998971358986919.js:69:33)\n' +
    '    at node:internal/modules/cjs/loader:1893:10\n' +
    '    at require.extensions..jsx.require.extensions..js (C:\\Users\\suporte2\\AppData\\Local\\Temp\\ts-node-dev-hook-998971358986919.js:114:20)\n' +
    '    at require.extensions.<computed> (C:\\Users\\suporte2\\AppData\\Local\\Temp\\ts-node-dev-hook-998971358986919.js:71:20)\n' +
    '    at Object.nodeDevHook [as .ts] (C:\\Users\\suporte2\\Documents\\Programacao\\Nodejs\\nexus\\node_modules\\ts-node-dev\\lib\\hook.js:63:13)\n' +
    '    at Module.load (node:internal/modules/cjs/loader:1481:32)\n' +
    '    at Module._load (node:internal/modules/cjs/loader:1300:12)',
  stack: 'Error: ⨯ Unable to compile TypeScript:\n' +
    'src/core/Auth/auth.services.ts(18,5): error TS1109: Expression expected.\r\n' +
    '\n' +
    '    at Object.<anonymous> (C:\\Users\\suporte2\\Documents\\Programacao\\Nodejs\\nexus\\src\\core\\Auth\\auth.services.ts:1:7)\n' +
    '    at Module.<anonymous> (node:internal/modules/cjs/loader:1761:14)\n' +
    '    at Module._compile (C:\\Users\\suporte2\\Documents\\Programacao\\Nodejs\\nexus\\node_modules\\source-map-support\\source-map-support.js:568:25)\n' +
    '    at Module.m._compile (C:\\Users\\suporte2\\AppData\\Local\\Temp\\ts-node-dev-hook-998971358986919.js:69:33)\n' +
    '    at node:internal/modules/cjs/loader:1893:10\n' +
    '    at require.extensions..jsx.require.extensions..js (C:\\Users\\suporte2\\AppData\\Local\\Temp\\ts-node-dev-hook-998971358986919.js:114:20)\n' +
    '    at require.extensions.<computed> (C:\\Users\\suporte2\\AppData\\Local\\Temp\\ts-node-dev-hook-998971358986919.js:71:20)\n' +
    '    at Object.nodeDevHook [as .ts] (C:\\Users\\suporte2\\Documents\\Programacao\\Nodejs\\nexus\\node_modules\\ts-node-dev\\lib\\hook.js:63:13)\n' +
    '    at Module.load (node:internal/modules/cjs/loader:1481:32)\n' +
    '    at Module._load (node:internal/modules/cjs/loader:1300:12)',
  exception: true,
  date: 'Mon Nov 17 2025 09:40:31 GMT-0300 (Horário Padrão de Brasília)',
  process: {
    pid: 7112,
    uid: null,
    gid: null,
    cwd: 'C:\\Users\\suporte2\\Documents\\Programacao\\Nodejs\\nexus',
    execPath: 'C:\\Users\\suporte2\\Documents\\Programacao\\Nodejs\\nodePortable\\node.exe',
    version: 'v24.11.1',
    argv: [
      'C:\\Users\\suporte2\\Documents\\Programacao\\Nodejs\\nodePortable\\node.exe',
      'src/server.ts'
    ],
    memoryUsage: {
      rss: 118972416,
      heapTotal: 66379776,
      heapUsed: 45921448,
      external: 4384219,
      arrayBuffers: 500956
    }
  },
  os: { loadavg: [ 0, 0, 0 ], uptime: 407123.234 },
  trace: [
    {
      column: 7,
      file: 'C:\\Users\\suporte2\\Documents\\Programacao\\Nodejs\\nexus\\src\\core\\Auth\\auth.services.ts',
      function: null,
      line: 1,
      method: null,
      native: false
    },
    {
      column: 14,
      file: 'node:internal/modules/cjs/loader',
      function: null,
      line: 1761,
      method: null,
      native: false
    },
    {
      column: 25,
      file: 'C:\\Users\\suporte2\\Documents\\Programacao\\Nodejs\\nexus\\node_modules\\source-map-support\\source-map-support.js',
      function: 'Module._compile',
      line: 568,
      method: '_compile',
      native: false
    },
    {
      column: 33,
      file: 'C:\\Users\\suporte2\\AppData\\Local\\Temp\\ts-node-dev-hook-998971358986919.js',
      function: 'Module.m._compile',
      line: 69,
      method: '_compile',
      native: false
    },
    {
      column: 10,
      file: 'node:internal/modules/cjs/loader',
      function: null,
      line: 1893,
      method: null,
      native: false
    },
    {
      column: 20,
      file: 'C:\\Users\\suporte2\\AppData\\Local\\Temp\\ts-node-dev-hook-998971358986919.js',
      function: 'require.extensions..jsx.require.extensions..js',
      line: 114,
      method: '.js',
      native: false
    },
    {
      column: 20,
      file: 'C:\\Users\\suporte2\\AppData\\Local\\Temp\\ts-node-dev-hook-998971358986919.js',
      function: 'require.extensions.<computed>',
      line: 71,
      method: '<computed>',
      native: false
    },
    {
      column: 13,
      file: 'C:\\Users\\suporte2\\Documents\\Programacao\\Nodejs\\nexus\\node_modules\\ts-node-dev\\lib\\hook.js',
      function: 'Object.nodeDevHook [as .ts]',
      line: 63,
      method: 'ts]',
      native: false
    },
    {
      column: 32,
      file: 'node:internal/modules/cjs/loader',
      function: 'Module.load',
      line: 1481,
      method: 'load',
      native: false
    },
    {
      column: 12,
      file: 'node:internal/modules/cjs/loader',
      function: 'Module._load',
      line: 1300,
      method: '_load',
      native: false
    }
  ],
  timestamp: '2025-11-17T12:40:31.799Z'
}
{
  error: Error: ⨯ Unable to compile TypeScript:
  src/core/Auth/auth.controller.ts(126,3): error TS1128: Declaration or statement expected.
  
      at Object.<anonymous> (C:\Users\suporte2\Documents\Programacao\Nodejs\nexus\src\core\Auth\auth.controller.ts:1:7)
      at Module.<anonymous> (node:internal/modules/cjs/loader:1761:14)
      at Module._compile (C:\Users\suporte2\Documents\Programacao\Nodejs\nexus\node_modules\source-map-support\source-map-support.js:568:25)
      at Module.m._compile (C:\Users\suporte2\AppData\Local\Temp\ts-node-dev-hook-8310147811249976.js:69:33)
      at node:internal/modules/cjs/loader:1893:10
      at require.extensions..jsx.require.extensions..js (C:\Users\suporte2\AppData\Local\Temp\ts-node-dev-hook-8310147811249976.js:114:20)
      at require.extensions.<computed> (C:\Users\suporte2\AppData\Local\Temp\ts-node-dev-hook-8310147811249976.js:71:20)
      at Object.nodeDevHook [as .ts] (C:\Users\suporte2\Documents\Programacao\Nodejs\nexus\node_modules\ts-node-dev\lib\hook.js:63:13)
      at Module.load (node:internal/modules/cjs/loader:1481:32)
      at Module._load (node:internal/modules/cjs/loader:1300:12),
  level: 'error',
  message: 'uncaughtException: ⨯ Unable to compile TypeScript:\n' +
    'src/core/Auth/auth.controller.ts(126,3): error TS1128: Declaration or statement expected.\r\n' +
    '\n' +
    'Error: ⨯ Unable to compile TypeScript:\n' +
    'src/core/Auth/auth.controller.ts(126,3): error TS1128: Declaration or statement expected.\r\n' +
    '\n' +
    '    at Object.<anonymous> (C:\\Users\\suporte2\\Documents\\Programacao\\Nodejs\\nexus\\src\\core\\Auth\\auth.controller.ts:1:7)\n' +
    '    at Module.<anonymous> (node:internal/modules/cjs/loader:1761:14)\n' +
    '    at Module._compile (C:\\Users\\suporte2\\Documents\\Programacao\\Nodejs\\nexus\\node_modules\\source-map-support\\source-map-support.js:568:25)\n' +
    '    at Module.m._compile (C:\\Users\\suporte2\\AppData\\Local\\Temp\\ts-node-dev-hook-8310147811249976.js:69:33)\n' +
    '    at node:internal/modules/cjs/loader:1893:10\n' +
    '    at require.extensions..jsx.require.extensions..js (C:\\Users\\suporte2\\AppData\\Local\\Temp\\ts-node-dev-hook-8310147811249976.js:114:20)\n' +
    '    at require.extensions.<computed> (C:\\Users\\suporte2\\AppData\\Local\\Temp\\ts-node-dev-hook-8310147811249976.js:71:20)\n' +
    '    at Object.nodeDevHook [as .ts] (C:\\Users\\suporte2\\Documents\\Programacao\\Nodejs\\nexus\\node_modules\\ts-node-dev\\lib\\hook.js:63:13)\n' +
    '    at Module.load (node:internal/modules/cjs/loader:1481:32)\n' +
    '    at Module._load (node:internal/modules/cjs/loader:1300:12)',
  stack: 'Error: ⨯ Unable to compile TypeScript:\n' +
    'src/core/Auth/auth.controller.ts(126,3): error TS1128: Declaration or statement expected.\r\n' +
    '\n' +
    '    at Object.<anonymous> (C:\\Users\\suporte2\\Documents\\Programacao\\Nodejs\\nexus\\src\\core\\Auth\\auth.controller.ts:1:7)\n' +
    '    at Module.<anonymous> (node:internal/modules/cjs/loader:1761:14)\n' +
    '    at Module._compile (C:\\Users\\suporte2\\Documents\\Programacao\\Nodejs\\nexus\\node_modules\\source-map-support\\source-map-support.js:568:25)\n' +
    '    at Module.m._compile (C:\\Users\\suporte2\\AppData\\Local\\Temp\\ts-node-dev-hook-8310147811249976.js:69:33)\n' +
    '    at node:internal/modules/cjs/loader:1893:10\n' +
    '    at require.extensions..jsx.require.extensions..js (C:\\Users\\suporte2\\AppData\\Local\\Temp\\ts-node-dev-hook-8310147811249976.js:114:20)\n' +
    '    at require.extensions.<computed> (C:\\Users\\suporte2\\AppData\\Local\\Temp\\ts-node-dev-hook-8310147811249976.js:71:20)\n' +
    '    at Object.nodeDevHook [as .ts] (C:\\Users\\suporte2\\Documents\\Programacao\\Nodejs\\nexus\\node_modules\\ts-node-dev\\lib\\hook.js:63:13)\n' +
    '    at Module.load (node:internal/modules/cjs/loader:1481:32)\n' +
    '    at Module._load (node:internal/modules/cjs/loader:1300:12)',
  exception: true,
  date: 'Mon Nov 17 2025 11:21:29 GMT-0300 (Horário Padrão de Brasília)',
  process: {
    pid: 21932,
    uid: null,
    gid: null,
    cwd: 'C:\\Users\\suporte2\\Documents\\Programacao\\Nodejs\\nexus',
    execPath: 'C:\\Users\\suporte2\\Documents\\Programacao\\Nodejs\\nodePortable\\node.exe',
    version: 'v24.11.1',
    argv: [
      'C:\\Users\\suporte2\\Documents\\Programacao\\Nodejs\\nodePortable\\node.exe',
      'src/server.ts'
    ],
    memoryUsage: {
      rss: 90132480,
      heapTotal: 54906880,
      heapUsed: 35123280,
      external: 2918431,
      arrayBuffers: 247151
    }
  },
  os: { loadavg: [ 0, 0, 0 ], uptime: 413180.765 },
  trace: [
    {
      column: 7,
      file: 'C:\\Users\\suporte2\\Documents\\Programacao\\Nodejs\\nexus\\src\\core\\Auth\\auth.controller.ts',
      function: null,
      line: 1,
      method: null,
      native: false
    },
    {
      column: 14,
      file: 'node:internal/modules/cjs/loader',
      function: null,
      line: 1761,
      method: null,
      native: false
    },
    {
      column: 25,
      file: 'C:\\Users\\suporte2\\Documents\\Programacao\\Nodejs\\nexus\\node_modules\\source-map-support\\source-map-support.js',
      function: 'Module._compile',
      line: 568,
      method: '_compile',
      native: false
    },
    {
      column: 33,
      file: 'C:\\Users\\suporte2\\AppData\\Local\\Temp\\ts-node-dev-hook-8310147811249976.js',
      function: 'Module.m._compile',
      line: 69,
      method: '_compile',
      native: false
    },
    {
      column: 10,
      file: 'node:internal/modules/cjs/loader',
      function: null,
      line: 1893,
      method: null,
      native: false
    },
    {
      column: 20,
      file: 'C:\\Users\\suporte2\\AppData\\Local\\Temp\\ts-node-dev-hook-8310147811249976.js',
      function: 'require.extensions..jsx.require.extensions..js',
      line: 114,
      method: '.js',
      native: false
    },
    {
      column: 20,
      file: 'C:\\Users\\suporte2\\AppData\\Local\\Temp\\ts-node-dev-hook-8310147811249976.js',
      function: 'require.extensions.<computed>',
      line: 71,
      method: '<computed>',
      native: false
    },
    {
      column: 13,
      file: 'C:\\Users\\suporte2\\Documents\\Programacao\\Nodejs\\nexus\\node_modules\\ts-node-dev\\lib\\hook.js',
      function: 'Object.nodeDevHook [as .ts]',
      line: 63,
      method: 'ts]',
      native: false
    },
    {
      column: 32,
      file: 'node:internal/modules/cjs/loader',
      function: 'Module.load',
      line: 1481,
      method: 'load',
      native: false
    },
    {
      column: 12,
      file: 'node:internal/modules/cjs/loader',
      function: 'Module._load',
      line: 1300,
      method: '_load',
      native: false
    }
  ],
  timestamp: '2025-11-17T14:21:29.381Z'
}
{
  error: Error: ⨯ Unable to compile TypeScript:
  src/core/Auth/auth.services.ts(94,5): error TS1109: Expression expected.
  
      at Object.<anonymous> (C:\Users\suporte2\Documents\Programacao\Nodejs\nexus\src\core\Auth\auth.services.ts:1:7)
      at Module.<anonymous> (node:internal/modules/cjs/loader:1761:14)
      at Module._compile (C:\Users\suporte2\Documents\Programacao\Nodejs\nexus\node_modules\source-map-support\source-map-support.js:568:25)
      at Module.m._compile (C:\Users\suporte2\AppData\Local\Temp\ts-node-dev-hook-8310147811249976.js:69:33)
      at node:internal/modules/cjs/loader:1893:10
      at require.extensions..jsx.require.extensions..js (C:\Users\suporte2\AppData\Local\Temp\ts-node-dev-hook-8310147811249976.js:114:20)
      at require.extensions.<computed> (C:\Users\suporte2\AppData\Local\Temp\ts-node-dev-hook-8310147811249976.js:71:20)
      at Object.nodeDevHook [as .ts] (C:\Users\suporte2\Documents\Programacao\Nodejs\nexus\node_modules\ts-node-dev\lib\hook.js:63:13)
      at Module.load (node:internal/modules/cjs/loader:1481:32)
      at Module._load (node:internal/modules/cjs/loader:1300:12),
  level: 'error',
  message: 'uncaughtException: ⨯ Unable to compile TypeScript:\n' +
    'src/core/Auth/auth.services.ts(94,5): error TS1109: Expression expected.\r\n' +
    '\n' +
    'Error: ⨯ Unable to compile TypeScript:\n' +
    'src/core/Auth/auth.services.ts(94,5): error TS1109: Expression expected.\r\n' +
    '\n' +
    '    at Object.<anonymous> (C:\\Users\\suporte2\\Documents\\Programacao\\Nodejs\\nexus\\src\\core\\Auth\\auth.services.ts:1:7)\n' +
    '    at Module.<anonymous> (node:internal/modules/cjs/loader:1761:14)\n' +
    '    at Module._compile (C:\\Users\\suporte2\\Documents\\Programacao\\Nodejs\\nexus\\node_modules\\source-map-support\\source-map-support.js:568:25)\n' +
    '    at Module.m._compile (C:\\Users\\suporte2\\AppData\\Local\\Temp\\ts-node-dev-hook-8310147811249976.js:69:33)\n' +
    '    at node:internal/modules/cjs/loader:1893:10\n' +
    '    at require.extensions..jsx.require.extensions..js (C:\\Users\\suporte2\\AppData\\Local\\Temp\\ts-node-dev-hook-8310147811249976.js:114:20)\n' +
    '    at require.extensions.<computed> (C:\\Users\\suporte2\\AppData\\Local\\Temp\\ts-node-dev-hook-8310147811249976.js:71:20)\n' +
    '    at Object.nodeDevHook [as .ts] (C:\\Users\\suporte2\\Documents\\Programacao\\Nodejs\\nexus\\node_modules\\ts-node-dev\\lib\\hook.js:63:13)\n' +
    '    at Module.load (node:internal/modules/cjs/loader:1481:32)\n' +
    '    at Module._load (node:internal/modules/cjs/loader:1300:12)',
  stack: 'Error: ⨯ Unable to compile TypeScript:\n' +
    'src/core/Auth/auth.services.ts(94,5): error TS1109: Expression expected.\r\n' +
    '\n' +
    '    at Object.<anonymous> (C:\\Users\\suporte2\\Documents\\Programacao\\Nodejs\\nexus\\src\\core\\Auth\\auth.services.ts:1:7)\n' +
    '    at Module.<anonymous> (node:internal/modules/cjs/loader:1761:14)\n' +
    '    at Module._compile (C:\\Users\\suporte2\\Documents\\Programacao\\Nodejs\\nexus\\node_modules\\source-map-support\\source-map-support.js:568:25)\n' +
    '    at Module.m._compile (C:\\Users\\suporte2\\AppData\\Local\\Temp\\ts-node-dev-hook-8310147811249976.js:69:33)\n' +
    '    at node:internal/modules/cjs/loader:1893:10\n' +
    '    at require.extensions..jsx.require.extensions..js (C:\\Users\\suporte2\\AppData\\Local\\Temp\\ts-node-dev-hook-8310147811249976.js:114:20)\n' +
    '    at require.extensions.<computed> (C:\\Users\\suporte2\\AppData\\Local\\Temp\\ts-node-dev-hook-8310147811249976.js:71:20)\n' +
    '    at Object.nodeDevHook [as .ts] (C:\\Users\\suporte2\\Documents\\Programacao\\Nodejs\\nexus\\node_modules\\ts-node-dev\\lib\\hook.js:63:13)\n' +
    '    at Module.load (node:internal/modules/cjs/loader:1481:32)\n' +
    '    at Module._load (node:internal/modules/cjs/loader:1300:12)',
  exception: true,
  date: 'Mon Nov 17 2025 11:44:42 GMT-0300 (Horário Padrão de Brasília)',
  process: {
    pid: 20816,
    uid: null,
    gid: null,
    cwd: 'C:\\Users\\suporte2\\Documents\\Programacao\\Nodejs\\nexus',
    execPath: 'C:\\Users\\suporte2\\Documents\\Programacao\\Nodejs\\nodePortable\\node.exe',
    version: 'v24.11.1',
    argv: [
      'C:\\Users\\suporte2\\Documents\\Programacao\\Nodejs\\nodePortable\\node.exe',
      'src/server.ts'
    ],
    memoryUsage: {
      rss: 119242752,
      heapTotal: 66379776,
      heapUsed: 46415824,
      external: 4384219,
      arrayBuffers: 501390
    }
  },
  os: { loadavg: [ 0, 0, 0 ], uptime: 414574.187 },
  trace: [
    {
      column: 7,
      file: 'C:\\Users\\suporte2\\Documents\\Programacao\\Nodejs\\nexus\\src\\core\\Auth\\auth.services.ts',
      function: null,
      line: 1,
      method: null,
      native: false
    },
    {
      column: 14,
      file: 'node:internal/modules/cjs/loader',
      function: null,
      line: 1761,
      method: null,
      native: false
    },
    {
      column: 25,
      file: 'C:\\Users\\suporte2\\Documents\\Programacao\\Nodejs\\nexus\\node_modules\\source-map-support\\source-map-support.js',
      function: 'Module._compile',
      line: 568,
      method: '_compile',
      native: false
    },
    {
      column: 33,
      file: 'C:\\Users\\suporte2\\AppData\\Local\\Temp\\ts-node-dev-hook-8310147811249976.js',
      function: 'Module.m._compile',
      line: 69,
      method: '_compile',
      native: false
    },
    {
      column: 10,
      file: 'node:internal/modules/cjs/loader',
      function: null,
      line: 1893,
      method: null,
      native: false
    },
    {
      column: 20,
      file: 'C:\\Users\\suporte2\\AppData\\Local\\Temp\\ts-node-dev-hook-8310147811249976.js',
      function: 'require.extensions..jsx.require.extensions..js',
      line: 114,
      method: '.js',
      native: false
    },
    {
      column: 20,
      file: 'C:\\Users\\suporte2\\AppData\\Local\\Temp\\ts-node-dev-hook-8310147811249976.js',
      function: 'require.extensions.<computed>',
      line: 71,
      method: '<computed>',
      native: false
    },
    {
      column: 13,
      file: 'C:\\Users\\suporte2\\Documents\\Programacao\\Nodejs\\nexus\\node_modules\\ts-node-dev\\lib\\hook.js',
      function: 'Object.nodeDevHook [as .ts]',
      line: 63,
      method: 'ts]',
      native: false
    },
    {
      column: 32,
      file: 'node:internal/modules/cjs/loader',
      function: 'Module.load',
      line: 1481,
      method: 'load',
      native: false
    },
    {
      column: 12,
      file: 'node:internal/modules/cjs/loader',
      function: 'Module._load',
      line: 1300,
      method: '_load',
      native: false
    }
  ],
  timestamp: '2025-11-17T14:44:42.827Z'
}
{
  statusCode: 500,
  level: 'error',
  message: 'Error in updateCanal ERRO_AO_ATUALIZAR_WHATSAPP',
  stack: 'Error: ERRO_AO_ATUALIZAR_WHATSAPP\n' +
    '    at WhatsappService.update (C:\\Users\\suporte2\\Documents\\Programacao\\Nodejs\\nexus\\src\\core\\whatsapp\\whatsapp.service.ts:227:13)\n' +
    '    at Object.<anonymous> (C:\\Users\\suporte2\\Documents\\Programacao\\Nodejs\\nexus\\src\\core\\whatsapp\\whatsapp.controller.ts:76:25)',
  timestamp: '2025-11-17T18:04:21.961Z'
}
{
  error: Error: ⨯ Unable to compile TypeScript:
  src/core/Settings/settings.repository.ts(22,7): error TS1003: Identifier expected.
  
      at Object.<anonymous> (C:\Users\suporte2\Documents\Programacao\Nodejs\nexus\src\core\Settings\settings.repository.ts:1:7)
      at Module.<anonymous> (node:internal/modules/cjs/loader:1761:14)
      at Module._compile (C:\Users\suporte2\Documents\Programacao\Nodejs\nexus\node_modules\source-map-support\source-map-support.js:568:25)
      at Module.m._compile (C:\Users\suporte2\AppData\Local\Temp\ts-node-dev-hook-860611076704011.js:69:33)
      at node:internal/modules/cjs/loader:1893:10
      at require.extensions..jsx.require.extensions..js (C:\Users\suporte2\AppData\Local\Temp\ts-node-dev-hook-860611076704011.js:114:20)
      at require.extensions.<computed> (C:\Users\suporte2\AppData\Local\Temp\ts-node-dev-hook-860611076704011.js:71:20)
      at Object.nodeDevHook [as .ts] (C:\Users\suporte2\Documents\Programacao\Nodejs\nexus\node_modules\ts-node-dev\lib\hook.js:63:13)
      at Module.load (node:internal/modules/cjs/loader:1481:32)
      at Module._load (node:internal/modules/cjs/loader:1300:12),
  level: 'error',
  message: 'uncaughtException: ⨯ Unable to compile TypeScript:\n' +
    'src/core/Settings/settings.repository.ts(22,7): error TS1003: Identifier expected.\r\n' +
    '\n' +
    'Error: ⨯ Unable to compile TypeScript:\n' +
    'src/core/Settings/settings.repository.ts(22,7): error TS1003: Identifier expected.\r\n' +
    '\n' +
    '    at Object.<anonymous> (C:\\Users\\suporte2\\Documents\\Programacao\\Nodejs\\nexus\\src\\core\\Settings\\settings.repository.ts:1:7)\n' +
    '    at Module.<anonymous> (node:internal/modules/cjs/loader:1761:14)\n' +
    '    at Module._compile (C:\\Users\\suporte2\\Documents\\Programacao\\Nodejs\\nexus\\node_modules\\source-map-support\\source-map-support.js:568:25)\n' +
    '    at Module.m._compile (C:\\Users\\suporte2\\AppData\\Local\\Temp\\ts-node-dev-hook-860611076704011.js:69:33)\n' +
    '    at node:internal/modules/cjs/loader:1893:10\n' +
    '    at require.extensions..jsx.require.extensions..js (C:\\Users\\suporte2\\AppData\\Local\\Temp\\ts-node-dev-hook-860611076704011.js:114:20)\n' +
    '    at require.extensions.<computed> (C:\\Users\\suporte2\\AppData\\Local\\Temp\\ts-node-dev-hook-860611076704011.js:71:20)\n' +
    '    at Object.nodeDevHook [as .ts] (C:\\Users\\suporte2\\Documents\\Programacao\\Nodejs\\nexus\\node_modules\\ts-node-dev\\lib\\hook.js:63:13)\n' +
    '    at Module.load (node:internal/modules/cjs/loader:1481:32)\n' +
    '    at Module._load (node:internal/modules/cjs/loader:1300:12)',
  stack: 'Error: ⨯ Unable to compile TypeScript:\n' +
    'src/core/Settings/settings.repository.ts(22,7): error TS1003: Identifier expected.\r\n' +
    '\n' +
    '    at Object.<anonymous> (C:\\Users\\suporte2\\Documents\\Programacao\\Nodejs\\nexus\\src\\core\\Settings\\settings.repository.ts:1:7)\n' +
    '    at Module.<anonymous> (node:internal/modules/cjs/loader:1761:14)\n' +
    '    at Module._compile (C:\\Users\\suporte2\\Documents\\Programacao\\Nodejs\\nexus\\node_modules\\source-map-support\\source-map-support.js:568:25)\n' +
    '    at Module.m._compile (C:\\Users\\suporte2\\AppData\\Local\\Temp\\ts-node-dev-hook-860611076704011.js:69:33)\n' +
    '    at node:internal/modules/cjs/loader:1893:10\n' +
    '    at require.extensions..jsx.require.extensions..js (C:\\Users\\suporte2\\AppData\\Local\\Temp\\ts-node-dev-hook-860611076704011.js:114:20)\n' +
    '    at require.extensions.<computed> (C:\\Users\\suporte2\\AppData\\Local\\Temp\\ts-node-dev-hook-860611076704011.js:71:20)\n' +
    '    at Object.nodeDevHook [as .ts] (C:\\Users\\suporte2\\Documents\\Programacao\\Nodejs\\nexus\\node_modules\\ts-node-dev\\lib\\hook.js:63:13)\n' +
    '    at Module.load (node:internal/modules/cjs/loader:1481:32)\n' +
    '    at Module._load (node:internal/modules/cjs/loader:1300:12)',
  exception: true,
  date: 'Mon Nov 17 2025 15:39:00 GMT-0300 (Horário Padrão de Brasília)',
  process: {
    pid: 20584,
    uid: null,
    gid: null,
    cwd: 'C:\\Users\\suporte2\\Documents\\Programacao\\Nodejs\\nexus',
    execPath: 'C:\\Users\\suporte2\\Documents\\Programacao\\Nodejs\\nodePortable\\node.exe',
    version: 'v24.11.1',
    argv: [
      'C:\\Users\\suporte2\\Documents\\Programacao\\Nodejs\\nodePortable\\node.exe',
      'src/server.ts'
    ],
    memoryUsage: {
      rss: 119259136,
      heapTotal: 66117632,
      heapUsed: 46711616,
      external: 4439029,
      arrayBuffers: 503747
    }
  },
  os: { loadavg: [ 0, 0, 0 ], uptime: 428631.781 },
  trace: [
    {
      column: 7,
      file: 'C:\\Users\\suporte2\\Documents\\Programacao\\Nodejs\\nexus\\src\\core\\Settings\\settings.repository.ts',
      function: null,
      line: 1,
      method: null,
      native: false
    },
    {
      column: 14,
      file: 'node:internal/modules/cjs/loader',
      function: null,
      line: 1761,
      method: null,
      native: false
    },
    {
      column: 25,
      file: 'C:\\Users\\suporte2\\Documents\\Programacao\\Nodejs\\nexus\\node_modules\\source-map-support\\source-map-support.js',
      function: 'Module._compile',
      line: 568,
      method: '_compile',
      native: false
    },
    {
      column: 33,
      file: 'C:\\Users\\suporte2\\AppData\\Local\\Temp\\ts-node-dev-hook-860611076704011.js',
      function: 'Module.m._compile',
      line: 69,
      method: '_compile',
      native: false
    },
    {
      column: 10,
      file: 'node:internal/modules/cjs/loader',
      function: null,
      line: 1893,
      method: null,
      native: false
    },
    {
      column: 20,
      file: 'C:\\Users\\suporte2\\AppData\\Local\\Temp\\ts-node-dev-hook-860611076704011.js',
      function: 'require.extensions..jsx.require.extensions..js',
      line: 114,
      method: '.js',
      native: false
    },
    {
      column: 20,
      file: 'C:\\Users\\suporte2\\AppData\\Local\\Temp\\ts-node-dev-hook-860611076704011.js',
      function: 'require.extensions.<computed>',
      line: 71,
      method: '<computed>',
      native: false
    },
    {
      column: 13,
      file: 'C:\\Users\\suporte2\\Documents\\Programacao\\Nodejs\\nexus\\node_modules\\ts-node-dev\\lib\\hook.js',
      function: 'Object.nodeDevHook [as .ts]',
      line: 63,
      method: 'ts]',
      native: false
    },
    {
      column: 32,
      file: 'node:internal/modules/cjs/loader',
      function: 'Module.load',
      line: 1481,
      method: 'load',
      native: false
    },
    {
      column: 12,
      file: 'node:internal/modules/cjs/loader',
      function: 'Module._load',
      line: 1300,
      method: '_load',
      native: false
    }
  ],
  timestamp: '2025-11-17T18:39:00.529Z'
}
{
  error: Error: ⨯ Unable to compile TypeScript:
  src/core/Empresa/empresa.controller.ts(46,34): error TS1005: ')' expected.
  src/core/Empresa/empresa.controller.ts(46,35): error TS1128: Declaration or statement expected.
  src/core/Empresa/empresa.controller.ts(48,9): error TS1128: Declaration or statement expected.
  src/core/Empresa/empresa.controller.ts(56,9): error TS1005: 'try' expected.
  src/core/Empresa/empresa.controller.ts(59,5): error TS1128: Declaration or statement expected.
  src/core/Empresa/empresa.controller.ts(60,3): error TS1128: Declaration or statement expected.
  src/core/Empresa/empresa.controller.ts(61,1): error TS1128: Declaration or statement expected.
  
      at Object.<anonymous> (C:\Users\suporte2\Documents\Programacao\Nodejs\nexus\src\core\Empresa\empresa.controller.ts:1:7)
      at Module.<anonymous> (node:internal/modules/cjs/loader:1761:14)
      at Module._compile (C:\Users\suporte2\Documents\Programacao\Nodejs\nexus\node_modules\source-map-support\source-map-support.js:568:25)
      at Module.m._compile (C:\Users\suporte2\AppData\Local\Temp\ts-node-dev-hook-856969736380464.js:69:33)
      at node:internal/modules/cjs/loader:1893:10
      at require.extensions..jsx.require.extensions..js (C:\Users\suporte2\AppData\Local\Temp\ts-node-dev-hook-856969736380464.js:114:20)
      at require.extensions.<computed> (C:\Users\suporte2\AppData\Local\Temp\ts-node-dev-hook-856969736380464.js:71:20)
      at Object.nodeDevHook [as .ts] (C:\Users\suporte2\Documents\Programacao\Nodejs\nexus\node_modules\ts-node-dev\lib\hook.js:63:13)
      at Module.load (node:internal/modules/cjs/loader:1481:32)
      at Module._load (node:internal/modules/cjs/loader:1300:12),
  level: 'error',
  message: 'uncaughtException: ⨯ Unable to compile TypeScript:\n' +
    "src/core/Empresa/empresa.controller.ts(46,34): error TS1005: ')' expected.\r\n" +
    'src/core/Empresa/empresa.controller.ts(46,35): error TS1128: Declaration or statement expected.\r\n' +
    'src/core/Empresa/empresa.controller.ts(48,9): error TS1128: Declaration or statement expected.\r\n' +
    "src/core/Empresa/empresa.controller.ts(56,9): error TS1005: 'try' expected.\r\n" +
    'src/core/Empresa/empresa.controller.ts(59,5): error TS1128: Declaration or statement expected.\r\n' +
    'src/core/Empresa/empresa.controller.ts(60,3): error TS1128: Declaration or statement expected.\r\n' +
    'src/core/Empresa/empresa.controller.ts(61,1): error TS1128: Declaration or statement expected.\r\n' +
    '\n' +
    'Error: ⨯ Unable to compile TypeScript:\n' +
    "src/core/Empresa/empresa.controller.ts(46,34): error TS1005: ')' expected.\r\n" +
    'src/core/Empresa/empresa.controller.ts(46,35): error TS1128: Declaration or statement expected.\r\n' +
    'src/core/Empresa/empresa.controller.ts(48,9): error TS1128: Declaration or statement expected.\r\n' +
    "src/core/Empresa/empresa.controller.ts(56,9): error TS1005: 'try' expected.\r\n" +
    'src/core/Empresa/empresa.controller.ts(59,5): error TS1128: Declaration or statement expected.\r\n' +
    'src/core/Empresa/empresa.controller.ts(60,3): error TS1128: Declaration or statement expected.\r\n' +
    'src/core/Empresa/empresa.controller.ts(61,1): error TS1128: Declaration or statement expected.\r\n' +
    '\n' +
    '    at Object.<anonymous> (C:\\Users\\suporte2\\Documents\\Programacao\\Nodejs\\nexus\\src\\core\\Empresa\\empresa.controller.ts:1:7)\n' +
    '    at Module.<anonymous> (node:internal/modules/cjs/loader:1761:14)\n' +
    '    at Module._compile (C:\\Users\\suporte2\\Documents\\Programacao\\Nodejs\\nexus\\node_modules\\source-map-support\\source-map-support.js:568:25)\n' +
    '    at Module.m._compile (C:\\Users\\suporte2\\AppData\\Local\\Temp\\ts-node-dev-hook-856969736380464.js:69:33)\n' +
    '    at node:internal/modules/cjs/loader:1893:10\n' +
    '    at require.extensions..jsx.require.extensions..js (C:\\Users\\suporte2\\AppData\\Local\\Temp\\ts-node-dev-hook-856969736380464.js:114:20)\n' +
    '    at require.extensions.<computed> (C:\\Users\\suporte2\\AppData\\Local\\Temp\\ts-node-dev-hook-856969736380464.js:71:20)\n' +
    '    at Object.nodeDevHook [as .ts] (C:\\Users\\suporte2\\Documents\\Programacao\\Nodejs\\nexus\\node_modules\\ts-node-dev\\lib\\hook.js:63:13)\n' +
    '    at Module.load (node:internal/modules/cjs/loader:1481:32)\n' +
    '    at Module._load (node:internal/modules/cjs/loader:1300:12)',
  stack: 'Error: ⨯ Unable to compile TypeScript:\n' +
    "src/core/Empresa/empresa.controller.ts(46,34): error TS1005: ')' expected.\r\n" +
    'src/core/Empresa/empresa.controller.ts(46,35): error TS1128: Declaration or statement expected.\r\n' +
    'src/core/Empresa/empresa.controller.ts(48,9): error TS1128: Declaration or statement expected.\r\n' +
    "src/core/Empresa/empresa.controller.ts(56,9): error TS1005: 'try' expected.\r\n" +
    'src/core/Empresa/empresa.controller.ts(59,5): error TS1128: Declaration or statement expected.\r\n' +
    'src/core/Empresa/empresa.controller.ts(60,3): error TS1128: Declaration or statement expected.\r\n' +
    'src/core/Empresa/empresa.controller.ts(61,1): error TS1128: Declaration or statement expected.\r\n' +
    '\n' +
    '    at Object.<anonymous> (C:\\Users\\suporte2\\Documents\\Programacao\\Nodejs\\nexus\\src\\core\\Empresa\\empresa.controller.ts:1:7)\n' +
    '    at Module.<anonymous> (node:internal/modules/cjs/loader:1761:14)\n' +
    '    at Module._compile (C:\\Users\\suporte2\\Documents\\Programacao\\Nodejs\\nexus\\node_modules\\source-map-support\\source-map-support.js:568:25)\n' +
    '    at Module.m._compile (C:\\Users\\suporte2\\AppData\\Local\\Temp\\ts-node-dev-hook-856969736380464.js:69:33)\n' +
    '    at node:internal/modules/cjs/loader:1893:10\n' +
    '    at require.extensions..jsx.require.extensions..js (C:\\Users\\suporte2\\AppData\\Local\\Temp\\ts-node-dev-hook-856969736380464.js:114:20)\n' +
    '    at require.extensions.<computed> (C:\\Users\\suporte2\\AppData\\Local\\Temp\\ts-node-dev-hook-856969736380464.js:71:20)\n' +
    '    at Object.nodeDevHook [as .ts] (C:\\Users\\suporte2\\Documents\\Programacao\\Nodejs\\nexus\\node_modules\\ts-node-dev\\lib\\hook.js:63:13)\n' +
    '    at Module.load (node:internal/modules/cjs/loader:1481:32)\n' +
    '    at Module._load (node:internal/modules/cjs/loader:1300:12)',
  exception: true,
  date: 'Tue Nov 18 2025 10:10:34 GMT-0300 (Horário Padrão de Brasília)',
  process: {
    pid: 14580,
    uid: null,
    gid: null,
    cwd: 'C:\\Users\\suporte2\\Documents\\Programacao\\Nodejs\\nexus',
    execPath: 'C:\\Users\\suporte2\\Documents\\Programacao\\Nodejs\\nodePortable\\node.exe',
    version: 'v24.11.1',
    argv: [
      'C:\\Users\\suporte2\\Documents\\Programacao\\Nodejs\\nodePortable\\node.exe',
      'src/server.ts'
    ],
    memoryUsage: {
      rss: 91414528,
      heapTotal: 55169024,
      heapUsed: 35634128,
      external: 2918431,
      arrayBuffers: 253769
    }
  },
  os: { loadavg: [ 0, 0, 0 ], uptime: 495325.968 },
  trace: [
    {
      column: 7,
      file: 'C:\\Users\\suporte2\\Documents\\Programacao\\Nodejs\\nexus\\src\\core\\Empresa\\empresa.controller.ts',
      function: null,
      line: 1,
      method: null,
      native: false
    },
    {
      column: 14,
      file: 'node:internal/modules/cjs/loader',
      function: null,
      line: 1761,
      method: null,
      native: false
    },
    {
      column: 25,
      file: 'C:\\Users\\suporte2\\Documents\\Programacao\\Nodejs\\nexus\\node_modules\\source-map-support\\source-map-support.js',
      function: 'Module._compile',
      line: 568,
      method: '_compile',
      native: false
    },
    {
      column: 33,
      file: 'C:\\Users\\suporte2\\AppData\\Local\\Temp\\ts-node-dev-hook-856969736380464.js',
      function: 'Module.m._compile',
      line: 69,
      method: '_compile',
      native: false
    },
    {
      column: 10,
      file: 'node:internal/modules/cjs/loader',
      function: null,
      line: 1893,
      method: null,
      native: false
    },
    {
      column: 20,
      file: 'C:\\Users\\suporte2\\AppData\\Local\\Temp\\ts-node-dev-hook-856969736380464.js',
      function: 'require.extensions..jsx.require.extensions..js',
      line: 114,
      method: '.js',
      native: false
    },
    {
      column: 20,
      file: 'C:\\Users\\suporte2\\AppData\\Local\\Temp\\ts-node-dev-hook-856969736380464.js',
      function: 'require.extensions.<computed>',
      line: 71,
      method: '<computed>',
      native: false
    },
    {
      column: 13,
      file: 'C:\\Users\\suporte2\\Documents\\Programacao\\Nodejs\\nexus\\node_modules\\ts-node-dev\\lib\\hook.js',
      function: 'Object.nodeDevHook [as .ts]',
      line: 63,
      method: 'ts]',
      native: false
    },
    {
      column: 32,
      file: 'node:internal/modules/cjs/loader',
      function: 'Module.load',
      line: 1481,
      method: 'load',
      native: false
    },
    {
      column: 12,
      file: 'node:internal/modules/cjs/loader',
      function: 'Module._load',
      line: 1300,
      method: '_load',
      native: false
    }
  ],
  timestamp: '2025-11-18T13:10:34.249Z'
}
{
  error: Error: ⨯ Unable to compile TypeScript:
  src/core/Empresa/empresa.controller.ts(48,9): error TS1128: Declaration or statement expected.
  
      at Object.<anonymous> (C:\Users\suporte2\Documents\Programacao\Nodejs\nexus\src\core\Empresa\empresa.controller.ts:1:7)
      at Module.<anonymous> (node:internal/modules/cjs/loader:1761:14)
      at Module._compile (C:\Users\suporte2\Documents\Programacao\Nodejs\nexus\node_modules\source-map-support\source-map-support.js:568:25)
      at Module.m._compile (C:\Users\suporte2\AppData\Local\Temp\ts-node-dev-hook-856969736380464.js:69:33)
      at node:internal/modules/cjs/loader:1893:10
      at require.extensions..jsx.require.extensions..js (C:\Users\suporte2\AppData\Local\Temp\ts-node-dev-hook-856969736380464.js:114:20)
      at require.extensions.<computed> (C:\Users\suporte2\AppData\Local\Temp\ts-node-dev-hook-856969736380464.js:71:20)
      at Object.nodeDevHook [as .ts] (C:\Users\suporte2\Documents\Programacao\Nodejs\nexus\node_modules\ts-node-dev\lib\hook.js:63:13)
      at Module.load (node:internal/modules/cjs/loader:1481:32)
      at Module._load (node:internal/modules/cjs/loader:1300:12),
  level: 'error',
  message: 'uncaughtException: ⨯ Unable to compile TypeScript:\n' +
    'src/core/Empresa/empresa.controller.ts(48,9): error TS1128: Declaration or statement expected.\r\n' +
    '\n' +
    'Error: ⨯ Unable to compile TypeScript:\n' +
    'src/core/Empresa/empresa.controller.ts(48,9): error TS1128: Declaration or statement expected.\r\n' +
    '\n' +
    '    at Object.<anonymous> (C:\\Users\\suporte2\\Documents\\Programacao\\Nodejs\\nexus\\src\\core\\Empresa\\empresa.controller.ts:1:7)\n' +
    '    at Module.<anonymous> (node:internal/modules/cjs/loader:1761:14)\n' +
    '    at Module._compile (C:\\Users\\suporte2\\Documents\\Programacao\\Nodejs\\nexus\\node_modules\\source-map-support\\source-map-support.js:568:25)\n' +
    '    at Module.m._compile (C:\\Users\\suporte2\\AppData\\Local\\Temp\\ts-node-dev-hook-856969736380464.js:69:33)\n' +
    '    at node:internal/modules/cjs/loader:1893:10\n' +
    '    at require.extensions..jsx.require.extensions..js (C:\\Users\\suporte2\\AppData\\Local\\Temp\\ts-node-dev-hook-856969736380464.js:114:20)\n' +
    '    at require.extensions.<computed> (C:\\Users\\suporte2\\AppData\\Local\\Temp\\ts-node-dev-hook-856969736380464.js:71:20)\n' +
    '    at Object.nodeDevHook [as .ts] (C:\\Users\\suporte2\\Documents\\Programacao\\Nodejs\\nexus\\node_modules\\ts-node-dev\\lib\\hook.js:63:13)\n' +
    '    at Module.load (node:internal/modules/cjs/loader:1481:32)\n' +
    '    at Module._load (node:internal/modules/cjs/loader:1300:12)',
  stack: 'Error: ⨯ Unable to compile TypeScript:\n' +
    'src/core/Empresa/empresa.controller.ts(48,9): error TS1128: Declaration or statement expected.\r\n' +
    '\n' +
    '    at Object.<anonymous> (C:\\Users\\suporte2\\Documents\\Programacao\\Nodejs\\nexus\\src\\core\\Empresa\\empresa.controller.ts:1:7)\n' +
    '    at Module.<anonymous> (node:internal/modules/cjs/loader:1761:14)\n' +
    '    at Module._compile (C:\\Users\\suporte2\\Documents\\Programacao\\Nodejs\\nexus\\node_modules\\source-map-support\\source-map-support.js:568:25)\n' +
    '    at Module.m._compile (C:\\Users\\suporte2\\AppData\\Local\\Temp\\ts-node-dev-hook-856969736380464.js:69:33)\n' +
    '    at node:internal/modules/cjs/loader:1893:10\n' +
    '    at require.extensions..jsx.require.extensions..js (C:\\Users\\suporte2\\AppData\\Local\\Temp\\ts-node-dev-hook-856969736380464.js:114:20)\n' +
    '    at require.extensions.<computed> (C:\\Users\\suporte2\\AppData\\Local\\Temp\\ts-node-dev-hook-856969736380464.js:71:20)\n' +
    '    at Object.nodeDevHook [as .ts] (C:\\Users\\suporte2\\Documents\\Programacao\\Nodejs\\nexus\\node_modules\\ts-node-dev\\lib\\hook.js:63:13)\n' +
    '    at Module.load (node:internal/modules/cjs/loader:1481:32)\n' +
    '    at Module._load (node:internal/modules/cjs/loader:1300:12)',
  exception: true,
  date: 'Tue Nov 18 2025 10:10:35 GMT-0300 (Horário Padrão de Brasília)',
  process: {
    pid: 18752,
    uid: null,
    gid: null,
    cwd: 'C:\\Users\\suporte2\\Documents\\Programacao\\Nodejs\\nexus',
    execPath: 'C:\\Users\\suporte2\\Documents\\Programacao\\Nodejs\\nodePortable\\node.exe',
    version: 'v24.11.1',
    argv: [
      'C:\\Users\\suporte2\\Documents\\Programacao\\Nodejs\\nodePortable\\node.exe',
      'src/server.ts'
    ],
    memoryUsage: {
      rss: 92127232,
      heapTotal: 54906880,
      heapUsed: 36035944,
      external: 2918431,
      arrayBuffers: 253219
    }
  },
  os: { loadavg: [ 0, 0, 0 ], uptime: 495327.343 },
  trace: [
    {
      column: 7,
      file: 'C:\\Users\\suporte2\\Documents\\Programacao\\Nodejs\\nexus\\src\\core\\Empresa\\empresa.controller.ts',
      function: null,
      line: 1,
      method: null,
      native: false
    },
    {
      column: 14,
      file: 'node:internal/modules/cjs/loader',
      function: null,
      line: 1761,
      method: null,
      native: false
    },
    {
      column: 25,
      file: 'C:\\Users\\suporte2\\Documents\\Programacao\\Nodejs\\nexus\\node_modules\\source-map-support\\source-map-support.js',
      function: 'Module._compile',
      line: 568,
      method: '_compile',
      native: false
    },
    {
      column: 33,
      file: 'C:\\Users\\suporte2\\AppData\\Local\\Temp\\ts-node-dev-hook-856969736380464.js',
      function: 'Module.m._compile',
      line: 69,
      method: '_compile',
      native: false
    },
    {
      column: 10,
      file: 'node:internal/modules/cjs/loader',
      function: null,
      line: 1893,
      method: null,
      native: false
    },
    {
      column: 20,
      file: 'C:\\Users\\suporte2\\AppData\\Local\\Temp\\ts-node-dev-hook-856969736380464.js',
      function: 'require.extensions..jsx.require.extensions..js',
      line: 114,
      method: '.js',
      native: false
    },
    {
      column: 20,
      file: 'C:\\Users\\suporte2\\AppData\\Local\\Temp\\ts-node-dev-hook-856969736380464.js',
      function: 'require.extensions.<computed>',
      line: 71,
      method: '<computed>',
      native: false
    },
    {
      column: 13,
      file: 'C:\\Users\\suporte2\\Documents\\Programacao\\Nodejs\\nexus\\node_modules\\ts-node-dev\\lib\\hook.js',
      function: 'Object.nodeDevHook [as .ts]',
      line: 63,
      method: 'ts]',
      native: false
    },
    {
      column: 32,
      file: 'node:internal/modules/cjs/loader',
      function: 'Module.load',
      line: 1481,
      method: 'load',
      native: false
    },
    {
      column: 12,
      file: 'node:internal/modules/cjs/loader',
      function: 'Module._load',
      line: 1300,
      method: '_load',
      native: false
    }
  ],
  timestamp: '2025-11-18T13:10:35.626Z'
}
{
  error: Error: ⨯ Unable to compile TypeScript:
  src/core/Empresa/empresa.controller.ts(123,7): error TS1109: Expression expected.
  src/core/Empresa/empresa.controller.ts(129,2): error TS1005: ')' expected.
  
      at Object.<anonymous> (C:\Users\suporte2\Documents\Programacao\Nodejs\nexus\src\core\Empresa\empresa.controller.ts:1:7)
      at Module.<anonymous> (node:internal/modules/cjs/loader:1761:14)
      at Module._compile (C:\Users\suporte2\Documents\Programacao\Nodejs\nexus\node_modules\source-map-support\source-map-support.js:568:25)
      at Module.m._compile (C:\Users\suporte2\AppData\Local\Temp\ts-node-dev-hook-49800422360067953.js:69:33)
      at node:internal/modules/cjs/loader:1893:10
      at require.extensions..jsx.require.extensions..js (C:\Users\suporte2\AppData\Local\Temp\ts-node-dev-hook-49800422360067953.js:114:20)
      at require.extensions.<computed> (C:\Users\suporte2\AppData\Local\Temp\ts-node-dev-hook-49800422360067953.js:71:20)
      at Object.nodeDevHook [as .ts] (C:\Users\suporte2\Documents\Programacao\Nodejs\nexus\node_modules\ts-node-dev\lib\hook.js:63:13)
      at Module.load (node:internal/modules/cjs/loader:1481:32)
      at Module._load (node:internal/modules/cjs/loader:1300:12),
  level: 'error',
  message: 'uncaughtException: ⨯ Unable to compile TypeScript:\n' +
    'src/core/Empresa/empresa.controller.ts(123,7): error TS1109: Expression expected.\r\n' +
    "src/core/Empresa/empresa.controller.ts(129,2): error TS1005: ')' expected.\r\n" +
    '\n' +
    'Error: ⨯ Unable to compile TypeScript:\n' +
    'src/core/Empresa/empresa.controller.ts(123,7): error TS1109: Expression expected.\r\n' +
    "src/core/Empresa/empresa.controller.ts(129,2): error TS1005: ')' expected.\r\n" +
    '\n' +
    '    at Object.<anonymous> (C:\\Users\\suporte2\\Documents\\Programacao\\Nodejs\\nexus\\src\\core\\Empresa\\empresa.controller.ts:1:7)\n' +
    '    at Module.<anonymous> (node:internal/modules/cjs/loader:1761:14)\n' +
    '    at Module._compile (C:\\Users\\suporte2\\Documents\\Programacao\\Nodejs\\nexus\\node_modules\\source-map-support\\source-map-support.js:568:25)\n' +
    '    at Module.m._compile (C:\\Users\\suporte2\\AppData\\Local\\Temp\\ts-node-dev-hook-49800422360067953.js:69:33)\n' +
    '    at node:internal/modules/cjs/loader:1893:10\n' +
    '    at require.extensions..jsx.require.extensions..js (C:\\Users\\suporte2\\AppData\\Local\\Temp\\ts-node-dev-hook-49800422360067953.js:114:20)\n' +
    '    at require.extensions.<computed> (C:\\Users\\suporte2\\AppData\\Local\\Temp\\ts-node-dev-hook-49800422360067953.js:71:20)\n' +
    '    at Object.nodeDevHook [as .ts] (C:\\Users\\suporte2\\Documents\\Programacao\\Nodejs\\nexus\\node_modules\\ts-node-dev\\lib\\hook.js:63:13)\n' +
    '    at Module.load (node:internal/modules/cjs/loader:1481:32)\n' +
    '    at Module._load (node:internal/modules/cjs/loader:1300:12)',
  stack: 'Error: ⨯ Unable to compile TypeScript:\n' +
    'src/core/Empresa/empresa.controller.ts(123,7): error TS1109: Expression expected.\r\n' +
    "src/core/Empresa/empresa.controller.ts(129,2): error TS1005: ')' expected.\r\n" +
    '\n' +
    '    at Object.<anonymous> (C:\\Users\\suporte2\\Documents\\Programacao\\Nodejs\\nexus\\src\\core\\Empresa\\empresa.controller.ts:1:7)\n' +
    '    at Module.<anonymous> (node:internal/modules/cjs/loader:1761:14)\n' +
    '    at Module._compile (C:\\Users\\suporte2\\Documents\\Programacao\\Nodejs\\nexus\\node_modules\\source-map-support\\source-map-support.js:568:25)\n' +
    '    at Module.m._compile (C:\\Users\\suporte2\\AppData\\Local\\Temp\\ts-node-dev-hook-49800422360067953.js:69:33)\n' +
    '    at node:internal/modules/cjs/loader:1893:10\n' +
    '    at require.extensions..jsx.require.extensions..js (C:\\Users\\suporte2\\AppData\\Local\\Temp\\ts-node-dev-hook-49800422360067953.js:114:20)\n' +
    '    at require.extensions.<computed> (C:\\Users\\suporte2\\AppData\\Local\\Temp\\ts-node-dev-hook-49800422360067953.js:71:20)\n' +
    '    at Object.nodeDevHook [as .ts] (C:\\Users\\suporte2\\Documents\\Programacao\\Nodejs\\nexus\\node_modules\\ts-node-dev\\lib\\hook.js:63:13)\n' +
    '    at Module.load (node:internal/modules/cjs/loader:1481:32)\n' +
    '    at Module._load (node:internal/modules/cjs/loader:1300:12)',
  exception: true,
  date: 'Tue Nov 18 2025 11:33:24 GMT-0300 (Horário Padrão de Brasília)',
  process: {
    pid: 17260,
    uid: null,
    gid: null,
    cwd: 'C:\\Users\\suporte2\\Documents\\Programacao\\Nodejs\\nexus',
    execPath: 'C:\\Users\\suporte2\\Documents\\Programacao\\Nodejs\\nodePortable\\node.exe',
    version: 'v24.11.1',
    argv: [
      'C:\\Users\\suporte2\\Documents\\Programacao\\Nodejs\\nodePortable\\node.exe',
      'src/server.ts'
    ],
    memoryUsage: {
      rss: 94248960,
      heapTotal: 57061376,
      heapUsed: 25857824,
      external: 2918431,
      arrayBuffers: 238890
    }
  },
  os: { loadavg: [ 0, 0, 0 ], uptime: 500296.421 },
  trace: [
    {
      column: 7,
      file: 'C:\\Users\\suporte2\\Documents\\Programacao\\Nodejs\\nexus\\src\\core\\Empresa\\empresa.controller.ts',
      function: null,
      line: 1,
      method: null,
      native: false
    },
    {
      column: 14,
      file: 'node:internal/modules/cjs/loader',
      function: null,
      line: 1761,
      method: null,
      native: false
    },
    {
      column: 25,
      file: 'C:\\Users\\suporte2\\Documents\\Programacao\\Nodejs\\nexus\\node_modules\\source-map-support\\source-map-support.js',
      function: 'Module._compile',
      line: 568,
      method: '_compile',
      native: false
    },
    {
      column: 33,
      file: 'C:\\Users\\suporte2\\AppData\\Local\\Temp\\ts-node-dev-hook-49800422360067953.js',
      function: 'Module.m._compile',
      line: 69,
      method: '_compile',
      native: false
    },
    {
      column: 10,
      file: 'node:internal/modules/cjs/loader',
      function: null,
      line: 1893,
      method: null,
      native: false
    },
    {
      column: 20,
      file: 'C:\\Users\\suporte2\\AppData\\Local\\Temp\\ts-node-dev-hook-49800422360067953.js',
      function: 'require.extensions..jsx.require.extensions..js',
      line: 114,
      method: '.js',
      native: false
    },
    {
      column: 20,
      file: 'C:\\Users\\suporte2\\AppData\\Local\\Temp\\ts-node-dev-hook-49800422360067953.js',
      function: 'require.extensions.<computed>',
      line: 71,
      method: '<computed>',
      native: false
    },
    {
      column: 13,
      file: 'C:\\Users\\suporte2\\Documents\\Programacao\\Nodejs\\nexus\\node_modules\\ts-node-dev\\lib\\hook.js',
      function: 'Object.nodeDevHook [as .ts]',
      line: 63,
      method: 'ts]',
      native: false
    },
    {
      column: 32,
      file: 'node:internal/modules/cjs/loader',
      function: 'Module.load',
      line: 1481,
      method: 'load',
      native: false
    },
    {
      column: 12,
      file: 'node:internal/modules/cjs/loader',
      function: 'Module._load',
      line: 1300,
      method: '_load',
      native: false
    }
  ],
  timestamp: '2025-11-18T14:33:24.742Z'
}
{
  error: Error: ⨯ Unable to compile TypeScript:
  src/core/Empresa/empresa.controller.ts(128,2): error TS1005: ')' expected.
  
      at Object.<anonymous> (C:\Users\suporte2\Documents\Programacao\Nodejs\nexus\src\core\Empresa\empresa.controller.ts:1:7)
      at Module.<anonymous> (node:internal/modules/cjs/loader:1761:14)
      at Module._compile (C:\Users\suporte2\Documents\Programacao\Nodejs\nexus\node_modules\source-map-support\source-map-support.js:568:25)
      at Module.m._compile (C:\Users\suporte2\AppData\Local\Temp\ts-node-dev-hook-49800422360067953.js:69:33)
      at node:internal/modules/cjs/loader:1893:10
      at require.extensions..jsx.require.extensions..js (C:\Users\suporte2\AppData\Local\Temp\ts-node-dev-hook-49800422360067953.js:114:20)
      at require.extensions.<computed> (C:\Users\suporte2\AppData\Local\Temp\ts-node-dev-hook-49800422360067953.js:71:20)
      at Object.nodeDevHook [as .ts] (C:\Users\suporte2\Documents\Programacao\Nodejs\nexus\node_modules\ts-node-dev\lib\hook.js:63:13)
      at Module.load (node:internal/modules/cjs/loader:1481:32)
      at Module._load (node:internal/modules/cjs/loader:1300:12),
  level: 'error',
  message: 'uncaughtException: ⨯ Unable to compile TypeScript:\n' +
    "src/core/Empresa/empresa.controller.ts(128,2): error TS1005: ')' expected.\r\n" +
    '\n' +
    'Error: ⨯ Unable to compile TypeScript:\n' +
    "src/core/Empresa/empresa.controller.ts(128,2): error TS1005: ')' expected.\r\n" +
    '\n' +
    '    at Object.<anonymous> (C:\\Users\\suporte2\\Documents\\Programacao\\Nodejs\\nexus\\src\\core\\Empresa\\empresa.controller.ts:1:7)\n' +
    '    at Module.<anonymous> (node:internal/modules/cjs/loader:1761:14)\n' +
    '    at Module._compile (C:\\Users\\suporte2\\Documents\\Programacao\\Nodejs\\nexus\\node_modules\\source-map-support\\source-map-support.js:568:25)\n' +
    '    at Module.m._compile (C:\\Users\\suporte2\\AppData\\Local\\Temp\\ts-node-dev-hook-49800422360067953.js:69:33)\n' +
    '    at node:internal/modules/cjs/loader:1893:10\n' +
    '    at require.extensions..jsx.require.extensions..js (C:\\Users\\suporte2\\AppData\\Local\\Temp\\ts-node-dev-hook-49800422360067953.js:114:20)\n' +
    '    at require.extensions.<computed> (C:\\Users\\suporte2\\AppData\\Local\\Temp\\ts-node-dev-hook-49800422360067953.js:71:20)\n' +
    '    at Object.nodeDevHook [as .ts] (C:\\Users\\suporte2\\Documents\\Programacao\\Nodejs\\nexus\\node_modules\\ts-node-dev\\lib\\hook.js:63:13)\n' +
    '    at Module.load (node:internal/modules/cjs/loader:1481:32)\n' +
    '    at Module._load (node:internal/modules/cjs/loader:1300:12)',
  stack: 'Error: ⨯ Unable to compile TypeScript:\n' +
    "src/core/Empresa/empresa.controller.ts(128,2): error TS1005: ')' expected.\r\n" +
    '\n' +
    '    at Object.<anonymous> (C:\\Users\\suporte2\\Documents\\Programacao\\Nodejs\\nexus\\src\\core\\Empresa\\empresa.controller.ts:1:7)\n' +
    '    at Module.<anonymous> (node:internal/modules/cjs/loader:1761:14)\n' +
    '    at Module._compile (C:\\Users\\suporte2\\Documents\\Programacao\\Nodejs\\nexus\\node_modules\\source-map-support\\source-map-support.js:568:25)\n' +
    '    at Module.m._compile (C:\\Users\\suporte2\\AppData\\Local\\Temp\\ts-node-dev-hook-49800422360067953.js:69:33)\n' +
    '    at node:internal/modules/cjs/loader:1893:10\n' +
    '    at require.extensions..jsx.require.extensions..js (C:\\Users\\suporte2\\AppData\\Local\\Temp\\ts-node-dev-hook-49800422360067953.js:114:20)\n' +
    '    at require.extensions.<computed> (C:\\Users\\suporte2\\AppData\\Local\\Temp\\ts-node-dev-hook-49800422360067953.js:71:20)\n' +
    '    at Object.nodeDevHook [as .ts] (C:\\Users\\suporte2\\Documents\\Programacao\\Nodejs\\nexus\\node_modules\\ts-node-dev\\lib\\hook.js:63:13)\n' +
    '    at Module.load (node:internal/modules/cjs/loader:1481:32)\n' +
    '    at Module._load (node:internal/modules/cjs/loader:1300:12)',
  exception: true,
  date: 'Tue Nov 18 2025 11:33:31 GMT-0300 (Horário Padrão de Brasília)',
  process: {
    pid: 21580,
    uid: null,
    gid: null,
    cwd: 'C:\\Users\\suporte2\\Documents\\Programacao\\Nodejs\\nexus',
    execPath: 'C:\\Users\\suporte2\\Documents\\Programacao\\Nodejs\\nodePortable\\node.exe',
    version: 'v24.11.1',
    argv: [
      'C:\\Users\\suporte2\\Documents\\Programacao\\Nodejs\\nodePortable\\node.exe',
      'src/server.ts'
    ],
    memoryUsage: {
      rss: 92540928,
      heapTotal: 55169024,
      heapUsed: 36266544,
      external: 2918431,
      arrayBuffers: 253199
    }
  },
  os: { loadavg: [ 0, 0, 0 ], uptime: 500302.953 },
  trace: [
    {
      column: 7,
      file: 'C:\\Users\\suporte2\\Documents\\Programacao\\Nodejs\\nexus\\src\\core\\Empresa\\empresa.controller.ts',
      function: null,
      line: 1,
      method: null,
      native: false
    },
    {
      column: 14,
      file: 'node:internal/modules/cjs/loader',
      function: null,
      line: 1761,
      method: null,
      native: false
    },
    {
      column: 25,
      file: 'C:\\Users\\suporte2\\Documents\\Programacao\\Nodejs\\nexus\\node_modules\\source-map-support\\source-map-support.js',
      function: 'Module._compile',
      line: 568,
      method: '_compile',
      native: false
    },
    {
      column: 33,
      file: 'C:\\Users\\suporte2\\AppData\\Local\\Temp\\ts-node-dev-hook-49800422360067953.js',
      function: 'Module.m._compile',
      line: 69,
      method: '_compile',
      native: false
    },
    {
      column: 10,
      file: 'node:internal/modules/cjs/loader',
      function: null,
      line: 1893,
      method: null,
      native: false
    },
    {
      column: 20,
      file: 'C:\\Users\\suporte2\\AppData\\Local\\Temp\\ts-node-dev-hook-49800422360067953.js',
      function: 'require.extensions..jsx.require.extensions..js',
      line: 114,
      method: '.js',
      native: false
    },
    {
      column: 20,
      file: 'C:\\Users\\suporte2\\AppData\\Local\\Temp\\ts-node-dev-hook-49800422360067953.js',
      function: 'require.extensions.<computed>',
      line: 71,
      method: '<computed>',
      native: false
    },
    {
      column: 13,
      file: 'C:\\Users\\suporte2\\Documents\\Programacao\\Nodejs\\nexus\\node_modules\\ts-node-dev\\lib\\hook.js',
      function: 'Object.nodeDevHook [as .ts]',
      line: 63,
      method: 'ts]',
      native: false
    },
    {
      column: 32,
      file: 'node:internal/modules/cjs/loader',
      function: 'Module.load',
      line: 1481,
      method: 'load',
      native: false
    },
    {
      column: 12,
      file: 'node:internal/modules/cjs/loader',
      function: 'Module._load',
      line: 1300,
      method: '_load',
      native: false
    }
  ],
  timestamp: '2025-11-18T14:33:31.276Z'
}
{
  error: Error: ⨯ Unable to compile TypeScript:
  src/core/Empresa/empresa.controller.ts(168,8): error TS1128: Declaration or statement expected.
  
      at Object.<anonymous> (C:\Users\suporte2\Documents\Programacao\Nodejs\nexus\src\core\Empresa\empresa.controller.ts:1:7)
      at Module.<anonymous> (node:internal/modules/cjs/loader:1761:14)
      at Module._compile (C:\Users\suporte2\Documents\Programacao\Nodejs\nexus\node_modules\source-map-support\source-map-support.js:568:25)
      at Module.m._compile (C:\Users\suporte2\AppData\Local\Temp\ts-node-dev-hook-49800422360067953.js:69:33)
      at node:internal/modules/cjs/loader:1893:10
      at require.extensions..jsx.require.extensions..js (C:\Users\suporte2\AppData\Local\Temp\ts-node-dev-hook-49800422360067953.js:114:20)
      at require.extensions.<computed> (C:\Users\suporte2\AppData\Local\Temp\ts-node-dev-hook-49800422360067953.js:71:20)
      at Object.nodeDevHook [as .ts] (C:\Users\suporte2\Documents\Programacao\Nodejs\nexus\node_modules\ts-node-dev\lib\hook.js:63:13)
      at Module.load (node:internal/modules/cjs/loader:1481:32)
      at Module._load (node:internal/modules/cjs/loader:1300:12),
  level: 'error',
  message: 'uncaughtException: ⨯ Unable to compile TypeScript:\n' +
    'src/core/Empresa/empresa.controller.ts(168,8): error TS1128: Declaration or statement expected.\r\n' +
    '\n' +
    'Error: ⨯ Unable to compile TypeScript:\n' +
    'src/core/Empresa/empresa.controller.ts(168,8): error TS1128: Declaration or statement expected.\r\n' +
    '\n' +
    '    at Object.<anonymous> (C:\\Users\\suporte2\\Documents\\Programacao\\Nodejs\\nexus\\src\\core\\Empresa\\empresa.controller.ts:1:7)\n' +
    '    at Module.<anonymous> (node:internal/modules/cjs/loader:1761:14)\n' +
    '    at Module._compile (C:\\Users\\suporte2\\Documents\\Programacao\\Nodejs\\nexus\\node_modules\\source-map-support\\source-map-support.js:568:25)\n' +
    '    at Module.m._compile (C:\\Users\\suporte2\\AppData\\Local\\Temp\\ts-node-dev-hook-49800422360067953.js:69:33)\n' +
    '    at node:internal/modules/cjs/loader:1893:10\n' +
    '    at require.extensions..jsx.require.extensions..js (C:\\Users\\suporte2\\AppData\\Local\\Temp\\ts-node-dev-hook-49800422360067953.js:114:20)\n' +
    '    at require.extensions.<computed> (C:\\Users\\suporte2\\AppData\\Local\\Temp\\ts-node-dev-hook-49800422360067953.js:71:20)\n' +
    '    at Object.nodeDevHook [as .ts] (C:\\Users\\suporte2\\Documents\\Programacao\\Nodejs\\nexus\\node_modules\\ts-node-dev\\lib\\hook.js:63:13)\n' +
    '    at Module.load (node:internal/modules/cjs/loader:1481:32)\n' +
    '    at Module._load (node:internal/modules/cjs/loader:1300:12)',
  stack: 'Error: ⨯ Unable to compile TypeScript:\n' +
    'src/core/Empresa/empresa.controller.ts(168,8): error TS1128: Declaration or statement expected.\r\n' +
    '\n' +
    '    at Object.<anonymous> (C:\\Users\\suporte2\\Documents\\Programacao\\Nodejs\\nexus\\src\\core\\Empresa\\empresa.controller.ts:1:7)\n' +
    '    at Module.<anonymous> (node:internal/modules/cjs/loader:1761:14)\n' +
    '    at Module._compile (C:\\Users\\suporte2\\Documents\\Programacao\\Nodejs\\nexus\\node_modules\\source-map-support\\source-map-support.js:568:25)\n' +
    '    at Module.m._compile (C:\\Users\\suporte2\\AppData\\Local\\Temp\\ts-node-dev-hook-49800422360067953.js:69:33)\n' +
    '    at node:internal/modules/cjs/loader:1893:10\n' +
    '    at require.extensions..jsx.require.extensions..js (C:\\Users\\suporte2\\AppData\\Local\\Temp\\ts-node-dev-hook-49800422360067953.js:114:20)\n' +
    '    at require.extensions.<computed> (C:\\Users\\suporte2\\AppData\\Local\\Temp\\ts-node-dev-hook-49800422360067953.js:71:20)\n' +
    '    at Object.nodeDevHook [as .ts] (C:\\Users\\suporte2\\Documents\\Programacao\\Nodejs\\nexus\\node_modules\\ts-node-dev\\lib\\hook.js:63:13)\n' +
    '    at Module.load (node:internal/modules/cjs/loader:1481:32)\n' +
    '    at Module._load (node:internal/modules/cjs/loader:1300:12)',
  exception: true,
  date: 'Tue Nov 18 2025 11:39:06 GMT-0300 (Horário Padrão de Brasília)',
  process: {
    pid: 18876,
    uid: null,
    gid: null,
    cwd: 'C:\\Users\\suporte2\\Documents\\Programacao\\Nodejs\\nexus',
    execPath: 'C:\\Users\\suporte2\\Documents\\Programacao\\Nodejs\\nodePortable\\node.exe',
    version: 'v24.11.1',
    argv: [
      'C:\\Users\\suporte2\\Documents\\Programacao\\Nodejs\\nodePortable\\node.exe',
      'src/server.ts'
    ],
    memoryUsage: {
      rss: 94679040,
      heapTotal: 57061376,
      heapUsed: 25665848,
      external: 2918431,
      arrayBuffers: 238826
    }
  },
  os: { loadavg: [ 0, 0, 0 ], uptime: 500637.843 },
  trace: [
    {
      column: 7,
      file: 'C:\\Users\\suporte2\\Documents\\Programacao\\Nodejs\\nexus\\src\\core\\Empresa\\empresa.controller.ts',
      function: null,
      line: 1,
      method: null,
      native: false
    },
    {
      column: 14,
      file: 'node:internal/modules/cjs/loader',
      function: null,
      line: 1761,
      method: null,
      native: false
    },
    {
      column: 25,
      file: 'C:\\Users\\suporte2\\Documents\\Programacao\\Nodejs\\nexus\\node_modules\\source-map-support\\source-map-support.js',
      function: 'Module._compile',
      line: 568,
      method: '_compile',
      native: false
    },
    {
      column: 33,
      file: 'C:\\Users\\suporte2\\AppData\\Local\\Temp\\ts-node-dev-hook-49800422360067953.js',
      function: 'Module.m._compile',
      line: 69,
      method: '_compile',
      native: false
    },
    {
      column: 10,
      file: 'node:internal/modules/cjs/loader',
      function: null,
      line: 1893,
      method: null,
      native: false
    },
    {
      column: 20,
      file: 'C:\\Users\\suporte2\\AppData\\Local\\Temp\\ts-node-dev-hook-49800422360067953.js',
      function: 'require.extensions..jsx.require.extensions..js',
      line: 114,
      method: '.js',
      native: false
    },
    {
      column: 20,
      file: 'C:\\Users\\suporte2\\AppData\\Local\\Temp\\ts-node-dev-hook-49800422360067953.js',
      function: 'require.extensions.<computed>',
      line: 71,
      method: '<computed>',
      native: false
    },
    {
      column: 13,
      file: 'C:\\Users\\suporte2\\Documents\\Programacao\\Nodejs\\nexus\\node_modules\\ts-node-dev\\lib\\hook.js',
      function: 'Object.nodeDevHook [as .ts]',
      line: 63,
      method: 'ts]',
      native: false
    },
    {
      column: 32,
      file: 'node:internal/modules/cjs/loader',
      function: 'Module.load',
      line: 1481,
      method: 'load',
      native: false
    },
    {
      column: 12,
      file: 'node:internal/modules/cjs/loader',
      function: 'Module._load',
      line: 1300,
      method: '_load',
      native: false
    }
  ],
  timestamp: '2025-11-18T14:39:06.161Z'
}
{
  error: Error: ⨯ Unable to compile TypeScript:
  src/core/Empresa/emrpesa.repository.ts(30,58): error TS1005: ',' expected.
  
      at Object.<anonymous> (C:\Users\suporte2\Documents\Programacao\Nodejs\nexus\src\core\Empresa\emrpesa.repository.ts:1:7)
      at Module.<anonymous> (node:internal/modules/cjs/loader:1761:14)
      at Module._compile (C:\Users\suporte2\Documents\Programacao\Nodejs\nexus\node_modules\source-map-support\source-map-support.js:568:25)
      at Module.m._compile (C:\Users\suporte2\AppData\Local\Temp\ts-node-dev-hook-49800422360067953.js:69:33)
      at node:internal/modules/cjs/loader:1893:10
      at require.extensions..jsx.require.extensions..js (C:\Users\suporte2\AppData\Local\Temp\ts-node-dev-hook-49800422360067953.js:114:20)
      at require.extensions.<computed> (C:\Users\suporte2\AppData\Local\Temp\ts-node-dev-hook-49800422360067953.js:71:20)
      at Object.nodeDevHook [as .ts] (C:\Users\suporte2\Documents\Programacao\Nodejs\nexus\node_modules\ts-node-dev\lib\hook.js:63:13)
      at Module.load (node:internal/modules/cjs/loader:1481:32)
      at Module._load (node:internal/modules/cjs/loader:1300:12),
  level: 'error',
  message: 'uncaughtException: ⨯ Unable to compile TypeScript:\n' +
    "src/core/Empresa/emrpesa.repository.ts(30,58): error TS1005: ',' expected.\r\n" +
    '\n' +
    'Error: ⨯ Unable to compile TypeScript:\n' +
    "src/core/Empresa/emrpesa.repository.ts(30,58): error TS1005: ',' expected.\r\n" +
    '\n' +
    '    at Object.<anonymous> (C:\\Users\\suporte2\\Documents\\Programacao\\Nodejs\\nexus\\src\\core\\Empresa\\emrpesa.repository.ts:1:7)\n' +
    '    at Module.<anonymous> (node:internal/modules/cjs/loader:1761:14)\n' +
    '    at Module._compile (C:\\Users\\suporte2\\Documents\\Programacao\\Nodejs\\nexus\\node_modules\\source-map-support\\source-map-support.js:568:25)\n' +
    '    at Module.m._compile (C:\\Users\\suporte2\\AppData\\Local\\Temp\\ts-node-dev-hook-49800422360067953.js:69:33)\n' +
    '    at node:internal/modules/cjs/loader:1893:10\n' +
    '    at require.extensions..jsx.require.extensions..js (C:\\Users\\suporte2\\AppData\\Local\\Temp\\ts-node-dev-hook-49800422360067953.js:114:20)\n' +
    '    at require.extensions.<computed> (C:\\Users\\suporte2\\AppData\\Local\\Temp\\ts-node-dev-hook-49800422360067953.js:71:20)\n' +
    '    at Object.nodeDevHook [as .ts] (C:\\Users\\suporte2\\Documents\\Programacao\\Nodejs\\nexus\\node_modules\\ts-node-dev\\lib\\hook.js:63:13)\n' +
    '    at Module.load (node:internal/modules/cjs/loader:1481:32)\n' +
    '    at Module._load (node:internal/modules/cjs/loader:1300:12)',
  stack: 'Error: ⨯ Unable to compile TypeScript:\n' +
    "src/core/Empresa/emrpesa.repository.ts(30,58): error TS1005: ',' expected.\r\n" +
    '\n' +
    '    at Object.<anonymous> (C:\\Users\\suporte2\\Documents\\Programacao\\Nodejs\\nexus\\src\\core\\Empresa\\emrpesa.repository.ts:1:7)\n' +
    '    at Module.<anonymous> (node:internal/modules/cjs/loader:1761:14)\n' +
    '    at Module._compile (C:\\Users\\suporte2\\Documents\\Programacao\\Nodejs\\nexus\\node_modules\\source-map-support\\source-map-support.js:568:25)\n' +
    '    at Module.m._compile (C:\\Users\\suporte2\\AppData\\Local\\Temp\\ts-node-dev-hook-49800422360067953.js:69:33)\n' +
    '    at node:internal/modules/cjs/loader:1893:10\n' +
    '    at require.extensions..jsx.require.extensions..js (C:\\Users\\suporte2\\AppData\\Local\\Temp\\ts-node-dev-hook-49800422360067953.js:114:20)\n' +
    '    at require.extensions.<computed> (C:\\Users\\suporte2\\AppData\\Local\\Temp\\ts-node-dev-hook-49800422360067953.js:71:20)\n' +
    '    at Object.nodeDevHook [as .ts] (C:\\Users\\suporte2\\Documents\\Programacao\\Nodejs\\nexus\\node_modules\\ts-node-dev\\lib\\hook.js:63:13)\n' +
    '    at Module.load (node:internal/modules/cjs/loader:1481:32)\n' +
    '    at Module._load (node:internal/modules/cjs/loader:1300:12)',
  exception: true,
  date: 'Tue Nov 18 2025 11:47:30 GMT-0300 (Horário Padrão de Brasília)',
  process: {
    pid: 13008,
    uid: null,
    gid: null,
    cwd: 'C:\\Users\\suporte2\\Documents\\Programacao\\Nodejs\\nexus',
    execPath: 'C:\\Users\\suporte2\\Documents\\Programacao\\Nodejs\\nodePortable\\node.exe',
    version: 'v24.11.1',
    argv: [
      'C:\\Users\\suporte2\\Documents\\Programacao\\Nodejs\\nodePortable\\node.exe',
      'src/server.ts'
    ],
    memoryUsage: {
      rss: 119734272,
      heapTotal: 66117632,
      heapUsed: 47386616,
      external: 4439029,
      arrayBuffers: 505984
    }
  },
  os: { loadavg: [ 0, 0, 0 ], uptime: 501142.234 },
  trace: [
    {
      column: 7,
      file: 'C:\\Users\\suporte2\\Documents\\Programacao\\Nodejs\\nexus\\src\\core\\Empresa\\emrpesa.repository.ts',
      function: null,
      line: 1,
      method: null,
      native: false
    },
    {
      column: 14,
      file: 'node:internal/modules/cjs/loader',
      function: null,
      line: 1761,
      method: null,
      native: false
    },
    {
      column: 25,
      file: 'C:\\Users\\suporte2\\Documents\\Programacao\\Nodejs\\nexus\\node_modules\\source-map-support\\source-map-support.js',
      function: 'Module._compile',
      line: 568,
      method: '_compile',
      native: false
    },
    {
      column: 33,
      file: 'C:\\Users\\suporte2\\AppData\\Local\\Temp\\ts-node-dev-hook-49800422360067953.js',
      function: 'Module.m._compile',
      line: 69,
      method: '_compile',
      native: false
    },
    {
      column: 10,
      file: 'node:internal/modules/cjs/loader',
      function: null,
      line: 1893,
      method: null,
      native: false
    },
    {
      column: 20,
      file: 'C:\\Users\\suporte2\\AppData\\Local\\Temp\\ts-node-dev-hook-49800422360067953.js',
      function: 'require.extensions..jsx.require.extensions..js',
      line: 114,
      method: '.js',
      native: false
    },
    {
      column: 20,
      file: 'C:\\Users\\suporte2\\AppData\\Local\\Temp\\ts-node-dev-hook-49800422360067953.js',
      function: 'require.extensions.<computed>',
      line: 71,
      method: '<computed>',
      native: false
    },
    {
      column: 13,
      file: 'C:\\Users\\suporte2\\Documents\\Programacao\\Nodejs\\nexus\\node_modules\\ts-node-dev\\lib\\hook.js',
      function: 'Object.nodeDevHook [as .ts]',
      line: 63,
      method: 'ts]',
      native: false
    },
    {
      column: 32,
      file: 'node:internal/modules/cjs/loader',
      function: 'Module.load',
      line: 1481,
      method: 'load',
      native: false
    },
    {
      column: 12,
      file: 'node:internal/modules/cjs/loader',
      function: 'Module._load',
      line: 1300,
      method: '_load',
      native: false
    }
  ],
  timestamp: '2025-11-18T14:47:30.564Z'
}
{
  error: Error: ⨯ Unable to compile TypeScript:
  src/core/Empresa/emrpesa.repository.ts(30,60): error TS1005: ',' expected.
  src/core/Empresa/emrpesa.repository.ts(30,63): error TS1068: Unexpected token. A constructor, method, accessor, or property was expected.
  src/core/Empresa/emrpesa.repository.ts(30,71): error TS1128: Declaration or statement expected.
  src/core/Empresa/emrpesa.repository.ts(31,3): error TS1128: Declaration or statement expected.
  src/core/Empresa/emrpesa.repository.ts(33,3): error TS1434: Unexpected keyword or identifier.
  src/core/Empresa/emrpesa.repository.ts(33,18): error TS1005: ')' expected.
  src/core/Empresa/emrpesa.repository.ts(33,20): error TS1434: Unexpected keyword or identifier.
  src/core/Empresa/emrpesa.repository.ts(33,26): error TS1128: Declaration or statement expected.
  src/core/Empresa/emrpesa.repository.ts(33,27): error TS1128: Declaration or statement expected.
  src/core/Empresa/emrpesa.repository.ts(33,41): error TS1109: Expression expected.
  src/core/Empresa/emrpesa.repository.ts(34,11): error TS1005: ',' expected.
  src/core/Empresa/emrpesa.repository.ts(34,17): error TS1005: ',' expected.
  src/core/Empresa/emrpesa.repository.ts(34,65): error TS1005: ',' expected.
  src/core/Empresa/emrpesa.repository.ts(36,1): error TS1128: Declaration or statement expected.
  
      at Object.<anonymous> (C:\Users\suporte2\Documents\Programacao\Nodejs\nexus\src\core\Empresa\emrpesa.repository.ts:1:7)
      at Module.<anonymous> (node:internal/modules/cjs/loader:1761:14)
      at Module._compile (C:\Users\suporte2\Documents\Programacao\Nodejs\nexus\node_modules\source-map-support\source-map-support.js:568:25)
      at Module.m._compile (C:\Users\suporte2\AppData\Local\Temp\ts-node-dev-hook-49800422360067953.js:69:33)
      at node:internal/modules/cjs/loader:1893:10
      at require.extensions..jsx.require.extensions..js (C:\Users\suporte2\AppData\Local\Temp\ts-node-dev-hook-49800422360067953.js:114:20)
      at require.extensions.<computed> (C:\Users\suporte2\AppData\Local\Temp\ts-node-dev-hook-49800422360067953.js:71:20)
      at Object.nodeDevHook [as .ts] (C:\Users\suporte2\Documents\Programacao\Nodejs\nexus\node_modules\ts-node-dev\lib\hook.js:63:13)
      at Module.load (node:internal/modules/cjs/loader:1481:32)
      at Module._load (node:internal/modules/cjs/loader:1300:12),
  level: 'error',
  message: 'uncaughtException: ⨯ Unable to compile TypeScript:\n' +
    "src/core/Empresa/emrpesa.repository.ts(30,60): error TS1005: ',' expected.\r\n" +
    'src/core/Empresa/emrpesa.repository.ts(30,63): error TS1068: Unexpected token. A constructor, method, accessor, or property was expected.\r\n' +
    'src/core/Empresa/emrpesa.repository.ts(30,71): error TS1128: Declaration or statement expected.\r\n' +
    'src/core/Empresa/emrpesa.repository.ts(31,3): error TS1128: Declaration or statement expected.\r\n' +
    'src/core/Empresa/emrpesa.repository.ts(33,3): error TS1434: Unexpected keyword or identifier.\r\n' +
    "src/core/Empresa/emrpesa.repository.ts(33,18): error TS1005: ')' expected.\r\n" +
    'src/core/Empresa/emrpesa.repository.ts(33,20): error TS1434: Unexpected keyword or identifier.\r\n' +
    'src/core/Empresa/emrpesa.repository.ts(33,26): error TS1128: Declaration or statement expected.\r\n' +
    'src/core/Empresa/emrpesa.repository.ts(33,27): error TS1128: Declaration or statement expected.\r\n' +
    'src/core/Empresa/emrpesa.repository.ts(33,41): error TS1109: Expression expected.\r\n' +
    "src/core/Empresa/emrpesa.repository.ts(34,11): error TS1005: ',' expected.\r\n" +
    "src/core/Empresa/emrpesa.repository.ts(34,17): error TS1005: ',' expected.\r\n" +
    "src/core/Empresa/emrpesa.repository.ts(34,65): error TS1005: ',' expected.\r\n" +
    'src/core/Empresa/emrpesa.repository.ts(36,1): error TS1128: Declaration or statement expected.\r\n' +
    '\n' +
    'Error: ⨯ Unable to compile TypeScript:\n' +
    "src/core/Empresa/emrpesa.repository.ts(30,60): error TS1005: ',' expected.\r\n" +
    'src/core/Empresa/emrpesa.repository.ts(30,63): error TS1068: Unexpected token. A constructor, method, accessor, or property was expected.\r\n' +
    'src/core/Empresa/emrpesa.repository.ts(30,71): error TS1128: Declaration or statement expected.\r\n' +
    'src/core/Empresa/emrpesa.repository.ts(31,3): error TS1128: Declaration or statement expected.\r\n' +
    'src/core/Empresa/emrpesa.repository.ts(33,3): error TS1434: Unexpected keyword or identifier.\r\n' +
    "src/core/Empresa/emrpesa.repository.ts(33,18): error TS1005: ')' expected.\r\n" +
    'src/core/Empresa/emrpesa.repository.ts(33,20): error TS1434: Unexpected keyword or identifier.\r\n' +
    'src/core/Empresa/emrpesa.repository.ts(33,26): error TS1128: Declaration or statement expected.\r\n' +
    'src/core/Empresa/emrpesa.repository.ts(33,27): error TS1128: Declaration or statement expected.\r\n' +
    'src/core/Empresa/emrpesa.repository.ts(33,41): error TS1109: Expression expected.\r\n' +
    "src/core/Empresa/emrpesa.repository.ts(34,11): error TS1005: ',' expected.\r\n" +
    "src/core/Empresa/emrpesa.repository.ts(34,17): error TS1005: ',' expected.\r\n" +
    "src/core/Empresa/emrpesa.repository.ts(34,65): error TS1005: ',' expected.\r\n" +
    'src/core/Empresa/emrpesa.repository.ts(36,1): error TS1128: Declaration or statement expected.\r\n' +
    '\n' +
    '    at Object.<anonymous> (C:\\Users\\suporte2\\Documents\\Programacao\\Nodejs\\nexus\\src\\core\\Empresa\\emrpesa.repository.ts:1:7)\n' +
    '    at Module.<anonymous> (node:internal/modules/cjs/loader:1761:14)\n' +
    '    at Module._compile (C:\\Users\\suporte2\\Documents\\Programacao\\Nodejs\\nexus\\node_modules\\source-map-support\\source-map-support.js:568:25)\n' +
    '    at Module.m._compile (C:\\Users\\suporte2\\AppData\\Local\\Temp\\ts-node-dev-hook-49800422360067953.js:69:33)\n' +
    '    at node:internal/modules/cjs/loader:1893:10\n' +
    '    at require.extensions..jsx.require.extensions..js (C:\\Users\\suporte2\\AppData\\Local\\Temp\\ts-node-dev-hook-49800422360067953.js:114:20)\n' +
    '    at require.extensions.<computed> (C:\\Users\\suporte2\\AppData\\Local\\Temp\\ts-node-dev-hook-49800422360067953.js:71:20)\n' +
    '    at Object.nodeDevHook [as .ts] (C:\\Users\\suporte2\\Documents\\Programacao\\Nodejs\\nexus\\node_modules\\ts-node-dev\\lib\\hook.js:63:13)\n' +
    '    at Module.load (node:internal/modules/cjs/loader:1481:32)\n' +
    '    at Module._load (node:internal/modules/cjs/loader:1300:12)',
  stack: 'Error: ⨯ Unable to compile TypeScript:\n' +
    "src/core/Empresa/emrpesa.repository.ts(30,60): error TS1005: ',' expected.\r\n" +
    'src/core/Empresa/emrpesa.repository.ts(30,63): error TS1068: Unexpected token. A constructor, method, accessor, or property was expected.\r\n' +
    'src/core/Empresa/emrpesa.repository.ts(30,71): error TS1128: Declaration or statement expected.\r\n' +
    'src/core/Empresa/emrpesa.repository.ts(31,3): error TS1128: Declaration or statement expected.\r\n' +
    'src/core/Empresa/emrpesa.repository.ts(33,3): error TS1434: Unexpected keyword or identifier.\r\n' +
    "src/core/Empresa/emrpesa.repository.ts(33,18): error TS1005: ')' expected.\r\n" +
    'src/core/Empresa/emrpesa.repository.ts(33,20): error TS1434: Unexpected keyword or identifier.\r\n' +
    'src/core/Empresa/emrpesa.repository.ts(33,26): error TS1128: Declaration or statement expected.\r\n' +
    'src/core/Empresa/emrpesa.repository.ts(33,27): error TS1128: Declaration or statement expected.\r\n' +
    'src/core/Empresa/emrpesa.repository.ts(33,41): error TS1109: Expression expected.\r\n' +
    "src/core/Empresa/emrpesa.repository.ts(34,11): error TS1005: ',' expected.\r\n" +
    "src/core/Empresa/emrpesa.repository.ts(34,17): error TS1005: ',' expected.\r\n" +
    "src/core/Empresa/emrpesa.repository.ts(34,65): error TS1005: ',' expected.\r\n" +
    'src/core/Empresa/emrpesa.repository.ts(36,1): error TS1128: Declaration or statement expected.\r\n' +
    '\n' +
    '    at Object.<anonymous> (C:\\Users\\suporte2\\Documents\\Programacao\\Nodejs\\nexus\\src\\core\\Empresa\\emrpesa.repository.ts:1:7)\n' +
    '    at Module.<anonymous> (node:internal/modules/cjs/loader:1761:14)\n' +
    '    at Module._compile (C:\\Users\\suporte2\\Documents\\Programacao\\Nodejs\\nexus\\node_modules\\source-map-support\\source-map-support.js:568:25)\n' +
    '    at Module.m._compile (C:\\Users\\suporte2\\AppData\\Local\\Temp\\ts-node-dev-hook-49800422360067953.js:69:33)\n' +
    '    at node:internal/modules/cjs/loader:1893:10\n' +
    '    at require.extensions..jsx.require.extensions..js (C:\\Users\\suporte2\\AppData\\Local\\Temp\\ts-node-dev-hook-49800422360067953.js:114:20)\n' +
    '    at require.extensions.<computed> (C:\\Users\\suporte2\\AppData\\Local\\Temp\\ts-node-dev-hook-49800422360067953.js:71:20)\n' +
    '    at Object.nodeDevHook [as .ts] (C:\\Users\\suporte2\\Documents\\Programacao\\Nodejs\\nexus\\node_modules\\ts-node-dev\\lib\\hook.js:63:13)\n' +
    '    at Module.load (node:internal/modules/cjs/loader:1481:32)\n' +
    '    at Module._load (node:internal/modules/cjs/loader:1300:12)',
  exception: true,
  date: 'Tue Nov 18 2025 11:48:15 GMT-0300 (Horário Padrão de Brasília)',
  process: {
    pid: 18956,
    uid: null,
    gid: null,
    cwd: 'C:\\Users\\suporte2\\Documents\\Programacao\\Nodejs\\nexus',
    execPath: 'C:\\Users\\suporte2\\Documents\\Programacao\\Nodejs\\nodePortable\\node.exe',
    version: 'v24.11.1',
    argv: [
      'C:\\Users\\suporte2\\Documents\\Programacao\\Nodejs\\nodePortable\\node.exe',
      'src/server.ts'
    ],
    memoryUsage: {
      rss: 119496704,
      heapTotal: 66641920,
      heapUsed: 47141160,
      external: 4439029,
      arrayBuffers: 507210
    }
  },
  os: { loadavg: [ 0, 0, 0 ], uptime: 501187.343 },
  trace: [
    {
      column: 7,
      file: 'C:\\Users\\suporte2\\Documents\\Programacao\\Nodejs\\nexus\\src\\core\\Empresa\\emrpesa.repository.ts',
      function: null,
      line: 1,
      method: null,
      native: false
    },
    {
      column: 14,
      file: 'node:internal/modules/cjs/loader',
      function: null,
      line: 1761,
      method: null,
      native: false
    },
    {
      column: 25,
      file: 'C:\\Users\\suporte2\\Documents\\Programacao\\Nodejs\\nexus\\node_modules\\source-map-support\\source-map-support.js',
      function: 'Module._compile',
      line: 568,
      method: '_compile',
      native: false
    },
    {
      column: 33,
      file: 'C:\\Users\\suporte2\\AppData\\Local\\Temp\\ts-node-dev-hook-49800422360067953.js',
      function: 'Module.m._compile',
      line: 69,
      method: '_compile',
      native: false
    },
    {
      column: 10,
      file: 'node:internal/modules/cjs/loader',
      function: null,
      line: 1893,
      method: null,
      native: false
    },
    {
      column: 20,
      file: 'C:\\Users\\suporte2\\AppData\\Local\\Temp\\ts-node-dev-hook-49800422360067953.js',
      function: 'require.extensions..jsx.require.extensions..js',
      line: 114,
      method: '.js',
      native: false
    },
    {
      column: 20,
      file: 'C:\\Users\\suporte2\\AppData\\Local\\Temp\\ts-node-dev-hook-49800422360067953.js',
      function: 'require.extensions.<computed>',
      line: 71,
      method: '<computed>',
      native: false
    },
    {
      column: 13,
      file: 'C:\\Users\\suporte2\\Documents\\Programacao\\Nodejs\\nexus\\node_modules\\ts-node-dev\\lib\\hook.js',
      function: 'Object.nodeDevHook [as .ts]',
      line: 63,
      method: 'ts]',
      native: false
    },
    {
      column: 32,
      file: 'node:internal/modules/cjs/loader',
      function: 'Module.load',
      line: 1481,
      method: 'load',
      native: false
    },
    {
      column: 12,
      file: 'node:internal/modules/cjs/loader',
      function: 'Module._load',
      line: 1300,
      method: '_load',
      native: false
    }
  ],
  timestamp: '2025-11-18T14:48:15.665Z'
}
{
  error: Error: ⨯ Unable to compile TypeScript:
  src/core/Empresa/empresa.controller.ts(158,62): error TS1005: ',' expected.
  
      at Object.<anonymous> (C:\Users\suporte2\Documents\Programacao\Nodejs\nexus\src\core\Empresa\empresa.controller.ts:1:7)
      at Module.<anonymous> (node:internal/modules/cjs/loader:1761:14)
      at Module._compile (C:\Users\suporte2\Documents\Programacao\Nodejs\nexus\node_modules\source-map-support\source-map-support.js:568:25)
      at Module.m._compile (C:\Users\suporte2\AppData\Local\Temp\ts-node-dev-hook-49800422360067953.js:69:33)
      at node:internal/modules/cjs/loader:1893:10
      at require.extensions..jsx.require.extensions..js (C:\Users\suporte2\AppData\Local\Temp\ts-node-dev-hook-49800422360067953.js:114:20)
      at require.extensions.<computed> (C:\Users\suporte2\AppData\Local\Temp\ts-node-dev-hook-49800422360067953.js:71:20)
      at Object.nodeDevHook [as .ts] (C:\Users\suporte2\Documents\Programacao\Nodejs\nexus\node_modules\ts-node-dev\lib\hook.js:63:13)
      at Module.load (node:internal/modules/cjs/loader:1481:32)
      at Module._load (node:internal/modules/cjs/loader:1300:12),
  level: 'error',
  message: 'uncaughtException: ⨯ Unable to compile TypeScript:\n' +
    "src/core/Empresa/empresa.controller.ts(158,62): error TS1005: ',' expected.\r\n" +
    '\n' +
    'Error: ⨯ Unable to compile TypeScript:\n' +
    "src/core/Empresa/empresa.controller.ts(158,62): error TS1005: ',' expected.\r\n" +
    '\n' +
    '    at Object.<anonymous> (C:\\Users\\suporte2\\Documents\\Programacao\\Nodejs\\nexus\\src\\core\\Empresa\\empresa.controller.ts:1:7)\n' +
    '    at Module.<anonymous> (node:internal/modules/cjs/loader:1761:14)\n' +
    '    at Module._compile (C:\\Users\\suporte2\\Documents\\Programacao\\Nodejs\\nexus\\node_modules\\source-map-support\\source-map-support.js:568:25)\n' +
    '    at Module.m._compile (C:\\Users\\suporte2\\AppData\\Local\\Temp\\ts-node-dev-hook-49800422360067953.js:69:33)\n' +
    '    at node:internal/modules/cjs/loader:1893:10\n' +
    '    at require.extensions..jsx.require.extensions..js (C:\\Users\\suporte2\\AppData\\Local\\Temp\\ts-node-dev-hook-49800422360067953.js:114:20)\n' +
    '    at require.extensions.<computed> (C:\\Users\\suporte2\\AppData\\Local\\Temp\\ts-node-dev-hook-49800422360067953.js:71:20)\n' +
    '    at Object.nodeDevHook [as .ts] (C:\\Users\\suporte2\\Documents\\Programacao\\Nodejs\\nexus\\node_modules\\ts-node-dev\\lib\\hook.js:63:13)\n' +
    '    at Module.load (node:internal/modules/cjs/loader:1481:32)\n' +
    '    at Module._load (node:internal/modules/cjs/loader:1300:12)',
  stack: 'Error: ⨯ Unable to compile TypeScript:\n' +
    "src/core/Empresa/empresa.controller.ts(158,62): error TS1005: ',' expected.\r\n" +
    '\n' +
    '    at Object.<anonymous> (C:\\Users\\suporte2\\Documents\\Programacao\\Nodejs\\nexus\\src\\core\\Empresa\\empresa.controller.ts:1:7)\n' +
    '    at Module.<anonymous> (node:internal/modules/cjs/loader:1761:14)\n' +
    '    at Module._compile (C:\\Users\\suporte2\\Documents\\Programacao\\Nodejs\\nexus\\node_modules\\source-map-support\\source-map-support.js:568:25)\n' +
    '    at Module.m._compile (C:\\Users\\suporte2\\AppData\\Local\\Temp\\ts-node-dev-hook-49800422360067953.js:69:33)\n' +
    '    at node:internal/modules/cjs/loader:1893:10\n' +
    '    at require.extensions..jsx.require.extensions..js (C:\\Users\\suporte2\\AppData\\Local\\Temp\\ts-node-dev-hook-49800422360067953.js:114:20)\n' +
    '    at require.extensions.<computed> (C:\\Users\\suporte2\\AppData\\Local\\Temp\\ts-node-dev-hook-49800422360067953.js:71:20)\n' +
    '    at Object.nodeDevHook [as .ts] (C:\\Users\\suporte2\\Documents\\Programacao\\Nodejs\\nexus\\node_modules\\ts-node-dev\\lib\\hook.js:63:13)\n' +
    '    at Module.load (node:internal/modules/cjs/loader:1481:32)\n' +
    '    at Module._load (node:internal/modules/cjs/loader:1300:12)',
  exception: true,
  date: 'Tue Nov 18 2025 11:49:14 GMT-0300 (Horário Padrão de Brasília)',
  process: {
    pid: 18164,
    uid: null,
    gid: null,
    cwd: 'C:\\Users\\suporte2\\Documents\\Programacao\\Nodejs\\nexus',
    execPath: 'C:\\Users\\suporte2\\Documents\\Programacao\\Nodejs\\nodePortable\\node.exe',
    version: 'v24.11.1',
    argv: [
      'C:\\Users\\suporte2\\Documents\\Programacao\\Nodejs\\nodePortable\\node.exe',
      'src/server.ts'
    ],
    memoryUsage: {
      rss: 94195712,
      heapTotal: 57323520,
      heapUsed: 25870320,
      external: 2918431,
      arrayBuffers: 238806
    }
  },
  os: { loadavg: [ 0, 0, 0 ], uptime: 501245.765 },
  trace: [
    {
      column: 7,
      file: 'C:\\Users\\suporte2\\Documents\\Programacao\\Nodejs\\nexus\\src\\core\\Empresa\\empresa.controller.ts',
      function: null,
      line: 1,
      method: null,
      native: false
    },
    {
      column: 14,
      file: 'node:internal/modules/cjs/loader',
      function: null,
      line: 1761,
      method: null,
      native: false
    },
    {
      column: 25,
      file: 'C:\\Users\\suporte2\\Documents\\Programacao\\Nodejs\\nexus\\node_modules\\source-map-support\\source-map-support.js',
      function: 'Module._compile',
      line: 568,
      method: '_compile',
      native: false
    },
    {
      column: 33,
      file: 'C:\\Users\\suporte2\\AppData\\Local\\Temp\\ts-node-dev-hook-49800422360067953.js',
      function: 'Module.m._compile',
      line: 69,
      method: '_compile',
      native: false
    },
    {
      column: 10,
      file: 'node:internal/modules/cjs/loader',
      function: null,
      line: 1893,
      method: null,
      native: false
    },
    {
      column: 20,
      file: 'C:\\Users\\suporte2\\AppData\\Local\\Temp\\ts-node-dev-hook-49800422360067953.js',
      function: 'require.extensions..jsx.require.extensions..js',
      line: 114,
      method: '.js',
      native: false
    },
    {
      column: 20,
      file: 'C:\\Users\\suporte2\\AppData\\Local\\Temp\\ts-node-dev-hook-49800422360067953.js',
      function: 'require.extensions.<computed>',
      line: 71,
      method: '<computed>',
      native: false
    },
    {
      column: 13,
      file: 'C:\\Users\\suporte2\\Documents\\Programacao\\Nodejs\\nexus\\node_modules\\ts-node-dev\\lib\\hook.js',
      function: 'Object.nodeDevHook [as .ts]',
      line: 63,
      method: 'ts]',
      native: false
    },
    {
      column: 32,
      file: 'node:internal/modules/cjs/loader',
      function: 'Module.load',
      line: 1481,
      method: 'load',
      native: false
    },
    {
      column: 12,
      file: 'node:internal/modules/cjs/loader',
      function: 'Module._load',
      line: 1300,
      method: '_load',
      native: false
    }
  ],
  timestamp: '2025-11-18T14:49:14.094Z'
}
{
  error: Error: ⨯ Unable to compile TypeScript:
  src/core/Empresa/empresa.controller.ts(157,16): error TS1005: ',' expected.
  
      at Object.<anonymous> (C:\Users\suporte2\Documents\Programacao\Nodejs\nexus\src\core\Empresa\empresa.controller.ts:1:7)
      at Module.<anonymous> (node:internal/modules/cjs/loader:1761:14)
      at Module._compile (C:\Users\suporte2\Documents\Programacao\Nodejs\nexus\node_modules\source-map-support\source-map-support.js:568:25)
      at Module.m._compile (C:\Users\suporte2\AppData\Local\Temp\ts-node-dev-hook-49800422360067953.js:69:33)
      at node:internal/modules/cjs/loader:1893:10
      at require.extensions..jsx.require.extensions..js (C:\Users\suporte2\AppData\Local\Temp\ts-node-dev-hook-49800422360067953.js:114:20)
      at require.extensions.<computed> (C:\Users\suporte2\AppData\Local\Temp\ts-node-dev-hook-49800422360067953.js:71:20)
      at Object.nodeDevHook [as .ts] (C:\Users\suporte2\Documents\Programacao\Nodejs\nexus\node_modules\ts-node-dev\lib\hook.js:63:13)
      at Module.load (node:internal/modules/cjs/loader:1481:32)
      at Module._load (node:internal/modules/cjs/loader:1300:12),
  level: 'error',
  message: 'uncaughtException: ⨯ Unable to compile TypeScript:\n' +
    "src/core/Empresa/empresa.controller.ts(157,16): error TS1005: ',' expected.\r\n" +
    '\n' +
    'Error: ⨯ Unable to compile TypeScript:\n' +
    "src/core/Empresa/empresa.controller.ts(157,16): error TS1005: ',' expected.\r\n" +
    '\n' +
    '    at Object.<anonymous> (C:\\Users\\suporte2\\Documents\\Programacao\\Nodejs\\nexus\\src\\core\\Empresa\\empresa.controller.ts:1:7)\n' +
    '    at Module.<anonymous> (node:internal/modules/cjs/loader:1761:14)\n' +
    '    at Module._compile (C:\\Users\\suporte2\\Documents\\Programacao\\Nodejs\\nexus\\node_modules\\source-map-support\\source-map-support.js:568:25)\n' +
    '    at Module.m._compile (C:\\Users\\suporte2\\AppData\\Local\\Temp\\ts-node-dev-hook-49800422360067953.js:69:33)\n' +
    '    at node:internal/modules/cjs/loader:1893:10\n' +
    '    at require.extensions..jsx.require.extensions..js (C:\\Users\\suporte2\\AppData\\Local\\Temp\\ts-node-dev-hook-49800422360067953.js:114:20)\n' +
    '    at require.extensions.<computed> (C:\\Users\\suporte2\\AppData\\Local\\Temp\\ts-node-dev-hook-49800422360067953.js:71:20)\n' +
    '    at Object.nodeDevHook [as .ts] (C:\\Users\\suporte2\\Documents\\Programacao\\Nodejs\\nexus\\node_modules\\ts-node-dev\\lib\\hook.js:63:13)\n' +
    '    at Module.load (node:internal/modules/cjs/loader:1481:32)\n' +
    '    at Module._load (node:internal/modules/cjs/loader:1300:12)',
  stack: 'Error: ⨯ Unable to compile TypeScript:\n' +
    "src/core/Empresa/empresa.controller.ts(157,16): error TS1005: ',' expected.\r\n" +
    '\n' +
    '    at Object.<anonymous> (C:\\Users\\suporte2\\Documents\\Programacao\\Nodejs\\nexus\\src\\core\\Empresa\\empresa.controller.ts:1:7)\n' +
    '    at Module.<anonymous> (node:internal/modules/cjs/loader:1761:14)\n' +
    '    at Module._compile (C:\\Users\\suporte2\\Documents\\Programacao\\Nodejs\\nexus\\node_modules\\source-map-support\\source-map-support.js:568:25)\n' +
    '    at Module.m._compile (C:\\Users\\suporte2\\AppData\\Local\\Temp\\ts-node-dev-hook-49800422360067953.js:69:33)\n' +
    '    at node:internal/modules/cjs/loader:1893:10\n' +
    '    at require.extensions..jsx.require.extensions..js (C:\\Users\\suporte2\\AppData\\Local\\Temp\\ts-node-dev-hook-49800422360067953.js:114:20)\n' +
    '    at require.extensions.<computed> (C:\\Users\\suporte2\\AppData\\Local\\Temp\\ts-node-dev-hook-49800422360067953.js:71:20)\n' +
    '    at Object.nodeDevHook [as .ts] (C:\\Users\\suporte2\\Documents\\Programacao\\Nodejs\\nexus\\node_modules\\ts-node-dev\\lib\\hook.js:63:13)\n' +
    '    at Module.load (node:internal/modules/cjs/loader:1481:32)\n' +
    '    at Module._load (node:internal/modules/cjs/loader:1300:12)',
  exception: true,
  date: 'Tue Nov 18 2025 11:50:58 GMT-0300 (Horário Padrão de Brasília)',
  process: {
    pid: 11440,
    uid: null,
    gid: null,
    cwd: 'C:\\Users\\suporte2\\Documents\\Programacao\\Nodejs\\nexus',
    execPath: 'C:\\Users\\suporte2\\Documents\\Programacao\\Nodejs\\nodePortable\\node.exe',
    version: 'v24.11.1',
    argv: [
      'C:\\Users\\suporte2\\Documents\\Programacao\\Nodejs\\nodePortable\\node.exe',
      'src/server.ts'
    ],
    memoryUsage: {
      rss: 94044160,
      heapTotal: 57323520,
      heapUsed: 25767512,
      external: 2918431,
      arrayBuffers: 238806
    }
  },
  os: { loadavg: [ 0, 0, 0 ], uptime: 501350.359 },
  trace: [
    {
      column: 7,
      file: 'C:\\Users\\suporte2\\Documents\\Programacao\\Nodejs\\nexus\\src\\core\\Empresa\\empresa.controller.ts',
      function: null,
      line: 1,
      method: null,
      native: false
    },
    {
      column: 14,
      file: 'node:internal/modules/cjs/loader',
      function: null,
      line: 1761,
      method: null,
      native: false
    },
    {
      column: 25,
      file: 'C:\\Users\\suporte2\\Documents\\Programacao\\Nodejs\\nexus\\node_modules\\source-map-support\\source-map-support.js',
      function: 'Module._compile',
      line: 568,
      method: '_compile',
      native: false
    },
    {
      column: 33,
      file: 'C:\\Users\\suporte2\\AppData\\Local\\Temp\\ts-node-dev-hook-49800422360067953.js',
      function: 'Module.m._compile',
      line: 69,
      method: '_compile',
      native: false
    },
    {
      column: 10,
      file: 'node:internal/modules/cjs/loader',
      function: null,
      line: 1893,
      method: null,
      native: false
    },
    {
      column: 20,
      file: 'C:\\Users\\suporte2\\AppData\\Local\\Temp\\ts-node-dev-hook-49800422360067953.js',
      function: 'require.extensions..jsx.require.extensions..js',
      line: 114,
      method: '.js',
      native: false
    },
    {
      column: 20,
      file: 'C:\\Users\\suporte2\\AppData\\Local\\Temp\\ts-node-dev-hook-49800422360067953.js',
      function: 'require.extensions.<computed>',
      line: 71,
      method: '<computed>',
      native: false
    },
    {
      column: 13,
      file: 'C:\\Users\\suporte2\\Documents\\Programacao\\Nodejs\\nexus\\node_modules\\ts-node-dev\\lib\\hook.js',
      function: 'Object.nodeDevHook [as .ts]',
      line: 63,
      method: 'ts]',
      native: false
    },
    {
      column: 32,
      file: 'node:internal/modules/cjs/loader',
      function: 'Module.load',
      line: 1481,
      method: 'load',
      native: false
    },
    {
      column: 12,
      file: 'node:internal/modules/cjs/loader',
      function: 'Module._load',
      line: 1300,
      method: '_load',
      native: false
    }
  ],
  timestamp: '2025-11-18T14:50:58.691Z'
}
{
  error: Error: ⨯ Unable to compile TypeScript:
  src/core/users/users.service.ts(17,71): error TS1005: ';' expected.
  
      at Object.<anonymous> (C:\Users\suporte2\Documents\Programacao\Nodejs\nexus\src\core\users\users.service.ts:1:7)
      at Module.<anonymous> (node:internal/modules/cjs/loader:1761:14)
      at Module._compile (C:\Users\suporte2\Documents\Programacao\Nodejs\nexus\node_modules\source-map-support\source-map-support.js:568:25)
      at Module.m._compile (C:\Users\suporte2\AppData\Local\Temp\ts-node-dev-hook-8946666460081859.js:69:33)
      at node:internal/modules/cjs/loader:1893:10
      at require.extensions..jsx.require.extensions..js (C:\Users\suporte2\AppData\Local\Temp\ts-node-dev-hook-8946666460081859.js:114:20)
      at require.extensions.<computed> (C:\Users\suporte2\AppData\Local\Temp\ts-node-dev-hook-8946666460081859.js:71:20)
      at Object.nodeDevHook [as .ts] (C:\Users\suporte2\Documents\Programacao\Nodejs\nexus\node_modules\ts-node-dev\lib\hook.js:63:13)
      at Module.load (node:internal/modules/cjs/loader:1481:32)
      at Module._load (node:internal/modules/cjs/loader:1300:12),
  level: 'error',
  message: 'uncaughtException: ⨯ Unable to compile TypeScript:\n' +
    "src/core/users/users.service.ts(17,71): error TS1005: ';' expected.\r\n" +
    '\n' +
    'Error: ⨯ Unable to compile TypeScript:\n' +
    "src/core/users/users.service.ts(17,71): error TS1005: ';' expected.\r\n" +
    '\n' +
    '    at Object.<anonymous> (C:\\Users\\suporte2\\Documents\\Programacao\\Nodejs\\nexus\\src\\core\\users\\users.service.ts:1:7)\n' +
    '    at Module.<anonymous> (node:internal/modules/cjs/loader:1761:14)\n' +
    '    at Module._compile (C:\\Users\\suporte2\\Documents\\Programacao\\Nodejs\\nexus\\node_modules\\source-map-support\\source-map-support.js:568:25)\n' +
    '    at Module.m._compile (C:\\Users\\suporte2\\AppData\\Local\\Temp\\ts-node-dev-hook-8946666460081859.js:69:33)\n' +
    '    at node:internal/modules/cjs/loader:1893:10\n' +
    '    at require.extensions..jsx.require.extensions..js (C:\\Users\\suporte2\\AppData\\Local\\Temp\\ts-node-dev-hook-8946666460081859.js:114:20)\n' +
    '    at require.extensions.<computed> (C:\\Users\\suporte2\\AppData\\Local\\Temp\\ts-node-dev-hook-8946666460081859.js:71:20)\n' +
    '    at Object.nodeDevHook [as .ts] (C:\\Users\\suporte2\\Documents\\Programacao\\Nodejs\\nexus\\node_modules\\ts-node-dev\\lib\\hook.js:63:13)\n' +
    '    at Module.load (node:internal/modules/cjs/loader:1481:32)\n' +
    '    at Module._load (node:internal/modules/cjs/loader:1300:12)',
  stack: 'Error: ⨯ Unable to compile TypeScript:\n' +
    "src/core/users/users.service.ts(17,71): error TS1005: ';' expected.\r\n" +
    '\n' +
    '    at Object.<anonymous> (C:\\Users\\suporte2\\Documents\\Programacao\\Nodejs\\nexus\\src\\core\\users\\users.service.ts:1:7)\n' +
    '    at Module.<anonymous> (node:internal/modules/cjs/loader:1761:14)\n' +
    '    at Module._compile (C:\\Users\\suporte2\\Documents\\Programacao\\Nodejs\\nexus\\node_modules\\source-map-support\\source-map-support.js:568:25)\n' +
    '    at Module.m._compile (C:\\Users\\suporte2\\AppData\\Local\\Temp\\ts-node-dev-hook-8946666460081859.js:69:33)\n' +
    '    at node:internal/modules/cjs/loader:1893:10\n' +
    '    at require.extensions..jsx.require.extensions..js (C:\\Users\\suporte2\\AppData\\Local\\Temp\\ts-node-dev-hook-8946666460081859.js:114:20)\n' +
    '    at require.extensions.<computed> (C:\\Users\\suporte2\\AppData\\Local\\Temp\\ts-node-dev-hook-8946666460081859.js:71:20)\n' +
    '    at Object.nodeDevHook [as .ts] (C:\\Users\\suporte2\\Documents\\Programacao\\Nodejs\\nexus\\node_modules\\ts-node-dev\\lib\\hook.js:63:13)\n' +
    '    at Module.load (node:internal/modules/cjs/loader:1481:32)\n' +
    '    at Module._load (node:internal/modules/cjs/loader:1300:12)',
  exception: true,
  date: 'Tue Nov 18 2025 16:08:43 GMT-0300 (Horário Padrão de Brasília)',
  process: {
    pid: 21964,
    uid: null,
    gid: null,
    cwd: 'C:\\Users\\suporte2\\Documents\\Programacao\\Nodejs\\nexus',
    execPath: 'C:\\Users\\suporte2\\Documents\\Programacao\\Nodejs\\nodePortable\\node.exe',
    version: 'v24.11.1',
    argv: [
      'C:\\Users\\suporte2\\Documents\\Programacao\\Nodejs\\nodePortable\\node.exe',
      'src/server.ts'
    ],
    memoryUsage: {
      rss: 93265920,
      heapTotal: 56537088,
      heapUsed: 26066312,
      external: 2918431,
      arrayBuffers: 240059
    }
  },
  os: { loadavg: [ 0, 0, 0 ], uptime: 516815.515 },
  trace: [
    {
      column: 7,
      file: 'C:\\Users\\suporte2\\Documents\\Programacao\\Nodejs\\nexus\\src\\core\\users\\users.service.ts',
      function: null,
      line: 1,
      method: null,
      native: false
    },
    {
      column: 14,
      file: 'node:internal/modules/cjs/loader',
      function: null,
      line: 1761,
      method: null,
      native: false
    },
    {
      column: 25,
      file: 'C:\\Users\\suporte2\\Documents\\Programacao\\Nodejs\\nexus\\node_modules\\source-map-support\\source-map-support.js',
      function: 'Module._compile',
      line: 568,
      method: '_compile',
      native: false
    },
    {
      column: 33,
      file: 'C:\\Users\\suporte2\\AppData\\Local\\Temp\\ts-node-dev-hook-8946666460081859.js',
      function: 'Module.m._compile',
      line: 69,
      method: '_compile',
      native: false
    },
    {
      column: 10,
      file: 'node:internal/modules/cjs/loader',
      function: null,
      line: 1893,
      method: null,
      native: false
    },
    {
      column: 20,
      file: 'C:\\Users\\suporte2\\AppData\\Local\\Temp\\ts-node-dev-hook-8946666460081859.js',
      function: 'require.extensions..jsx.require.extensions..js',
      line: 114,
      method: '.js',
      native: false
    },
    {
      column: 20,
      file: 'C:\\Users\\suporte2\\AppData\\Local\\Temp\\ts-node-dev-hook-8946666460081859.js',
      function: 'require.extensions.<computed>',
      line: 71,
      method: '<computed>',
      native: false
    },
    {
      column: 13,
      file: 'C:\\Users\\suporte2\\Documents\\Programacao\\Nodejs\\nexus\\node_modules\\ts-node-dev\\lib\\hook.js',
      function: 'Object.nodeDevHook [as .ts]',
      line: 63,
      method: 'ts]',
      native: false
    },
    {
      column: 32,
      file: 'node:internal/modules/cjs/loader',
      function: 'Module.load',
      line: 1481,
      method: 'load',
      native: false
    },
    {
      column: 12,
      file: 'node:internal/modules/cjs/loader',
      function: 'Module._load',
      line: 1300,
      method: '_load',
      native: false
    }
  ],
  timestamp: '2025-11-18T19:08:43.964Z'
}
{
  error: C:\Users\suporte2\Documents\Programacao\Nodejs\nexus\src\core\users\users.service.ts:21
          const options = {
                ^
  
  SyntaxError: Identifier 'options' has already been declared
      at wrapSafe (node:internal/modules/cjs/loader:1692:18)
      at Module.<anonymous> (node:internal/modules/cjs/loader:1735:20)
      at Module._compile (C:\Users\suporte2\Documents\Programacao\Nodejs\nexus\node_modules\source-map-support\source-map-support.js:568:25)
      at Module.m._compile (C:\Users\suporte2\AppData\Local\Temp\ts-node-dev-hook-8946666460081859.js:69:33)
      at node:internal/modules/cjs/loader:1893:10
      at require.extensions..jsx.require.extensions..js (C:\Users\suporte2\AppData\Local\Temp\ts-node-dev-hook-8946666460081859.js:114:20)
      at require.extensions.<computed> (C:\Users\suporte2\AppData\Local\Temp\ts-node-dev-hook-8946666460081859.js:71:20)
      at Object.nodeDevHook [as .ts] (C:\Users\suporte2\Documents\Programacao\Nodejs\nexus\node_modules\ts-node-dev\lib\hook.js:63:13)
      at Module.load (node:internal/modules/cjs/loader:1481:32)
      at Module._load (node:internal/modules/cjs/loader:1300:12),
  level: 'error',
  message: "uncaughtException: Identifier 'options' has already been declared\n" +
    'C:\\Users\\suporte2\\Documents\\Programacao\\Nodejs\\nexus\\src\\core\\users\\users.service.ts:21\n' +
    '        const options = {\n' +
    '              ^\n' +
    '\n' +
    "SyntaxError: Identifier 'options' has already been declared\n" +
    '    at wrapSafe (node:internal/modules/cjs/loader:1692:18)\n' +
    '    at Module.<anonymous> (node:internal/modules/cjs/loader:1735:20)\n' +
    '    at Module._compile (C:\\Users\\suporte2\\Documents\\Programacao\\Nodejs\\nexus\\node_modules\\source-map-support\\source-map-support.js:568:25)\n' +
    '    at Module.m._compile (C:\\Users\\suporte2\\AppData\\Local\\Temp\\ts-node-dev-hook-8946666460081859.js:69:33)\n' +
    '    at node:internal/modules/cjs/loader:1893:10\n' +
    '    at require.extensions..jsx.require.extensions..js (C:\\Users\\suporte2\\AppData\\Local\\Temp\\ts-node-dev-hook-8946666460081859.js:114:20)\n' +
    '    at require.extensions.<computed> (C:\\Users\\suporte2\\AppData\\Local\\Temp\\ts-node-dev-hook-8946666460081859.js:71:20)\n' +
    '    at Object.nodeDevHook [as .ts] (C:\\Users\\suporte2\\Documents\\Programacao\\Nodejs\\nexus\\node_modules\\ts-node-dev\\lib\\hook.js:63:13)\n' +
    '    at Module.load (node:internal/modules/cjs/loader:1481:32)\n' +
    '    at Module._load (node:internal/modules/cjs/loader:1300:12)',
  stack: 'C:\\Users\\suporte2\\Documents\\Programacao\\Nodejs\\nexus\\src\\core\\users\\users.service.ts:21\n' +
    '        const options = {\n' +
    '              ^\n' +
    '\n' +
    "SyntaxError: Identifier 'options' has already been declared\n" +
    '    at wrapSafe (node:internal/modules/cjs/loader:1692:18)\n' +
    '    at Module.<anonymous> (node:internal/modules/cjs/loader:1735:20)\n' +
    '    at Module._compile (C:\\Users\\suporte2\\Documents\\Programacao\\Nodejs\\nexus\\node_modules\\source-map-support\\source-map-support.js:568:25)\n' +
    '    at Module.m._compile (C:\\Users\\suporte2\\AppData\\Local\\Temp\\ts-node-dev-hook-8946666460081859.js:69:33)\n' +
    '    at node:internal/modules/cjs/loader:1893:10\n' +
    '    at require.extensions..jsx.require.extensions..js (C:\\Users\\suporte2\\AppData\\Local\\Temp\\ts-node-dev-hook-8946666460081859.js:114:20)\n' +
    '    at require.extensions.<computed> (C:\\Users\\suporte2\\AppData\\Local\\Temp\\ts-node-dev-hook-8946666460081859.js:71:20)\n' +
    '    at Object.nodeDevHook [as .ts] (C:\\Users\\suporte2\\Documents\\Programacao\\Nodejs\\nexus\\node_modules\\ts-node-dev\\lib\\hook.js:63:13)\n' +
    '    at Module.load (node:internal/modules/cjs/loader:1481:32)\n' +
    '    at Module._load (node:internal/modules/cjs/loader:1300:12)',
  exception: true,
  date: 'Tue Nov 18 2025 16:08:48 GMT-0300 (Horário Padrão de Brasília)',
  process: {
    pid: 1088,
    uid: null,
    gid: null,
    cwd: 'C:\\Users\\suporte2\\Documents\\Programacao\\Nodejs\\nexus',
    execPath: 'C:\\Users\\suporte2\\Documents\\Programacao\\Nodejs\\nodePortable\\node.exe',
    version: 'v24.11.1',
    argv: [
      'C:\\Users\\suporte2\\Documents\\Programacao\\Nodejs\\nodePortable\\node.exe',
      'src/server.ts'
    ],
    memoryUsage: {
      rss: 91369472,
      heapTotal: 55169024,
      heapUsed: 35970520,
      external: 2918431,
      arrayBuffers: 254404
    }
  },
  os: { loadavg: [ 0, 0, 0 ], uptime: 516819.625 },
  trace: [
    {
      column: 18,
      file: 'node:internal/modules/cjs/loader',
      function: 'wrapSafe',
      line: 1692,
      method: null,
      native: false
    },
    {
      column: 20,
      file: 'node:internal/modules/cjs/loader',
      function: null,
      line: 1735,
      method: null,
      native: false
    },
    {
      column: 25,
      file: 'C:\\Users\\suporte2\\Documents\\Programacao\\Nodejs\\nexus\\node_modules\\source-map-support\\source-map-support.js',
      function: 'Module._compile',
      line: 568,
      method: '_compile',
      native: false
    },
    {
      column: 33,
      file: 'C:\\Users\\suporte2\\AppData\\Local\\Temp\\ts-node-dev-hook-8946666460081859.js',
      function: 'Module.m._compile',
      line: 69,
      method: '_compile',
      native: false
    },
    {
      column: 10,
      file: 'node:internal/modules/cjs/loader',
      function: null,
      line: 1893,
      method: null,
      native: false
    },
    {
      column: 20,
      file: 'C:\\Users\\suporte2\\AppData\\Local\\Temp\\ts-node-dev-hook-8946666460081859.js',
      function: 'require.extensions..jsx.require.extensions..js',
      line: 114,
      method: '.js',
      native: false
    },
    {
      column: 20,
      file: 'C:\\Users\\suporte2\\AppData\\Local\\Temp\\ts-node-dev-hook-8946666460081859.js',
      function: 'require.extensions.<computed>',
      line: 71,
      method: '<computed>',
      native: false
    },
    {
      column: 13,
      file: 'C:\\Users\\suporte2\\Documents\\Programacao\\Nodejs\\nexus\\node_modules\\ts-node-dev\\lib\\hook.js',
      function: 'Object.nodeDevHook [as .ts]',
      line: 63,
      method: 'ts]',
      native: false
    },
    {
      column: 32,
      file: 'node:internal/modules/cjs/loader',
      function: 'Module.load',
      line: 1481,
      method: 'load',
      native: false
    },
    {
      column: 12,
      file: 'node:internal/modules/cjs/loader',
      function: 'Module._load',
      line: 1300,
      method: '_load',
      native: false
    }
  ],
  timestamp: '2025-11-18T19:08:48.081Z'
}
{
  error: Error: Cannot find module 'nanoid'
  Require stack:
  - /Users/renato/Desktop/Dev/nexus/src/core/Auth/auth.service.ts
  - /Users/renato/Desktop/Dev/nexus/src/api/plugins/di-container.ts
  - /Users/renato/Desktop/Dev/nexus/src/api/index.ts
  - /Users/renato/Desktop/Dev/nexus/src/server.ts
      at Module._resolveFilename (node:internal/modules/cjs/loader:1420:15)
      at defaultResolveImpl (node:internal/modules/cjs/loader:1058:19)
      at resolveForCJSWithHooks (node:internal/modules/cjs/loader:1063:22)
      at Module._load (node:internal/modules/cjs/loader:1226:37)
      at TracingChannel.traceSync (node:diagnostics_channel:322:14)
      at wrapModuleLoad (node:internal/modules/cjs/loader:244:24)
      at Module.require (node:internal/modules/cjs/loader:1503:12)
      at require (node:internal/modules/helpers:152:16)
      at Object.<anonymous> (/Users/renato/Desktop/Dev/nexus/src/core/Auth/auth.service.ts:7:1)
      at Module.<anonymous> (node:internal/modules/cjs/loader:1760:14) {
    code: 'MODULE_NOT_FOUND',
    requireStack: [
      '/Users/renato/Desktop/Dev/nexus/src/core/Auth/auth.service.ts',
      '/Users/renato/Desktop/Dev/nexus/src/api/plugins/di-container.ts',
      '/Users/renato/Desktop/Dev/nexus/src/api/index.ts',
      '/Users/renato/Desktop/Dev/nexus/src/server.ts'
    ]
  },
  level: 'error',
  message: "uncaughtException: Cannot find module 'nanoid'\n" +
    'Require stack:\n' +
    '- /Users/renato/Desktop/Dev/nexus/src/core/Auth/auth.service.ts\n' +
    '- /Users/renato/Desktop/Dev/nexus/src/api/plugins/di-container.ts\n' +
    '- /Users/renato/Desktop/Dev/nexus/src/api/index.ts\n' +
    '- /Users/renato/Desktop/Dev/nexus/src/server.ts\n' +
    "Error: Cannot find module 'nanoid'\n" +
    'Require stack:\n' +
    '- /Users/renato/Desktop/Dev/nexus/src/core/Auth/auth.service.ts\n' +
    '- /Users/renato/Desktop/Dev/nexus/src/api/plugins/di-container.ts\n' +
    '- /Users/renato/Desktop/Dev/nexus/src/api/index.ts\n' +
    '- /Users/renato/Desktop/Dev/nexus/src/server.ts\n' +
    '    at Module._resolveFilename (node:internal/modules/cjs/loader:1420:15)\n' +
    '    at defaultResolveImpl (node:internal/modules/cjs/loader:1058:19)\n' +
    '    at resolveForCJSWithHooks (node:internal/modules/cjs/loader:1063:22)\n' +
    '    at Module._load (node:internal/modules/cjs/loader:1226:37)\n' +
    '    at TracingChannel.traceSync (node:diagnostics_channel:322:14)\n' +
    '    at wrapModuleLoad (node:internal/modules/cjs/loader:244:24)\n' +
    '    at Module.require (node:internal/modules/cjs/loader:1503:12)\n' +
    '    at require (node:internal/modules/helpers:152:16)\n' +
    '    at Object.<anonymous> (/Users/renato/Desktop/Dev/nexus/src/core/Auth/auth.service.ts:7:1)\n' +
    '    at Module.<anonymous> (node:internal/modules/cjs/loader:1760:14)',
  stack: "Error: Cannot find module 'nanoid'\n" +
    'Require stack:\n' +
    '- /Users/renato/Desktop/Dev/nexus/src/core/Auth/auth.service.ts\n' +
    '- /Users/renato/Desktop/Dev/nexus/src/api/plugins/di-container.ts\n' +
    '- /Users/renato/Desktop/Dev/nexus/src/api/index.ts\n' +
    '- /Users/renato/Desktop/Dev/nexus/src/server.ts\n' +
    '    at Module._resolveFilename (node:internal/modules/cjs/loader:1420:15)\n' +
    '    at defaultResolveImpl (node:internal/modules/cjs/loader:1058:19)\n' +
    '    at resolveForCJSWithHooks (node:internal/modules/cjs/loader:1063:22)\n' +
    '    at Module._load (node:internal/modules/cjs/loader:1226:37)\n' +
    '    at TracingChannel.traceSync (node:diagnostics_channel:322:14)\n' +
    '    at wrapModuleLoad (node:internal/modules/cjs/loader:244:24)\n' +
    '    at Module.require (node:internal/modules/cjs/loader:1503:12)\n' +
    '    at require (node:internal/modules/helpers:152:16)\n' +
    '    at Object.<anonymous> (/Users/renato/Desktop/Dev/nexus/src/core/Auth/auth.service.ts:7:1)\n' +
    '    at Module.<anonymous> (node:internal/modules/cjs/loader:1760:14)',
  exception: true,
  date: 'Tue Nov 18 2025 21:28:20 GMT-0300 (Brasilia Standard Time)',
  process: {
    pid: 1290,
    uid: 501,
    gid: 20,
    cwd: '/Users/renato/Desktop/Dev/nexus',
    execPath: '/opt/homebrew/Cellar/node/24.8.0/bin/node',
    version: 'v24.8.0',
    argv: [ '/opt/homebrew/Cellar/node/24.8.0/bin/node', 'src/server.ts' ],
    memoryUsage: {
      rss: 131940352,
      heapTotal: 65683456,
      heapUsed: 42578920,
      external: 4029618,
      arrayBuffers: 326172
    }
  },
  os: {
    loadavg: [ 4.1748046875, 44.0107421875, 31.69384765625 ],
    uptime: 396
  },
  trace: [
    {
      column: 15,
      file: 'node:internal/modules/cjs/loader',
      function: 'Module._resolveFilename',
      line: 1420,
      method: '_resolveFilename',
      native: false
    },
    {
      column: 19,
      file: 'node:internal/modules/cjs/loader',
      function: 'defaultResolveImpl',
      line: 1058,
      method: null,
      native: false
    },
    {
      column: 22,
      file: 'node:internal/modules/cjs/loader',
      function: 'resolveForCJSWithHooks',
      line: 1063,
      method: null,
      native: false
    },
    {
      column: 37,
      file: 'node:internal/modules/cjs/loader',
      function: 'Module._load',
      line: 1226,
      method: '_load',
      native: false
    },
    {
      column: 14,
      file: 'node:diagnostics_channel',
      function: 'TracingChannel.traceSync',
      line: 322,
      method: 'traceSync',
      native: false
    },
    {
      column: 24,
      file: 'node:internal/modules/cjs/loader',
      function: 'wrapModuleLoad',
      line: 244,
      method: null,
      native: false
    },
    {
      column: 12,
      file: 'node:internal/modules/cjs/loader',
      function: 'Module.require',
      line: 1503,
      method: 'require',
      native: false
    },
    {
      column: 16,
      file: 'node:internal/modules/helpers',
      function: 'require',
      line: 152,
      method: null,
      native: false
    },
    {
      column: 1,
      file: '/Users/renato/Desktop/Dev/nexus/src/core/Auth/auth.service.ts',
      function: null,
      line: 7,
      method: null,
      native: false
    },
    {
      column: 14,
      file: 'node:internal/modules/cjs/loader',
      function: null,
      line: 1760,
      method: null,
      native: false
    }
  ],
  timestamp: '2025-11-19T00:28:20.203Z'
}
{
  message: 'Falha na verificação do token em todas as chaves.',
  level: 'error',
  timestamp: '2025-11-19T09:48:33.678Z'
}
{
  error: Error: ⨯ Unable to compile TypeScript:
  src/core/Empresa/empresa.controller.ts(159,15): error TS1005: ',' expected.
  
      at Object.<anonymous> (C:\Users\suporte2\Documents\Programacao\Nodejs\nexus\src\core\Empresa\empresa.controller.ts:1:7)
      at Module.<anonymous> (node:internal/modules/cjs/loader:1761:14)
      at Module._compile (C:\Users\suporte2\Documents\Programacao\Nodejs\nexus\node_modules\source-map-support\source-map-support.js:568:25)
      at Module.m._compile (C:\Users\suporte2\AppData\Local\Temp\ts-node-dev-hook-2471839653813892.js:69:33)
      at node:internal/modules/cjs/loader:1893:10
      at require.extensions..jsx.require.extensions..js (C:\Users\suporte2\AppData\Local\Temp\ts-node-dev-hook-2471839653813892.js:114:20)
      at require.extensions.<computed> (C:\Users\suporte2\AppData\Local\Temp\ts-node-dev-hook-2471839653813892.js:71:20)
      at Object.nodeDevHook [as .ts] (C:\Users\suporte2\Documents\Programacao\Nodejs\nexus\node_modules\ts-node-dev\lib\hook.js:63:13)
      at Module.load (node:internal/modules/cjs/loader:1481:32)
      at Module._load (node:internal/modules/cjs/loader:1300:12),
  level: 'error',
  message: 'uncaughtException: ⨯ Unable to compile TypeScript:\n' +
    "src/core/Empresa/empresa.controller.ts(159,15): error TS1005: ',' expected.\r\n" +
    '\n' +
    'Error: ⨯ Unable to compile TypeScript:\n' +
    "src/core/Empresa/empresa.controller.ts(159,15): error TS1005: ',' expected.\r\n" +
    '\n' +
    '    at Object.<anonymous> (C:\\Users\\suporte2\\Documents\\Programacao\\Nodejs\\nexus\\src\\core\\Empresa\\empresa.controller.ts:1:7)\n' +
    '    at Module.<anonymous> (node:internal/modules/cjs/loader:1761:14)\n' +
    '    at Module._compile (C:\\Users\\suporte2\\Documents\\Programacao\\Nodejs\\nexus\\node_modules\\source-map-support\\source-map-support.js:568:25)\n' +
    '    at Module.m._compile (C:\\Users\\suporte2\\AppData\\Local\\Temp\\ts-node-dev-hook-2471839653813892.js:69:33)\n' +
    '    at node:internal/modules/cjs/loader:1893:10\n' +
    '    at require.extensions..jsx.require.extensions..js (C:\\Users\\suporte2\\AppData\\Local\\Temp\\ts-node-dev-hook-2471839653813892.js:114:20)\n' +
    '    at require.extensions.<computed> (C:\\Users\\suporte2\\AppData\\Local\\Temp\\ts-node-dev-hook-2471839653813892.js:71:20)\n' +
    '    at Object.nodeDevHook [as .ts] (C:\\Users\\suporte2\\Documents\\Programacao\\Nodejs\\nexus\\node_modules\\ts-node-dev\\lib\\hook.js:63:13)\n' +
    '    at Module.load (node:internal/modules/cjs/loader:1481:32)\n' +
    '    at Module._load (node:internal/modules/cjs/loader:1300:12)',
  stack: 'Error: ⨯ Unable to compile TypeScript:\n' +
    "src/core/Empresa/empresa.controller.ts(159,15): error TS1005: ',' expected.\r\n" +
    '\n' +
    '    at Object.<anonymous> (C:\\Users\\suporte2\\Documents\\Programacao\\Nodejs\\nexus\\src\\core\\Empresa\\empresa.controller.ts:1:7)\n' +
    '    at Module.<anonymous> (node:internal/modules/cjs/loader:1761:14)\n' +
    '    at Module._compile (C:\\Users\\suporte2\\Documents\\Programacao\\Nodejs\\nexus\\node_modules\\source-map-support\\source-map-support.js:568:25)\n' +
    '    at Module.m._compile (C:\\Users\\suporte2\\AppData\\Local\\Temp\\ts-node-dev-hook-2471839653813892.js:69:33)\n' +
    '    at node:internal/modules/cjs/loader:1893:10\n' +
    '    at require.extensions..jsx.require.extensions..js (C:\\Users\\suporte2\\AppData\\Local\\Temp\\ts-node-dev-hook-2471839653813892.js:114:20)\n' +
    '    at require.extensions.<computed> (C:\\Users\\suporte2\\AppData\\Local\\Temp\\ts-node-dev-hook-2471839653813892.js:71:20)\n' +
    '    at Object.nodeDevHook [as .ts] (C:\\Users\\suporte2\\Documents\\Programacao\\Nodejs\\nexus\\node_modules\\ts-node-dev\\lib\\hook.js:63:13)\n' +
    '    at Module.load (node:internal/modules/cjs/loader:1481:32)\n' +
    '    at Module._load (node:internal/modules/cjs/loader:1300:12)',
  exception: true,
  date: 'Wed Nov 19 2025 07:06:48 GMT-0300 (Horário Padrão de Brasília)',
  process: {
    pid: 14964,
    uid: null,
    gid: null,
    cwd: 'C:\\Users\\suporte2\\Documents\\Programacao\\Nodejs\\nexus',
    execPath: 'C:\\Users\\suporte2\\Documents\\Programacao\\Nodejs\\nodePortable\\node.exe',
    version: 'v24.11.1',
    argv: [
      'C:\\Users\\suporte2\\Documents\\Programacao\\Nodejs\\nodePortable\\node.exe',
      'src/server.ts'
    ],
    memoryUsage: {
      rss: 94040064,
      heapTotal: 56799232,
      heapUsed: 25538040,
      external: 2918431,
      arrayBuffers: 238806
    }
  },
  os: { loadavg: [ 0, 0, 0 ], uptime: 570700.812 },
  trace: [
    {
      column: 7,
      file: 'C:\\Users\\suporte2\\Documents\\Programacao\\Nodejs\\nexus\\src\\core\\Empresa\\empresa.controller.ts',
      function: null,
      line: 1,
      method: null,
      native: false
    },
    {
      column: 14,
      file: 'node:internal/modules/cjs/loader',
      function: null,
      line: 1761,
      method: null,
      native: false
    },
    {
      column: 25,
      file: 'C:\\Users\\suporte2\\Documents\\Programacao\\Nodejs\\nexus\\node_modules\\source-map-support\\source-map-support.js',
      function: 'Module._compile',
      line: 568,
      method: '_compile',
      native: false
    },
    {
      column: 33,
      file: 'C:\\Users\\suporte2\\AppData\\Local\\Temp\\ts-node-dev-hook-2471839653813892.js',
      function: 'Module.m._compile',
      line: 69,
      method: '_compile',
      native: false
    },
    {
      column: 10,
      file: 'node:internal/modules/cjs/loader',
      function: null,
      line: 1893,
      method: null,
      native: false
    },
    {
      column: 20,
      file: 'C:\\Users\\suporte2\\AppData\\Local\\Temp\\ts-node-dev-hook-2471839653813892.js',
      function: 'require.extensions..jsx.require.extensions..js',
      line: 114,
      method: '.js',
      native: false
    },
    {
      column: 20,
      file: 'C:\\Users\\suporte2\\AppData\\Local\\Temp\\ts-node-dev-hook-2471839653813892.js',
      function: 'require.extensions.<computed>',
      line: 71,
      method: '<computed>',
      native: false
    },
    {
      column: 13,
      file: 'C:\\Users\\suporte2\\Documents\\Programacao\\Nodejs\\nexus\\node_modules\\ts-node-dev\\lib\\hook.js',
      function: 'Object.nodeDevHook [as .ts]',
      line: 63,
      method: 'ts]',
      native: false
    },
    {
      column: 32,
      file: 'node:internal/modules/cjs/loader',
      function: 'Module.load',
      line: 1481,
      method: 'load',
      native: false
    },
    {
      column: 12,
      file: 'node:internal/modules/cjs/loader',
      function: 'Module._load',
      line: 1300,
      method: '_load',
      native: false
    }
  ],
  timestamp: '2025-11-19T10:06:48.110Z'
}
{
  error: Error: ⨯ Unable to compile TypeScript:
  src/core/users/users.repository.ts(150,7): error TS1135: Argument expression expected.
  src/core/users/users.repository.ts(150,8): error TS1128: Declaration or statement expected.
  src/core/users/users.repository.ts(167,3): error TS1434: Unexpected keyword or identifier.
  src/core/users/users.repository.ts(167,27): error TS1005: ',' expected.
  src/core/users/users.repository.ts(167,52): error TS1005: ';' expected.
  src/core/users/users.repository.ts(178,3): error TS1434: Unexpected keyword or identifier.
  src/core/users/users.repository.ts(178,28): error TS1005: ',' expected.
  src/core/users/users.repository.ts(178,46): error TS1005: ',' expected.
  src/core/users/users.repository.ts(178,60): error TS1005: ',' expected.
  src/core/users/users.repository.ts(178,67): error TS1005: ';' expected.
  src/core/users/users.repository.ts(200,3): error TS1434: Unexpected keyword or identifier.
  src/core/users/users.repository.ts(200,26): error TS1005: ',' expected.
  src/core/users/users.repository.ts(200,36): error TS1005: ';' expected.
  src/core/users/users.repository.ts(203,1): error TS1128: Declaration or statement expected.
  
      at Object.<anonymous> (C:\Users\suporte2\Documents\Programacao\Nodejs\nexus\src\core\users\users.repository.ts:1:7)
      at Module.<anonymous> (node:internal/modules/cjs/loader:1761:14)
      at Module._compile (C:\Users\suporte2\Documents\Programacao\Nodejs\nexus\node_modules\source-map-support\source-map-support.js:568:25)
      at Module.m._compile (C:\Users\suporte2\AppData\Local\Temp\ts-node-dev-hook-043342898963800724.js:69:33)
      at node:internal/modules/cjs/loader:1893:10
      at require.extensions..jsx.require.extensions..js (C:\Users\suporte2\AppData\Local\Temp\ts-node-dev-hook-043342898963800724.js:114:20)
      at require.extensions.<computed> (C:\Users\suporte2\AppData\Local\Temp\ts-node-dev-hook-043342898963800724.js:71:20)
      at Object.nodeDevHook [as .ts] (C:\Users\suporte2\Documents\Programacao\Nodejs\nexus\node_modules\ts-node-dev\lib\hook.js:63:13)
      at Module.load (node:internal/modules/cjs/loader:1481:32)
      at Module._load (node:internal/modules/cjs/loader:1300:12),
  level: 'error',
  message: 'uncaughtException: ⨯ Unable to compile TypeScript:\n' +
    'src/core/users/users.repository.ts(150,7): error TS1135: Argument expression expected.\r\n' +
    'src/core/users/users.repository.ts(150,8): error TS1128: Declaration or statement expected.\r\n' +
    'src/core/users/users.repository.ts(167,3): error TS1434: Unexpected keyword or identifier.\r\n' +
    "src/core/users/users.repository.ts(167,27): error TS1005: ',' expected.\r\n" +
    "src/core/users/users.repository.ts(167,52): error TS1005: ';' expected.\r\n" +
    'src/core/users/users.repository.ts(178,3): error TS1434: Unexpected keyword or identifier.\r\n' +
    "src/core/users/users.repository.ts(178,28): error TS1005: ',' expected.\r\n" +
    "src/core/users/users.repository.ts(178,46): error TS1005: ',' expected.\r\n" +
    "src/core/users/users.repository.ts(178,60): error TS1005: ',' expected.\r\n" +
    "src/core/users/users.repository.ts(178,67): error TS1005: ';' expected.\r\n" +
    'src/core/users/users.repository.ts(200,3): error TS1434: Unexpected keyword or identifier.\r\n' +
    "src/core/users/users.repository.ts(200,26): error TS1005: ',' expected.\r\n" +
    "src/core/users/users.repository.ts(200,36): error TS1005: ';' expected.\r\n" +
    'src/core/users/users.repository.ts(203,1): error TS1128: Declaration or statement expected.\r\n' +
    '\n' +
    'Error: ⨯ Unable to compile TypeScript:\n' +
    'src/core/users/users.repository.ts(150,7): error TS1135: Argument expression expected.\r\n' +
    'src/core/users/users.repository.ts(150,8): error TS1128: Declaration or statement expected.\r\n' +
    'src/core/users/users.repository.ts(167,3): error TS1434: Unexpected keyword or identifier.\r\n' +
    "src/core/users/users.repository.ts(167,27): error TS1005: ',' expected.\r\n" +
    "src/core/users/users.repository.ts(167,52): error TS1005: ';' expected.\r\n" +
    'src/core/users/users.repository.ts(178,3): error TS1434: Unexpected keyword or identifier.\r\n' +
    "src/core/users/users.repository.ts(178,28): error TS1005: ',' expected.\r\n" +
    "src/core/users/users.repository.ts(178,46): error TS1005: ',' expected.\r\n" +
    "src/core/users/users.repository.ts(178,60): error TS1005: ',' expected.\r\n" +
    "src/core/users/users.repository.ts(178,67): error TS1005: ';' expected.\r\n" +
    'src/core/users/users.repository.ts(200,3): error TS1434: Unexpected keyword or identifier.\r\n' +
    "src/core/users/users.repository.ts(200,26): error TS1005: ',' expected.\r\n" +
    "src/core/users/users.repository.ts(200,36): error TS1005: ';' expected.\r\n" +
    'src/core/users/users.repository.ts(203,1): error TS1128: Declaration or statement expected.\r\n' +
    '\n' +
    '    at Object.<anonymous> (C:\\Users\\suporte2\\Documents\\Programacao\\Nodejs\\nexus\\src\\core\\users\\users.repository.ts:1:7)\n' +
    '    at Module.<anonymous> (node:internal/modules/cjs/loader:1761:14)\n' +
    '    at Module._compile (C:\\Users\\suporte2\\Documents\\Programacao\\Nodejs\\nexus\\node_modules\\source-map-support\\source-map-support.js:568:25)\n' +
    '    at Module.m._compile (C:\\Users\\suporte2\\AppData\\Local\\Temp\\ts-node-dev-hook-043342898963800724.js:69:33)\n' +
    '    at node:internal/modules/cjs/loader:1893:10\n' +
    '    at require.extensions..jsx.require.extensions..js (C:\\Users\\suporte2\\AppData\\Local\\Temp\\ts-node-dev-hook-043342898963800724.js:114:20)\n' +
    '    at require.extensions.<computed> (C:\\Users\\suporte2\\AppData\\Local\\Temp\\ts-node-dev-hook-043342898963800724.js:71:20)\n' +
    '    at Object.nodeDevHook [as .ts] (C:\\Users\\suporte2\\Documents\\Programacao\\Nodejs\\nexus\\node_modules\\ts-node-dev\\lib\\hook.js:63:13)\n' +
    '    at Module.load (node:internal/modules/cjs/loader:1481:32)\n' +
    '    at Module._load (node:internal/modules/cjs/loader:1300:12)',
  stack: 'Error: ⨯ Unable to compile TypeScript:\n' +
    'src/core/users/users.repository.ts(150,7): error TS1135: Argument expression expected.\r\n' +
    'src/core/users/users.repository.ts(150,8): error TS1128: Declaration or statement expected.\r\n' +
    'src/core/users/users.repository.ts(167,3): error TS1434: Unexpected keyword or identifier.\r\n' +
    "src/core/users/users.repository.ts(167,27): error TS1005: ',' expected.\r\n" +
    "src/core/users/users.repository.ts(167,52): error TS1005: ';' expected.\r\n" +
    'src/core/users/users.repository.ts(178,3): error TS1434: Unexpected keyword or identifier.\r\n' +
    "src/core/users/users.repository.ts(178,28): error TS1005: ',' expected.\r\n" +
    "src/core/users/users.repository.ts(178,46): error TS1005: ',' expected.\r\n" +
    "src/core/users/users.repository.ts(178,60): error TS1005: ',' expected.\r\n" +
    "src/core/users/users.repository.ts(178,67): error TS1005: ';' expected.\r\n" +
    'src/core/users/users.repository.ts(200,3): error TS1434: Unexpected keyword or identifier.\r\n' +
    "src/core/users/users.repository.ts(200,26): error TS1005: ',' expected.\r\n" +
    "src/core/users/users.repository.ts(200,36): error TS1005: ';' expected.\r\n" +
    'src/core/users/users.repository.ts(203,1): error TS1128: Declaration or statement expected.\r\n' +
    '\n' +
    '    at Object.<anonymous> (C:\\Users\\suporte2\\Documents\\Programacao\\Nodejs\\nexus\\src\\core\\users\\users.repository.ts:1:7)\n' +
    '    at Module.<anonymous> (node:internal/modules/cjs/loader:1761:14)\n' +
    '    at Module._compile (C:\\Users\\suporte2\\Documents\\Programacao\\Nodejs\\nexus\\node_modules\\source-map-support\\source-map-support.js:568:25)\n' +
    '    at Module.m._compile (C:\\Users\\suporte2\\AppData\\Local\\Temp\\ts-node-dev-hook-043342898963800724.js:69:33)\n' +
    '    at node:internal/modules/cjs/loader:1893:10\n' +
    '    at require.extensions..jsx.require.extensions..js (C:\\Users\\suporte2\\AppData\\Local\\Temp\\ts-node-dev-hook-043342898963800724.js:114:20)\n' +
    '    at require.extensions.<computed> (C:\\Users\\suporte2\\AppData\\Local\\Temp\\ts-node-dev-hook-043342898963800724.js:71:20)\n' +
    '    at Object.nodeDevHook [as .ts] (C:\\Users\\suporte2\\Documents\\Programacao\\Nodejs\\nexus\\node_modules\\ts-node-dev\\lib\\hook.js:63:13)\n' +
    '    at Module.load (node:internal/modules/cjs/loader:1481:32)\n' +
    '    at Module._load (node:internal/modules/cjs/loader:1300:12)',
  exception: true,
  date: 'Wed Nov 19 2025 13:01:22 GMT-0300 (Horário Padrão de Brasília)',
  process: {
    pid: 9804,
    uid: null,
    gid: null,
    cwd: 'C:\\Users\\suporte2\\Documents\\Programacao\\Nodejs\\nexus',
    execPath: 'C:\\Users\\suporte2\\Documents\\Programacao\\Nodejs\\nodePortable\\node.exe',
    version: 'v24.11.1',
    argv: [
      'C:\\Users\\suporte2\\Documents\\Programacao\\Nodejs\\nodePortable\\node.exe',
      'src/server.ts'
    ],
    memoryUsage: {
      rss: 93396992,
      heapTotal: 57065472,
      heapUsed: 26403728,
      external: 2918431,
      arrayBuffers: 242142
    }
  },
  os: { loadavg: [ 0, 0, 0 ], uptime: 591974.562 },
  trace: [
    {
      column: 7,
      file: 'C:\\Users\\suporte2\\Documents\\Programacao\\Nodejs\\nexus\\src\\core\\users\\users.repository.ts',
      function: null,
      line: 1,
      method: null,
      native: false
    },
    {
      column: 14,
      file: 'node:internal/modules/cjs/loader',
      function: null,
      line: 1761,
      method: null,
      native: false
    },
    {
      column: 25,
      file: 'C:\\Users\\suporte2\\Documents\\Programacao\\Nodejs\\nexus\\node_modules\\source-map-support\\source-map-support.js',
      function: 'Module._compile',
      line: 568,
      method: '_compile',
      native: false
    },
    {
      column: 33,
      file: 'C:\\Users\\suporte2\\AppData\\Local\\Temp\\ts-node-dev-hook-043342898963800724.js',
      function: 'Module.m._compile',
      line: 69,
      method: '_compile',
      native: false
    },
    {
      column: 10,
      file: 'node:internal/modules/cjs/loader',
      function: null,
      line: 1893,
      method: null,
      native: false
    },
    {
      column: 20,
      file: 'C:\\Users\\suporte2\\AppData\\Local\\Temp\\ts-node-dev-hook-043342898963800724.js',
      function: 'require.extensions..jsx.require.extensions..js',
      line: 114,
      method: '.js',
      native: false
    },
    {
      column: 20,
      file: 'C:\\Users\\suporte2\\AppData\\Local\\Temp\\ts-node-dev-hook-043342898963800724.js',
      function: 'require.extensions.<computed>',
      line: 71,
      method: '<computed>',
      native: false
    },
    {
      column: 13,
      file: 'C:\\Users\\suporte2\\Documents\\Programacao\\Nodejs\\nexus\\node_modules\\ts-node-dev\\lib\\hook.js',
      function: 'Object.nodeDevHook [as .ts]',
      line: 63,
      method: 'ts]',
      native: false
    },
    {
      column: 32,
      file: 'node:internal/modules/cjs/loader',
      function: 'Module.load',
      line: 1481,
      method: 'load',
      native: false
    },
    {
      column: 12,
      file: 'node:internal/modules/cjs/loader',
      function: 'Module._load',
      line: 1300,
      method: '_load',
      native: false
    }
  ],
  timestamp: '2025-11-19T16:01:22.049Z'
}
{
  error: Error: ⨯ Unable to compile TypeScript:
  src/core/whatsapp/whatsapp.controller.ts(210,1): error TS1128: Declaration or statement expected.
  
      at Object.<anonymous> (C:\Users\suporte2\Documents\Programacao\Nodejs\nexus\src\core\whatsapp\whatsapp.controller.ts:1:7)
      at Module.<anonymous> (node:internal/modules/cjs/loader:1761:14)
      at Module._compile (C:\Users\suporte2\Documents\Programacao\Nodejs\nexus\node_modules\source-map-support\source-map-support.js:568:25)
      at Module.m._compile (C:\Users\suporte2\AppData\Local\Temp\ts-node-dev-hook-051188869553609684.js:69:33)
      at node:internal/modules/cjs/loader:1893:10
      at require.extensions..jsx.require.extensions..js (C:\Users\suporte2\AppData\Local\Temp\ts-node-dev-hook-051188869553609684.js:114:20)
      at require.extensions.<computed> (C:\Users\suporte2\AppData\Local\Temp\ts-node-dev-hook-051188869553609684.js:71:20)
      at Object.nodeDevHook [as .ts] (C:\Users\suporte2\Documents\Programacao\Nodejs\nexus\node_modules\ts-node-dev\lib\hook.js:63:13)
      at Module.load (node:internal/modules/cjs/loader:1481:32)
      at Module._load (node:internal/modules/cjs/loader:1300:12),
  level: 'error',
  message: 'uncaughtException: ⨯ Unable to compile TypeScript:\n' +
    'src/core/whatsapp/whatsapp.controller.ts(210,1): error TS1128: Declaration or statement expected.\r\n' +
    '\n' +
    'Error: ⨯ Unable to compile TypeScript:\n' +
    'src/core/whatsapp/whatsapp.controller.ts(210,1): error TS1128: Declaration or statement expected.\r\n' +
    '\n' +
    '    at Object.<anonymous> (C:\\Users\\suporte2\\Documents\\Programacao\\Nodejs\\nexus\\src\\core\\whatsapp\\whatsapp.controller.ts:1:7)\n' +
    '    at Module.<anonymous> (node:internal/modules/cjs/loader:1761:14)\n' +
    '    at Module._compile (C:\\Users\\suporte2\\Documents\\Programacao\\Nodejs\\nexus\\node_modules\\source-map-support\\source-map-support.js:568:25)\n' +
    '    at Module.m._compile (C:\\Users\\suporte2\\AppData\\Local\\Temp\\ts-node-dev-hook-051188869553609684.js:69:33)\n' +
    '    at node:internal/modules/cjs/loader:1893:10\n' +
    '    at require.extensions..jsx.require.extensions..js (C:\\Users\\suporte2\\AppData\\Local\\Temp\\ts-node-dev-hook-051188869553609684.js:114:20)\n' +
    '    at require.extensions.<computed> (C:\\Users\\suporte2\\AppData\\Local\\Temp\\ts-node-dev-hook-051188869553609684.js:71:20)\n' +
    '    at Object.nodeDevHook [as .ts] (C:\\Users\\suporte2\\Documents\\Programacao\\Nodejs\\nexus\\node_modules\\ts-node-dev\\lib\\hook.js:63:13)\n' +
    '    at Module.load (node:internal/modules/cjs/loader:1481:32)\n' +
    '    at Module._load (node:internal/modules/cjs/loader:1300:12)',
  stack: 'Error: ⨯ Unable to compile TypeScript:\n' +
    'src/core/whatsapp/whatsapp.controller.ts(210,1): error TS1128: Declaration or statement expected.\r\n' +
    '\n' +
    '    at Object.<anonymous> (C:\\Users\\suporte2\\Documents\\Programacao\\Nodejs\\nexus\\src\\core\\whatsapp\\whatsapp.controller.ts:1:7)\n' +
    '    at Module.<anonymous> (node:internal/modules/cjs/loader:1761:14)\n' +
    '    at Module._compile (C:\\Users\\suporte2\\Documents\\Programacao\\Nodejs\\nexus\\node_modules\\source-map-support\\source-map-support.js:568:25)\n' +
    '    at Module.m._compile (C:\\Users\\suporte2\\AppData\\Local\\Temp\\ts-node-dev-hook-051188869553609684.js:69:33)\n' +
    '    at node:internal/modules/cjs/loader:1893:10\n' +
    '    at require.extensions..jsx.require.extensions..js (C:\\Users\\suporte2\\AppData\\Local\\Temp\\ts-node-dev-hook-051188869553609684.js:114:20)\n' +
    '    at require.extensions.<computed> (C:\\Users\\suporte2\\AppData\\Local\\Temp\\ts-node-dev-hook-051188869553609684.js:71:20)\n' +
    '    at Object.nodeDevHook [as .ts] (C:\\Users\\suporte2\\Documents\\Programacao\\Nodejs\\nexus\\node_modules\\ts-node-dev\\lib\\hook.js:63:13)\n' +
    '    at Module.load (node:internal/modules/cjs/loader:1481:32)\n' +
    '    at Module._load (node:internal/modules/cjs/loader:1300:12)',
  exception: true,
  date: 'Wed Nov 19 2025 14:37:00 GMT-0300 (Horário Padrão de Brasília)',
  process: {
    pid: 1300,
    uid: null,
    gid: null,
    cwd: 'C:\\Users\\suporte2\\Documents\\Programacao\\Nodejs\\nexus',
    execPath: 'C:\\Users\\suporte2\\Documents\\Programacao\\Nodejs\\nodePortable\\node.exe',
    version: 'v24.11.1',
    argv: [
      'C:\\Users\\suporte2\\Documents\\Programacao\\Nodejs\\nodePortable\\node.exe',
      'src/server.ts'
    ],
    memoryUsage: {
      rss: 89665536,
      heapTotal: 54648832,
      heapUsed: 35245352,
      external: 2918431,
      arrayBuffers: 246734
    }
  },
  os: { loadavg: [ 0, 0, 0 ], uptime: 597713.093 },
  trace: [
    {
      column: 7,
      file: 'C:\\Users\\suporte2\\Documents\\Programacao\\Nodejs\\nexus\\src\\core\\whatsapp\\whatsapp.controller.ts',
      function: null,
      line: 1,
      method: null,
      native: false
    },
    {
      column: 14,
      file: 'node:internal/modules/cjs/loader',
      function: null,
      line: 1761,
      method: null,
      native: false
    },
    {
      column: 25,
      file: 'C:\\Users\\suporte2\\Documents\\Programacao\\Nodejs\\nexus\\node_modules\\source-map-support\\source-map-support.js',
      function: 'Module._compile',
      line: 568,
      method: '_compile',
      native: false
    },
    {
      column: 33,
      file: 'C:\\Users\\suporte2\\AppData\\Local\\Temp\\ts-node-dev-hook-051188869553609684.js',
      function: 'Module.m._compile',
      line: 69,
      method: '_compile',
      native: false
    },
    {
      column: 10,
      file: 'node:internal/modules/cjs/loader',
      function: null,
      line: 1893,
      method: null,
      native: false
    },
    {
      column: 20,
      file: 'C:\\Users\\suporte2\\AppData\\Local\\Temp\\ts-node-dev-hook-051188869553609684.js',
      function: 'require.extensions..jsx.require.extensions..js',
      line: 114,
      method: '.js',
      native: false
    },
    {
      column: 20,
      file: 'C:\\Users\\suporte2\\AppData\\Local\\Temp\\ts-node-dev-hook-051188869553609684.js',
      function: 'require.extensions.<computed>',
      line: 71,
      method: '<computed>',
      native: false
    },
    {
      column: 13,
      file: 'C:\\Users\\suporte2\\Documents\\Programacao\\Nodejs\\nexus\\node_modules\\ts-node-dev\\lib\\hook.js',
      function: 'Object.nodeDevHook [as .ts]',
      line: 63,
      method: 'ts]',
      native: false
    },
    {
      column: 32,
      file: 'node:internal/modules/cjs/loader',
      function: 'Module.load',
      line: 1481,
      method: 'load',
      native: false
    },
    {
      column: 12,
      file: 'node:internal/modules/cjs/loader',
      function: 'Module._load',
      line: 1300,
      method: '_load',
      native: false
    }
  ],
  timestamp: '2025-11-19T17:37:00.611Z'
}
